2023-10-27 11:24:46.244 [info] Added views:workbench.panel.markers.view in workbench.panel.markers
2023-10-27 11:24:46.244 [info] Added views:workbench.panel.output in workbench.panel.output
2023-10-27 11:24:46.244 [info] Added views:terminal in terminal
2023-10-27 11:24:46.244 [info] Added views:outline in workbench.view.explorer
2023-10-27 11:24:46.244 [info] Added views:workbench.scm in workbench.view.scm
2023-10-27 11:24:46.244 [info] Added views:workbench.view.search in workbench.view.search
2023-10-27 11:24:46.244 [info] Added views:timeline in workbench.view.explorer
2023-10-27 11:24:46.244 [info] Added views:workbench.explorer.fileView in workbench.view.explorer
2023-10-27 11:24:46.871 [info] Added views:gitlens.views.home,gitlens.views.workspaces,gitlens.views.account in workbench.view.extension.gitlens
2023-10-27 11:24:46.872 [info] Added views:gitlens.views.commitDetails,gitlens.views.lineHistory,gitlens.views.fileHistory,gitlens.views.searchAndCompare in workbench.view.extension.gitlensInspect
2023-10-27 11:24:46.873 [info] Added views:gitlens.views.commits,gitlens.views.branches,gitlens.views.remotes,gitlens.views.stashes,gitlens.views.tags,gitlens.views.contributors in workbench.view.scm
2023-10-27 11:24:47.084 [info] Added views:workbench.debug.variablesView,workbench.debug.watchExpressionsView,workbench.debug.callStackView,workbench.debug.breakPointsView in workbench.view.debug
2023-10-27 11:24:47.301 [info] Added views:workbench.panel.repl.view in workbench.panel.repl
2023-10-27 11:24:47.353 [info] Added views:~remote.forwardedPorts in ~remote.forwardedPortsContainer
2023-10-27 11:24:48.209 [info] Removed views:gitlens.views.searchAndCompare,gitlens.views.fileHistory,gitlens.views.lineHistory,gitlens.views.commitDetails from workbench.view.extension.gitlensInspect
2023-10-27 11:24:48.211 [info] Removed views:gitlens.views.contributors,gitlens.views.tags,gitlens.views.stashes,gitlens.views.remotes,gitlens.views.branches,gitlens.views.commits from workbench.view.scm
2023-10-27 11:24:48.535 [info] Added views:gitlens.views.commitDetails,gitlens.views.lineHistory,gitlens.views.fileHistory,gitlens.views.searchAndCompare in workbench.view.extension.gitlensInspect
2023-10-27 11:24:48.537 [info] Added views:gitlens.views.commits,gitlens.views.branches,gitlens.views.remotes,gitlens.views.stashes,gitlens.views.tags,gitlens.views.contributors in workbench.view.scm
2023-10-27 11:24:49.056 [info] Added views:gitlens.views.graph,gitlens.views.graphDetails in workbench.view.extension.gitlensPanel
2023-10-27 11:24:49.057 [info] Added views:gitlens.views.timeline in workbench.view.extension.gitlensInspect
2023-10-27 11:24:49.061 [info] Added views:gitlens.views.worktrees in workbench.view.scm
2023-10-27 11:29:55.552 [info] Added views:workbench.views.extensions.installed,workbench.views.extensions.popular,extensions.recommendedList in workbench.view.extensions
2023-10-27 11:29:55.561 [info] Removed views:workbench.views.extensions.popular from workbench.view.extensions
2023-10-27 11:29:57.024 [info] Removed views:extensions.recommendedList,workbench.views.extensions.installed from workbench.view.extensions
2023-10-27 11:29:57.061 [info] Added views:workbench.views.extensions.marketplace in workbench.view.extensions
2023-10-27 15:55:09.673 [info] Added views:workbench.panel.markers.view in workbench.panel.markers
2023-10-27 15:55:09.673 [info] Added views:workbench.panel.output in workbench.panel.output
2023-10-27 15:55:09.673 [info] Added views:terminal in terminal
2023-10-27 15:55:09.673 [info] Added views:outline in workbench.view.explorer
2023-10-27 15:55:09.673 [info] Added views:workbench.scm in workbench.view.scm
2023-10-27 15:55:09.673 [info] Added views:workbench.view.search in workbench.view.search
2023-10-27 15:55:09.673 [info] Added views:timeline in workbench.view.explorer
2023-10-27 15:55:09.674 [info] Added views:workbench.explorer.fileView in workbench.view.explorer
2023-10-27 15:55:09.949 [info] Added views:gitlens.views.home,gitlens.views.workspaces,gitlens.views.account in workbench.view.extension.gitlens
2023-10-27 15:55:09.950 [info] Added views:gitlens.views.commitDetails,gitlens.views.lineHistory,gitlens.views.fileHistory,gitlens.views.searchAndCompare in workbench.view.extension.gitlensInspect
2023-10-27 15:55:09.952 [info] Added views:gitlens.views.commits,gitlens.views.branches,gitlens.views.remotes,gitlens.views.stashes,gitlens.views.tags,gitlens.views.contributors in workbench.view.scm
2023-10-27 15:55:10.240 [info] Added views:workbench.debug.variablesView,workbench.debug.watchExpressionsView,workbench.debug.callStackView,workbench.debug.breakPointsView in workbench.view.debug
2023-10-27 15:55:10.278 [info] Added views:workbench.panel.repl.view in workbench.panel.repl
2023-10-27 15:55:10.281 [info] Removed views:workbench.debug.breakPointsView,workbench.debug.callStackView,workbench.debug.watchExpressionsView,workbench.debug.variablesView from workbench.view.debug
2023-10-27 15:55:10.282 [info] Added views:workbench.debug.welcome in workbench.view.debug
2023-10-27 15:55:10.534 [info] Added views:~remote.forwardedPorts in ~remote.forwardedPortsContainer
2023-10-27 15:55:10.796 [info] Removed views:gitlens.views.searchAndCompare,gitlens.views.fileHistory,gitlens.views.lineHistory,gitlens.views.commitDetails from workbench.view.extension.gitlensInspect
2023-10-27 15:55:10.798 [info] Removed views:gitlens.views.contributors,gitlens.views.tags,gitlens.views.stashes,gitlens.views.remotes,gitlens.views.branches,gitlens.views.commits from workbench.view.scm
2023-10-27 15:55:10.887 [info] Removed views:workbench.debug.welcome from workbench.view.debug
2023-10-27 15:55:10.888 [info] Added views:workbench.debug.variablesView,workbench.debug.watchExpressionsView,workbench.debug.callStackView,workbench.debug.breakPointsView in workbench.view.debug
2023-10-27 15:55:11.159 [info] Added views:gitlens.views.commitDetails,gitlens.views.lineHistory,gitlens.views.fileHistory,gitlens.views.searchAndCompare in workbench.view.extension.gitlensInspect
2023-10-27 15:55:11.161 [info] Added views:gitlens.views.commits,gitlens.views.branches,gitlens.views.remotes,gitlens.views.stashes,gitlens.views.tags,gitlens.views.contributors in workbench.view.scm
2023-10-27 15:55:11.663 [info] Added views:gitlens.views.graph,gitlens.views.graphDetails in workbench.view.extension.gitlensPanel
2023-10-27 15:55:11.665 [info] Added views:gitlens.views.timeline in workbench.view.extension.gitlensInspect
2023-10-27 15:55:11.668 [info] Added views:gitlens.views.worktrees in workbench.view.scm
2023-10-27 16:05:31.957 [info] Added views:workbench.panel.markers.view in workbench.panel.markers
2023-10-27 16:05:31.957 [info] Added views:workbench.panel.output in workbench.panel.output
2023-10-27 16:05:31.958 [info] Added views:terminal in terminal
2023-10-27 16:05:31.958 [info] Added views:outline in workbench.view.explorer
2023-10-27 16:05:31.958 [info] Added views:workbench.scm in workbench.view.scm
2023-10-27 16:05:31.958 [info] Added views:workbench.view.search in workbench.view.search
2023-10-27 16:05:31.958 [info] Added views:timeline in workbench.view.explorer
2023-10-27 16:05:31.958 [info] Added views:workbench.explorer.fileView in workbench.view.explorer
2023-10-27 16:05:32.503 [info] Added views:gitlens.views.home,gitlens.views.workspaces,gitlens.views.account in workbench.view.extension.gitlens
2023-10-27 16:05:32.504 [info] Added views:gitlens.views.commitDetails,gitlens.views.lineHistory,gitlens.views.fileHistory,gitlens.views.searchAndCompare in workbench.view.extension.gitlensInspect
2023-10-27 16:05:32.506 [info] Added views:gitlens.views.commits,gitlens.views.branches,gitlens.views.remotes,gitlens.views.stashes,gitlens.views.tags,gitlens.views.contributors in workbench.view.scm
2023-10-27 16:05:32.979 [info] Added views:workbench.debug.variablesView,workbench.debug.watchExpressionsView,workbench.debug.callStackView,workbench.debug.breakPointsView in workbench.view.debug
2023-10-27 16:05:33.259 [info] Added views:workbench.panel.repl.view in workbench.panel.repl
2023-10-27 16:05:33.502 [info] Added views:~remote.forwardedPorts in ~remote.forwardedPortsContainer
2023-10-27 16:05:33.576 [info] Removed views:gitlens.views.searchAndCompare,gitlens.views.fileHistory,gitlens.views.lineHistory,gitlens.views.commitDetails from workbench.view.extension.gitlensInspect
2023-10-27 16:05:33.577 [info] Removed views:gitlens.views.contributors,gitlens.views.tags,gitlens.views.stashes,gitlens.views.remotes,gitlens.views.branches,gitlens.views.commits from workbench.view.scm
2023-10-27 16:05:33.815 [info] Added views:gitlens.views.commitDetails,gitlens.views.lineHistory,gitlens.views.fileHistory,gitlens.views.searchAndCompare in workbench.view.extension.gitlensInspect
2023-10-27 16:05:33.817 [info] Added views:gitlens.views.commits,gitlens.views.branches,gitlens.views.remotes,gitlens.views.stashes,gitlens.views.tags,gitlens.views.contributors in workbench.view.scm
2023-10-27 16:05:34.324 [info] Added views:gitlens.views.graph,gitlens.views.graphDetails in workbench.view.extension.gitlensPanel
2023-10-27 16:05:34.327 [info] Added views:gitlens.views.timeline in workbench.view.extension.gitlensInspect
2023-10-27 16:05:34.334 [info] Added views:gitlens.views.worktrees in workbench.view.scm
2023-10-27 16:06:30.837 [info] Added views:workbench.panel.markers.view in workbench.panel.markers
2023-10-27 16:06:30.837 [info] Added views:workbench.panel.output in workbench.panel.output
2023-10-27 16:06:30.837 [info] Added views:terminal in terminal
2023-10-27 16:06:30.837 [info] Added views:outline in workbench.view.explorer
2023-10-27 16:06:30.837 [info] Added views:workbench.scm in workbench.view.scm
2023-10-27 16:06:30.837 [info] Added views:workbench.view.search in workbench.view.search
2023-10-27 16:06:30.837 [info] Added views:timeline in workbench.view.explorer
2023-10-27 16:06:30.837 [info] Added views:workbench.explorer.fileView in workbench.view.explorer
2023-10-27 16:06:31.028 [info] Added views:workbench.debug.variablesView,workbench.debug.watchExpressionsView,workbench.debug.callStackView,workbench.debug.breakPointsView in workbench.view.debug
2023-10-27 16:06:31.183 [info] Added views:gitlens.views.home,gitlens.views.workspaces,gitlens.views.account in workbench.view.extension.gitlens
2023-10-27 16:06:31.184 [info] Added views:gitlens.views.commitDetails,gitlens.views.lineHistory,gitlens.views.fileHistory,gitlens.views.searchAndCompare in workbench.view.extension.gitlensInspect
2023-10-27 16:06:31.185 [info] Added views:gitlens.views.commits,gitlens.views.branches,gitlens.views.remotes,gitlens.views.stashes,gitlens.views.tags,gitlens.views.contributors in workbench.view.scm
2023-10-27 16:06:31.579 [info] Added views:workbench.panel.repl.view in workbench.panel.repl
2023-10-27 16:06:32.151 [info] Added views:~remote.forwardedPorts in ~remote.forwardedPortsContainer
2023-10-27 16:06:32.781 [info] Added views:gitlens.views.graph,gitlens.views.graphDetails in workbench.view.extension.gitlensPanel
2023-10-27 16:06:32.785 [info] Added views:gitlens.views.timeline in workbench.view.extension.gitlensInspect
2023-10-27 16:06:32.792 [info] Added views:gitlens.views.worktrees in workbench.view.scm
2023-10-27 17:10:13.979 [info] Added views:workbench.panel.markers.view in workbench.panel.markers
2023-10-27 17:10:13.980 [info] Added views:workbench.panel.output in workbench.panel.output
2023-10-27 17:10:13.980 [info] Added views:terminal in terminal
2023-10-27 17:10:13.980 [info] Added views:outline in workbench.view.explorer
2023-10-27 17:10:13.980 [info] Added views:workbench.scm in workbench.view.scm
2023-10-27 17:10:13.980 [info] Added views:workbench.view.search in workbench.view.search
2023-10-27 17:10:13.980 [info] Added views:timeline in workbench.view.explorer
2023-10-27 17:10:13.980 [info] Added views:workbench.explorer.fileView in workbench.view.explorer
2023-10-27 17:10:14.268 [info] Added views:gitlens.views.home,gitlens.views.workspaces,gitlens.views.account in workbench.view.extension.gitlens
2023-10-27 17:10:14.269 [info] Added views:gitlens.views.commitDetails,gitlens.views.lineHistory,gitlens.views.fileHistory,gitlens.views.searchAndCompare in workbench.view.extension.gitlensInspect
2023-10-27 17:10:14.270 [info] Added views:gitlens.views.commits,gitlens.views.branches,gitlens.views.remotes,gitlens.views.stashes,gitlens.views.tags,gitlens.views.contributors in workbench.view.scm
2023-10-27 17:10:14.460 [info] Added views:workbench.debug.variablesView,workbench.debug.watchExpressionsView,workbench.debug.callStackView,workbench.debug.breakPointsView in workbench.view.debug
2023-10-27 17:10:14.479 [info] Added views:workbench.panel.repl.view in workbench.panel.repl
2023-10-27 17:10:14.480 [info] Removed views:workbench.debug.breakPointsView,workbench.debug.callStackView,workbench.debug.watchExpressionsView,workbench.debug.variablesView from workbench.view.debug
2023-10-27 17:10:14.480 [info] Added views:workbench.debug.welcome in workbench.view.debug
2023-10-27 17:10:14.708 [info] Added views:~remote.forwardedPorts in ~remote.forwardedPortsContainer
2023-10-27 17:10:14.874 [info] Removed views:gitlens.views.searchAndCompare,gitlens.views.fileHistory,gitlens.views.lineHistory,gitlens.views.commitDetails from workbench.view.extension.gitlensInspect
2023-10-27 17:10:14.875 [info] Removed views:gitlens.views.contributors,gitlens.views.tags,gitlens.views.stashes,gitlens.views.remotes,gitlens.views.branches,gitlens.views.commits from workbench.view.scm
2023-10-27 17:10:15.057 [info] Added views:gitlens.views.commitDetails,gitlens.views.lineHistory,gitlens.views.fileHistory,gitlens.views.searchAndCompare in workbench.view.extension.gitlensInspect
2023-10-27 17:10:15.058 [info] Added views:gitlens.views.commits,gitlens.views.branches,gitlens.views.remotes,gitlens.views.stashes,gitlens.views.tags,gitlens.views.contributors in workbench.view.scm
2023-10-27 17:10:15.543 [info] Added views:gitlens.views.graph,gitlens.views.graphDetails in workbench.view.extension.gitlensPanel
2023-10-27 17:10:15.543 [info] Added views:gitlens.views.timeline in workbench.view.extension.gitlensInspect
2023-10-27 17:10:15.545 [info] Added views:gitlens.views.worktrees in workbench.view.scm
