2023-11-12 16:12:57.037 [info] Added views:workbench.panel.markers.view in workbench.panel.markers
2023-11-12 16:12:57.037 [info] Added views:workbench.panel.output in workbench.panel.output
2023-11-12 16:12:57.037 [info] Added views:terminal in terminal
2023-11-12 16:12:57.037 [info] Added views:outline in workbench.view.explorer
2023-11-12 16:12:57.037 [info] Added views:workbench.scm in workbench.view.scm
2023-11-12 16:12:57.037 [info] Added views:workbench.view.search in workbench.view.search
2023-11-12 16:12:57.037 [info] Added views:timeline in workbench.view.explorer
2023-11-12 16:12:57.037 [info] Added views:workbench.explorer.fileView in workbench.view.explorer
2023-11-12 16:12:57.581 [info] Added views:workbench.debug.variablesView,workbench.debug.watchExpressionsView,workbench.debug.callStackView,workbench.debug.breakPointsView in workbench.view.debug
2023-11-12 16:12:57.948 [info] Added views:gitlens.views.home,gitlens.views.workspaces,gitlens.views.account in workbench.view.extension.gitlens
2023-11-12 16:12:57.949 [info] Added views:gitlens.views.commitDetails,gitlens.views.lineHistory,gitlens.views.fileHistory,gitlens.views.searchAndCompare in workbench.view.extension.gitlensInspect
2023-11-12 16:12:57.951 [info] Added views:gitlens.views.commits,gitlens.views.branches,gitlens.views.remotes,gitlens.views.stashes,gitlens.views.tags,gitlens.views.contributors in workbench.view.scm
2023-11-12 16:12:58.914 [info] Added views:workbench.panel.repl.view in workbench.panel.repl
2023-11-12 16:13:00.968 [info] Removed views:gitlens.views.searchAndCompare,gitlens.views.fileHistory,gitlens.views.lineHistory,gitlens.views.commitDetails from workbench.view.extension.gitlensInspect
2023-11-12 16:13:00.969 [info] Removed views:gitlens.views.contributors,gitlens.views.tags,gitlens.views.stashes,gitlens.views.remotes,gitlens.views.branches,gitlens.views.commits from workbench.view.scm
2023-11-12 16:13:01.702 [info] Added views:~remote.forwardedPorts in ~remote.forwardedPortsContainer
2023-11-12 16:13:15.288 [info] Added views:workbench.panel.markers.view in workbench.panel.markers
2023-11-12 16:13:15.288 [info] Added views:workbench.panel.output in workbench.panel.output
2023-11-12 16:13:15.288 [info] Added views:terminal in terminal
2023-11-12 16:13:15.288 [info] Added views:outline in workbench.view.explorer
2023-11-12 16:13:15.288 [info] Added views:workbench.scm in workbench.view.scm
2023-11-12 16:13:15.288 [info] Added views:workbench.view.search in workbench.view.search
2023-11-12 16:13:15.288 [info] Added views:timeline in workbench.view.explorer
2023-11-12 16:13:15.288 [info] Added views:workbench.explorer.fileView in workbench.view.explorer
2023-11-12 16:13:15.694 [info] Added views:gitlens.views.home,gitlens.views.workspaces,gitlens.views.account in workbench.view.extension.gitlens
2023-11-12 16:13:15.695 [info] Added views:gitlens.views.commitDetails,gitlens.views.lineHistory,gitlens.views.fileHistory,gitlens.views.searchAndCompare in workbench.view.extension.gitlensInspect
2023-11-12 16:13:15.696 [info] Added views:gitlens.views.commits,gitlens.views.branches,gitlens.views.remotes,gitlens.views.stashes,gitlens.views.tags,gitlens.views.contributors in workbench.view.scm
2023-11-12 16:13:15.982 [info] Added views:workbench.debug.variablesView,workbench.debug.watchExpressionsView,workbench.debug.callStackView,workbench.debug.breakPointsView in workbench.view.debug
2023-11-12 16:13:16.121 [info] Added views:~remote.forwardedPorts in ~remote.forwardedPortsContainer
2023-11-12 16:13:16.648 [info] Added views:workbench.panel.repl.view in workbench.panel.repl
2023-11-12 16:13:16.658 [info] Removed views:workbench.debug.breakPointsView,workbench.debug.callStackView,workbench.debug.watchExpressionsView,workbench.debug.variablesView from workbench.view.debug
2023-11-12 16:13:16.659 [info] Added views:workbench.debug.welcome in workbench.view.debug
2023-11-12 16:13:17.603 [info] Removed views:workbench.debug.welcome from workbench.view.debug
2023-11-12 16:13:17.605 [info] Added views:workbench.debug.variablesView,workbench.debug.watchExpressionsView,workbench.debug.callStackView,workbench.debug.breakPointsView in workbench.view.debug
2023-11-12 16:13:18.181 [info] Removed views:gitlens.views.searchAndCompare,gitlens.views.fileHistory,gitlens.views.lineHistory,gitlens.views.commitDetails from workbench.view.extension.gitlensInspect
2023-11-12 16:13:18.183 [info] Removed views:gitlens.views.contributors,gitlens.views.tags,gitlens.views.stashes,gitlens.views.remotes,gitlens.views.branches,gitlens.views.commits from workbench.view.scm
2023-11-12 16:13:18.650 [info] Added views:gitlens.views.commitDetails,gitlens.views.lineHistory,gitlens.views.fileHistory,gitlens.views.searchAndCompare in workbench.view.extension.gitlensInspect
2023-11-12 16:13:18.650 [info] Added views:gitlens.views.commits,gitlens.views.branches,gitlens.views.remotes,gitlens.views.stashes,gitlens.views.tags,gitlens.views.contributors in workbench.view.scm
2023-11-12 16:13:18.658 [info] Added views:workbench.views.extensions.installed,workbench.views.extensions.popular,extensions.recommendedList in workbench.view.extensions
2023-11-12 16:13:18.659 [info] Removed views:workbench.views.extensions.popular from workbench.view.extensions
2023-11-12 16:13:20.135 [info] Removed views:extensions.recommendedList,workbench.views.extensions.installed from workbench.view.extensions
2023-11-12 16:13:20.151 [info] Added views:workbench.views.extensions.marketplace in workbench.view.extensions
2023-11-12 16:13:20.740 [info] Added views:gitlens.views.graph,gitlens.views.graphDetails in workbench.view.extension.gitlensPanel
2023-11-12 16:13:20.744 [info] Added views:gitlens.views.timeline in workbench.view.extension.gitlensInspect
2023-11-12 16:13:20.752 [info] Added views:gitlens.views.worktrees in workbench.view.scm
2023-11-12 16:14:27.117 [info] Added views:makefile.outline in workbench.view.extension.makefile__viewContainer
