2023-10-27 11:24:48.518 [info] Reading sessions from keychain...
2023-10-27 11:24:48.518 [info] Getting sessions for all scopes...
2023-10-27 11:24:48.518 [info] Getting sessions for all scopes...
2023-10-27 11:24:48.518 [info] Got stored sessions!
2023-10-27 11:24:48.518 [info] Got 1 verified sessions.
2023-10-27 11:24:48.518 [info] Got 1 sessions for ...
2023-10-27 11:24:48.518 [info] Got 1 sessions for ...
2023-10-27 11:24:48.518 [info] Getting sessions for read:user,repo,user:email,workflow...
2023-10-27 11:24:48.518 [info] Got 1 sessions for read:user,repo,user:email,workflow...
2023-10-27 11:24:48.962 [info] Getting sessions for read:user,repo,user:email,workflow...
2023-10-27 11:24:48.962 [info] Got 1 sessions for read:user,repo,user:email,workflow...
2023-10-27 11:28:50.222 [info] Getting sessions for read:user,repo,user:email...
2023-10-27 11:28:50.222 [info] Got 0 sessions for read:user,repo,user:email...
2023-10-27 12:16:44.979 [info] Getting sessions for read:user,repo,user:email...
2023-10-27 12:16:44.979 [info] Got 0 sessions for read:user,repo,user:email...
2023-10-27 12:50:35.478 [info] Getting sessions for read:user,repo,user:email...
2023-10-27 12:50:35.478 [info] Got 0 sessions for read:user,repo,user:email...
2023-10-27 15:08:53.557 [info] Getting sessions for read:user,repo,user:email...
2023-10-27 15:08:53.557 [info] Got 0 sessions for read:user,repo,user:email...
2023-10-27 15:55:11.056 [info] Reading sessions from keychain...
2023-10-27 15:55:11.056 [info] Getting sessions for all scopes...
2023-10-27 15:55:11.056 [info] Got stored sessions!
2023-10-27 15:55:11.056 [info] Got 1 verified sessions.
2023-10-27 15:55:11.056 [info] Got 1 sessions for ...
2023-10-27 15:55:11.056 [info] Getting sessions for all scopes...
2023-10-27 15:55:11.056 [info] Got 1 sessions for ...
2023-10-27 15:55:11.056 [info] Getting sessions for read:user,repo,user:email,workflow...
2023-10-27 15:55:11.056 [info] Got 1 sessions for read:user,repo,user:email,workflow...
2023-10-27 15:55:11.558 [info] Getting sessions for read:user,repo,user:email,workflow...
2023-10-27 15:55:11.558 [info] Got 1 sessions for read:user,repo,user:email,workflow...
2023-10-27 15:55:23.199 [info] Getting sessions for read:user,repo,user:email...
2023-10-27 15:55:23.199 [info] Got 0 sessions for read:user,repo,user:email...
2023-10-27 16:05:33.924 [info] Reading sessions from keychain...
2023-10-27 16:05:33.924 [info] Getting sessions for all scopes...
2023-10-27 16:05:33.924 [info] Got stored sessions!
2023-10-27 16:05:33.924 [info] Got 1 verified sessions.
2023-10-27 16:05:33.924 [info] Got 1 sessions for ...
2023-10-27 16:05:33.924 [info] Getting sessions for read:user,repo,user:email,workflow...
2023-10-27 16:05:33.924 [info] Got 1 sessions for read:user,repo,user:email,workflow...
2023-10-27 16:05:33.961 [info] Getting sessions for all scopes...
2023-10-27 16:05:33.961 [info] Got 1 sessions for ...
2023-10-27 16:05:34.367 [info] Getting sessions for read:user,repo,user:email,workflow...
2023-10-27 16:05:34.367 [info] Got 1 sessions for read:user,repo,user:email,workflow...
2023-10-27 16:06:32.245 [info] Reading sessions from keychain...
2023-10-27 16:06:32.245 [info] Getting sessions for all scopes...
2023-10-27 16:06:32.245 [info] Got stored sessions!
2023-10-27 16:06:32.245 [info] Got 1 verified sessions.
2023-10-27 16:06:32.245 [info] Got 1 sessions for ...
2023-10-27 16:06:32.262 [info] Getting sessions for read:user,repo,user:email,workflow...
2023-10-27 16:06:32.262 [info] Got 1 sessions for read:user,repo,user:email,workflow...
2023-10-27 16:06:32.263 [info] Getting sessions for all scopes...
2023-10-27 16:06:32.263 [info] Got 1 sessions for ...
2023-10-27 16:06:32.647 [info] Getting sessions for read:user,repo,user:email...
2023-10-27 16:06:32.647 [info] Got 0 sessions for read:user,repo,user:email...
2023-10-27 16:06:32.936 [info] Getting sessions for read:user,repo,user:email,workflow...
2023-10-27 16:06:32.936 [info] Got 1 sessions for read:user,repo,user:email,workflow...
2023-10-27 17:10:15.083 [info] Reading sessions from keychain...
2023-10-27 17:10:15.083 [info] Getting sessions for all scopes...
2023-10-27 17:10:15.083 [info] Got stored sessions!
2023-10-27 17:10:15.083 [info] Got 1 verified sessions.
2023-10-27 17:10:15.083 [info] Got 1 sessions for ...
2023-10-27 17:10:15.085 [info] Getting sessions for read:user,repo,user:email,workflow...
2023-10-27 17:10:15.085 [info] Got 1 sessions for read:user,repo,user:email,workflow...
2023-10-27 17:10:15.131 [info] Getting sessions for all scopes...
2023-10-27 17:10:15.131 [info] Got 1 sessions for ...
2023-10-27 17:10:15.540 [info] Getting sessions for read:user,repo,user:email,workflow...
2023-10-27 17:10:15.540 [info] Got 1 sessions for read:user,repo,user:email,workflow...
2023-10-27 17:10:16.611 [info] Getting sessions for read:user,repo,user:email...
2023-10-27 17:10:16.611 [info] Got 0 sessions for read:user,repo,user:email...
2023-10-27 17:47:07.486 [info] Getting sessions for read:user,repo,user:email...
2023-10-27 17:47:07.486 [info] Got 0 sessions for read:user,repo,user:email...
2023-10-27 17:56:05.978 [info] Getting sessions for read:user,repo,user:email...
2023-10-27 17:56:05.978 [info] Got 0 sessions for read:user,repo,user:email...
