2023-10-07 20:05:34.212 [info] Extension host with pid 137738 started
2023-10-07 20:05:34.212 [info] Skipping acquiring lock for /home/peter/.config/Code - OSS/User/workspaceStorage/9bd86d69616a7abe756c563e5b16e895.
2023-10-07 20:05:34.646 [info] ExtensionService#_doActivateExtension vscode.git-base, startup: true, activationEvent: '*', root cause: vscode.git
2023-10-07 20:05:34.833 [info] ExtensionService#_doActivateExtension vscode.git, startup: true, activationEvent: '*'
2023-10-07 20:05:34.888 [info] ExtensionService#_doActivateExtension vscode.github, startup: true, activationEvent: '*'
2023-10-07 20:05:34.992 [info] Eager extensions activated
2023-10-07 20:05:35.138 [info] ExtensionService#_doActivateExtension vscode.debug-auto-launch, startup: false, activationEvent: 'onStartupFinished'
2023-10-07 20:05:35.144 [info] ExtensionService#_doActivateExtension vscode.merge-conflict, startup: false, activationEvent: 'onStartupFinished'
2023-10-07 20:05:35.160 [info] ExtensionService#_doActivateExtension monokai.theme-monokai-pro-vscode, startup: false, activationEvent: 'onStartupFinished'
2023-10-07 20:05:36.309 [info] ExtensionService#_doActivateExtension vscode.emmet, startup: false, activationEvent: 'onLanguage'
2023-10-07 20:05:45.713 [info] ExtensionService#_doActivateExtension vscode.github-authentication, startup: false, activationEvent: 'onAuthenticationRequest:github'
2023-10-07 20:05:59.824 [info] ExtensionService#_doActivateExtension vscode.json-language-features, startup: false, activationEvent: 'onLanguage:jsonc'
2023-10-07 20:05:59.884 [info] ExtensionService#_doActivateExtension vscode.typescript-language-features, startup: false, activationEvent: 'onLanguage:jsonc'
2023-10-07 20:13:07.204 [info] ExtensionService#_doActivateExtension vscode.npm, startup: false, activationEvent: 'onTerminalQuickFixRequest:ms-vscode.npm-command'
2023-10-07 20:20:57.686 [info] Extension host terminating: renderer closed the MessagePort
2023-10-07 20:20:57.723 [error] Canceled: Canceled
	at new g (/usr/lib/code/out/vs/workbench/api/node/extensionHostProcess.js:125:57216)
	at i.U (/usr/lib/code/out/vs/workbench/api/node/extensionHostProcess.js:134:10864)
	at M.<computed>.j.charCodeAt.M.<computed> (/usr/lib/code/out/vs/workbench/api/node/extensionHostProcess.js:134:8315)
	at n.g (/usr/lib/code/out/vs/workbench/api/node/extensionHostProcess.js:125:83747)
	at n.executeCommand (/usr/lib/code/out/vs/workbench/api/node/extensionHostProcess.js:125:83185)
	at b.registerCommand.description (/usr/lib/code/out/vs/workbench/api/node/extensionHostProcess.js:125:82506)
	at n.h (/usr/lib/code/out/vs/workbench/api/node/extensionHostProcess.js:125:84283)
	at n.g (/usr/lib/code/out/vs/workbench/api/node/extensionHostProcess.js:125:83278)
	at n.executeCommand (/usr/lib/code/out/vs/workbench/api/node/extensionHostProcess.js:125:83185)
	at Object.executeCommand (/usr/lib/code/out/vs/workbench/api/node/extensionHostProcess.js:140:21282)
	at s.D [as value] (/usr/lib/code/extensions/git/dist/main.js:2:1312800)
	at c.z (/usr/lib/code/out/vs/workbench/api/node/extensionHostProcess.js:80:1902)
	at c.A (/usr/lib/code/out/vs/workbench/api/node/extensionHostProcess.js:80:1972)
	at c.fire (/usr/lib/code/out/vs/workbench/api/node/extensionHostProcess.js:80:2188)
	at Object.m [as dispose] (/usr/lib/code/extensions/git/dist/main.js:2:1328588)
	at /usr/lib/code/extensions/git/dist/main.js:2:1333429
	at Array.forEach (<anonymous>)
	at g.dispose (/usr/lib/code/extensions/git/dist/main.js:2:1333415)
	at v.<anonymous> (/usr/lib/code/out/vs/workbench/api/node/extensionHostProcess.js:121:3521)
	at v.dispose (/usr/lib/code/out/vs/workbench/api/node/extensionHostProcess.js:121:3618)
	at v.<anonymous> (/usr/lib/code/extensions/git/dist/main.js:2:1314812)
	at v.dispose (/usr/lib/code/out/vs/workbench/api/node/extensionHostProcess.js:121:3618)
	at o (/usr/lib/code/out/vs/workbench/api/node/extensionHostProcess.js:30:754)
	at s.cb (/usr/lib/code/out/vs/workbench/api/node/extensionHostProcess.js:136:9846)
	at /usr/lib/code/out/vs/workbench/api/node/extensionHostProcess.js:136:7796
	at Array.map (<anonymous>)
	at s.Y (/usr/lib/code/out/vs/workbench/api/node/extensionHostProcess.js:136:7784)
	at s.terminate (/usr/lib/code/out/vs/workbench/api/node/extensionHostProcess.js:136:8054)
	at o.terminate (/usr/lib/code/out/vs/workbench/api/node/extensionHostProcess.js:140:1513)
	at l (/usr/lib/code/out/vs/workbench/api/node/extensionHostProcess.js:153:9801)
	at MessagePortMain.<anonymous> (/usr/lib/code/out/vs/workbench/api/node/extensionHostProcess.js:153:6226)
	at MessagePortMain.emit (node:events:513:28)
	at MessagePortMain._internalPort.emit (node:electron/js2c/utility_init:2:367) setContext undefined
2023-10-07 20:20:57.726 [error] Canceled: Canceled
	at new g (/usr/lib/code/out/vs/workbench/api/node/extensionHostProcess.js:125:57216)
	at i.U (/usr/lib/code/out/vs/workbench/api/node/extensionHostProcess.js:134:10864)
	at M.<computed>.j.charCodeAt.M.<computed> (/usr/lib/code/out/vs/workbench/api/node/extensionHostProcess.js:134:8315)
	at n.g (/usr/lib/code/out/vs/workbench/api/node/extensionHostProcess.js:125:83747)
	at n.executeCommand (/usr/lib/code/out/vs/workbench/api/node/extensionHostProcess.js:125:83185)
	at b.registerCommand.description (/usr/lib/code/out/vs/workbench/api/node/extensionHostProcess.js:125:82506)
	at n.h (/usr/lib/code/out/vs/workbench/api/node/extensionHostProcess.js:125:84283)
	at n.g (/usr/lib/code/out/vs/workbench/api/node/extensionHostProcess.js:125:83278)
	at n.executeCommand (/usr/lib/code/out/vs/workbench/api/node/extensionHostProcess.js:125:83185)
	at Object.executeCommand (/usr/lib/code/out/vs/workbench/api/node/extensionHostProcess.js:140:21282)
	at set b [as b] (/usr/lib/code/extensions/github/dist/extension.js:2:714415)
	at /usr/lib/code/extensions/github/dist/extension.js:2:715056
	at s.value (/usr/lib/code/extensions/git/dist/main.js:2:1402040)
	at c.z (/usr/lib/code/out/vs/workbench/api/node/extensionHostProcess.js:80:1902)
	at c.A (/usr/lib/code/out/vs/workbench/api/node/extensionHostProcess.js:80:1972)
	at c.fire (/usr/lib/code/out/vs/workbench/api/node/extensionHostProcess.js:80:2188)
	at Object.m [as dispose] (/usr/lib/code/extensions/git/dist/main.js:2:1328588)
	at /usr/lib/code/extensions/git/dist/main.js:2:1333429
	at Array.forEach (<anonymous>)
	at g.dispose (/usr/lib/code/extensions/git/dist/main.js:2:1333415)
	at v.<anonymous> (/usr/lib/code/out/vs/workbench/api/node/extensionHostProcess.js:121:3521)
	at v.dispose (/usr/lib/code/out/vs/workbench/api/node/extensionHostProcess.js:121:3618)
	at v.<anonymous> (/usr/lib/code/extensions/git/dist/main.js:2:1314812)
	at v.dispose (/usr/lib/code/out/vs/workbench/api/node/extensionHostProcess.js:121:3618)
	at o (/usr/lib/code/out/vs/workbench/api/node/extensionHostProcess.js:30:754)
	at s.cb (/usr/lib/code/out/vs/workbench/api/node/extensionHostProcess.js:136:9846)
	at /usr/lib/code/out/vs/workbench/api/node/extensionHostProcess.js:136:7796
	at Array.map (<anonymous>)
	at s.Y (/usr/lib/code/out/vs/workbench/api/node/extensionHostProcess.js:136:7784)
	at s.terminate (/usr/lib/code/out/vs/workbench/api/node/extensionHostProcess.js:136:8054)
	at o.terminate (/usr/lib/code/out/vs/workbench/api/node/extensionHostProcess.js:140:1513)
	at l (/usr/lib/code/out/vs/workbench/api/node/extensionHostProcess.js:153:9801)
	at MessagePortMain.<anonymous> (/usr/lib/code/out/vs/workbench/api/node/extensionHostProcess.js:153:6226)
	at MessagePortMain.emit (node:events:513:28)
	at MessagePortMain._internalPort.emit (node:electron/js2c/utility_init:2:367) setContext undefined
2023-10-07 20:20:57.729 [info] Extension host with pid 137738 exiting with code 0
