{"level":30,"time":"2024-04-27T18:57:20.533Z","msg":"crashReporter: enabled"}
{"level":30,"time":"2024-04-27T18:57:20.535Z","msg":"got fast localeOverride setting null"}
{"level":30,"time":"2024-04-27T18:57:20.535Z","msg":"app.ready: hour cycle preference: UnknownPreference"}
{"level":30,"time":"2024-04-27T18:57:20.535Z","msg":"app.ready: preferred system locales: en"}
{"level":30,"time":"2024-04-27T18:57:20.536Z","msg":"locale: Supported locales: af-ZA, ar, az-AZ, bg-BG, bn-BD, bs-BA, ca, cs, da, de, el, en, es, et-EE, eu, fa-IR, fi, fr, ga-IE, gl-ES, gu-IN, he, hi-IN, hr-HR, hu, id, it, ja, ka-GE, kk-KZ, km-KH, kn-IN, ko, ky-KG, lt-LT, lv-LV, mk-MK, ml-IN, mr-IN, ms, my, nb, nl, pa-IN, pl, pt-BR, pt-PT, ro-RO, ru, sk-SK, sl-SI, sq-AL, sr, sv, sw, ta-IN, te-IN, th, tl-PH, tr, ug, uk-UA, ur, vi, yue, zh-CN, zh-HK, zh-Hant"}
{"level":30,"time":"2024-04-27T18:57:20.536Z","msg":"locale: Preferred locales: en"}
{"level":30,"time":"2024-04-27T18:57:20.536Z","msg":"locale: Locale Override: null"}
{"level":30,"time":"2024-04-27T18:57:20.539Z","msg":"locale: Matched locale: en"}
{"level":40,"time":"2024-04-27T18:57:20.598Z","msg":"intl.onWarn [@formatjs/intl] \"defaultRichTextElements\" was specified but \"message\" was not pre-compiled. \nPlease consider using \"@formatjs/cli\" to pre-compile your messages for performance.\nFor more details see https://formatjs.io/docs/getting-started/message-distribution"}
{"level":30,"time":"2024-04-27T18:57:20.599Z","msg":"locale: Text info direction for en: ltr"}
{"level":30,"time":"2024-04-27T18:57:20.600Z","msg":"getSystemTraySetting got no value, returning Uninitialized"}
{"level":30,"time":"2024-04-27T18:57:20.601Z","msg":"config/set: Saving ephemeral config to disk"}
{"level":30,"time":"2024-04-27T18:57:20.606Z","msg":"config/set: Saved ephemeral config to disk"}
{"level":30,"time":"2024-04-27T18:57:20.606Z","msg":"app.ready: setting system-tray-setting to DoNotUseSystemTray"}
{"level":30,"time":"2024-04-27T18:57:20.607Z","msg":"config/set: Saving ephemeral config to disk"}
{"level":30,"time":"2024-04-27T18:57:20.611Z","msg":"config/set: Saved ephemeral config to disk"}
{"level":30,"time":"2024-04-27T18:57:20.614Z","msg":"app ready"}
{"level":30,"time":"2024-04-27T18:57:20.614Z","msg":"starting version 7.6.0"}
{"level":30,"time":"2024-04-27T18:57:20.614Z","msg":"media access status [object Undefined] [object Undefined]"}
{"level":30,"time":"2024-04-27T18:57:20.617Z","msg":"got fast theme-setting value dark"}
{"level":30,"time":"2024-04-27T18:57:20.621Z","msg":"got fast theme-setting value dark"}
{"level":30,"time":"2024-04-27T18:57:20.622Z","msg":"got fast spellcheck setting true"}
{"level":30,"time":"2024-04-27T18:57:20.623Z","msg":"Initializing BrowserWindow config: {\"show\":false,\"width\":952,\"height\":1008,\"minWidth\":300,\"minHeight\":200,\"autoHideMenuBar\":false,\"titleBarStyle\":\"default\",\"backgroundColor\":\"#121212\",\"webPreferences\":{\"devTools\":false,\"spellcheck\":true,\"enableBlinkFeatures\":\"CSSPseudoDir,CSSLogical\",\"enablePreferredSizeMode\":true,\"nodeIntegration\":false,\"nodeIntegrationInWorker\":false,\"sandbox\":false,\"contextIsolation\":true,\"preload\":\"[REDACTED]/preload.bundle.js\",\"backgroundThrottling\":true,\"disableBlinkFeatures\":\"Accelerated2dCanvas,AcceleratedSmallCanvases\"},\"icon\":\"[REDACTED]/images/signal-logo-desktop-linux.png\",\"x\":966,\"y\":28}"}
{"level":30,"time":"2024-04-27T18:57:20.704Z","msg":"spellcheck: user locales: [\"en\"]"}
{"level":30,"time":"2024-04-27T18:57:20.704Z","msg":"spellcheck: available spellchecker languages: [\"af\",\"bg\",\"ca\",\"cs\",\"cy\",\"da\",\"de\",\"de-DE\",\"el\",\"en\",\"en-AU\",\"en-CA\",\"en-GB\",\"en-GB-oxendict\",\"en-US\",\"es\",\"es-419\",\"es-AR\",\"es-ES\",\"es-MX\",\"es-US\",\"et\",\"fa\",\"fo\",\"fr\",\"fr-FR\",\"he\",\"hi\",\"hr\",\"hu\",\"hy\",\"id\",\"it\",\"it-IT\",\"ko\",\"lt\",\"lv\",\"nb\",\"nl\",\"pl\",\"pt\",\"pt-BR\",\"pt-PT\",\"ro\",\"ru\",\"sh\",\"sk\",\"sl\",\"sq\",\"sr\",\"sv\",\"ta\",\"tg\",\"tr\",\"uk\",\"vi\"]"}
{"level":30,"time":"2024-04-27T18:57:20.704Z","msg":"spellcheck: setting languages to: [\"en\"]"}
{"level":30,"time":"2024-04-27T18:57:20.717Z","msg":"MainSQL: updateSchema:\n  Current user_version: 1000;\n  Most recent db schema: 1030;\n  SQLite version: 3.42.0;\n  SQLCipher version: 4.5.5 community;\n  (deprecated) schema_version: 441;\n"}
{"level":30,"time":"2024-04-27T18:57:20.726Z","msg":"MainSQL: updateToSchemaVersion1010: success!"}
{"level":30,"time":"2024-04-27T18:57:20.730Z","msg":"MainSQL: updateToSchemaVersion1020: success!"}
{"level":30,"time":"2024-04-27T18:57:20.825Z","msg":"MainSQL: updateToSchemaVersion1030: success!"}
{"level":30,"time":"2024-04-27T18:57:20.825Z","msg":"MainSQL: updateSchema: optimize took 0ms"}
{"level":30,"time":"2024-04-27T18:57:21.211Z","msg":"Updating BrowserWindow config: %s {\"maximized\":false,\"autoHideMenuBar\":false,\"fullscreen\":false,\"width\":952,\"height\":1008,\"x\":966,\"y\":28}"}
{"level":30,"time":"2024-04-27T18:57:21.211Z","msg":"config/set: Saving ephemeral config to disk"}
{"level":30,"time":"2024-04-27T18:57:21.221Z","msg":"config/set: Saved ephemeral config to disk"}
{"level":30,"time":"2024-04-27T18:57:21.257Z","msg":"got fast theme-setting value dark"}
{"level":30,"time":"2024-04-27T18:57:22.024Z","msg":"got fast spellcheck setting true"}
{"level":30,"time":"2024-04-27T18:57:22.032Z","msg":"System tray service: created"}
{"level":30,"time":"2024-04-27T18:57:22.033Z","msg":"System tray service: updating main window. Previously, there was not a window, and now there is"}
{"level":30,"time":"2024-04-27T18:57:22.033Z","msg":"System tray service: rendering no tray"}
{"level":30,"time":"2024-04-27T18:57:22.033Z","msg":"Begin ensuring permissions"}
{"level":30,"time":"2024-04-27T18:57:22.034Z","msg":"main window is ready-to-show"}
{"level":30,"time":"2024-04-27T18:57:22.034Z","msg":"showing main window"}
{"level":30,"time":"2024-04-27T18:57:22.039Z","msg":"System tray service: rendering no tray"}
{"level":30,"time":"2024-04-27T18:57:22.056Z","msg":"Ensuring file permissions for 4 files"}
{"level":30,"time":"2024-04-27T18:57:22.059Z","msg":"Finish ensuring permissions in 26ms"}
{"level":30,"time":"2024-04-27T18:57:22.106Z","msg":"deleteAllBadges: deleted 0 files"}
{"level":30,"time":"2024-04-27T18:57:22.128Z","msg":"MainSQL: removeKnownStickers: About to iterate through 219 stickers"}
{"level":30,"time":"2024-04-27T18:57:22.130Z","msg":"MainSQL: removeKnownStickers: Done processing 219 stickers"}
{"level":30,"time":"2024-04-27T18:57:22.130Z","msg":"deleteAllStickers: deleted 0 files"}
{"level":30,"time":"2024-04-27T18:57:22.133Z","msg":"MainSQL: removeKnownDraftAttachments: About to iterate through 9 conversations"}
{"level":30,"time":"2024-04-27T18:57:22.133Z","msg":"MainSQL: removeKnownDraftAttachments: Done processing 9 conversations"}
{"level":30,"time":"2024-04-27T18:57:22.134Z","msg":"deleteAllDraftAttachments: deleted 0 files"}
{"level":30,"time":"2024-04-27T18:57:22.147Z","msg":"cleanupOrphanedAttachments: found 79 attachments on disk"}
{"level":30,"time":"2024-04-27T18:57:22.147Z","msg":"MainSQL: getKnownConversationAttachments: About to iterate through 9"}
{"level":30,"time":"2024-04-27T18:57:22.148Z","msg":"MainSQL: getKnownConversationAttachments: Done processing"}
{"level":30,"time":"2024-04-27T18:57:22.148Z","msg":"cleanupOrphanedAttachments: found 4 conversation attachments (1 missing), 76 remain"}
{"level":30,"time":"2024-04-27T18:57:22.148Z","msg":"cleanupOrphanedAttachments: took 52ms"}
{"level":30,"time":"2024-04-27T18:57:22.149Z","msg":"Begin ensuring permissions"}
{"level":30,"time":"2024-04-27T18:57:22.150Z","msg":"MainSQL: pageMessages(7e8212a58a206996): Starting iteration through 615 messages"}
{"level":30,"time":"2024-04-27T18:57:22.177Z","msg":"Ensuring file permissions for 678 files"}
{"level":50,"time":"2024-04-27T18:57:22.182Z","msg":"ensureFilePermissions: Error from chmod ENOENT: no such file or directory, chmod '[REDACTED]/SingletonCookie'"}
{"level":50,"time":"2024-04-27T18:57:22.183Z","msg":"ensureFilePermissions: Error from chmod ENOENT: no such file or directory, chmod '[REDACTED]/SingletonLock'"}
{"level":30,"time":"2024-04-27T18:57:22.242Z","msg":"Finish ensuring permissions in 93ms"}
{"level":30,"time":"2024-04-27T18:57:22.295Z","msg":"MainSQL: slow query getAllKyberPreKeys duration=70ms"}
{"level":30,"time":"2024-04-27T18:57:22.302Z","msg":"MainSQL: finishPageMessages(7e8212a58a206996): reached the end after processing 615 messages"}
{"level":30,"time":"2024-04-27T18:57:22.302Z","msg":"cleanupOrphanedAttachments: found 76 message attachments, (0 missing) 0 remain"}
{"level":30,"time":"2024-04-27T18:57:22.302Z","msg":"deleteAll: deleted 0 files"}
{"level":30,"time":"2024-04-27T18:57:22.302Z","msg":"deleteOrphanedAttachments: took 154ms"}
{"level":30,"time":"2024-04-27T18:57:22.372Z","msg":"Prevent display sleep service: allowing display sleep"}
{"level":30,"time":"2024-04-27T18:57:22.372Z","msg":"Background throttling enabled because no call is active"}
{"level":30,"time":"2024-04-27T18:57:22.554Z","msg":"Updating BrowserWindow config: %s {\"maximized\":true,\"autoHideMenuBar\":false,\"fullscreen\":false,\"width\":1890,\"height\":995,\"x\":15,\"y\":70}"}
{"level":30,"time":"2024-04-27T18:57:22.554Z","msg":"config/set: Saving ephemeral config to disk"}
{"level":30,"time":"2024-04-27T18:57:22.566Z","msg":"config/set: Saved ephemeral config to disk"}
{"level":30,"time":"2024-04-27T18:57:22.685Z","msg":"updater/start: Updates disabled - not starting new version checks"}
{"level":30,"time":"2024-04-27T18:57:22.689Z","msg":"App loaded - time: 2078"}
{"level":30,"time":"2024-04-27T18:57:22.690Z","msg":"SQL init - time: 295"}
{"level":30,"time":"2024-04-27T18:57:22.690Z","msg":"Preload - time: 680"}
{"level":30,"time":"2024-04-27T18:57:22.690Z","msg":"WebSocket connect - time: -1714244241906"}
{"level":30,"time":"2024-04-27T18:57:22.690Z","msg":"Processed count: 0"}
{"level":30,"time":"2024-04-27T18:57:22.690Z","msg":"Messages per second: 0"}
{"level":30,"time":"2024-04-27T18:57:22.906Z","msg":"MainSQL: slow query removeAllConfiguration duration=42ms"}
{"level":30,"time":"2024-04-27T19:01:07.965Z","msg":"close event {\"readyForShutdown\":false,\"shouldQuit\":false}"}
{"level":30,"time":"2024-04-27T19:01:07.965Z","msg":"maybeRequestCloseConfirmation: Checking to see if close confirmation is needed"}
{"level":30,"time":"2024-04-27T19:01:07.966Z","msg":"maybeRequestCloseConfirmation: Confirmation dialog shown, waiting for user."}
{"level":30,"time":"2024-04-27T19:01:07.966Z","msg":"maybeRequestCloseConfirmation: Response received"}
{"level":30,"time":"2024-04-27T19:01:07.967Z","msg":"System tray service: rendering no tray"}
{"level":30,"time":"2024-04-27T19:01:07.967Z","msg":"requestShutdown: Requesting close of mainWindow..."}
{"level":30,"time":"2024-04-27T19:01:08.022Z","msg":"MainSQL: slow query close duration=43ms"}
{"level":30,"time":"2024-04-27T19:01:08.023Z","msg":"requestShutdown: Response received"}
{"level":30,"time":"2024-04-27T19:01:08.029Z","msg":"before-quit event {\"readyForShutdown\":true,\"shouldQuit\":false,\"hasEventBeenPrevented\":false,\"windowCount\":1,\"mainWindowExists\":true,\"mainWindowIsFullScreen\":false}"}
{"level":30,"time":"2024-04-27T19:01:08.029Z","msg":"System tray service: markShouldQuit"}
{"level":30,"time":"2024-04-27T19:01:08.029Z","msg":"close event {\"readyForShutdown\":true,\"shouldQuit\":true}"}
{"level":30,"time":"2024-04-27T19:01:08.032Z","msg":"main window closed event"}
{"level":30,"time":"2024-04-27T19:01:08.032Z","msg":"System tray service: updating main window. Previously, there was a window, and now there is not"}
{"level":30,"time":"2024-04-27T19:01:08.032Z","msg":"System tray service: rendering no tray"}
{"level":30,"time":"2024-04-27T19:01:08.032Z","msg":"will-quit event {\"hasEventBeenPrevented\":false,\"windowCount\":0,\"mainWindowExists\":false}"}
{"level":30,"time":"2024-04-27T19:01:08.032Z","msg":"quit event {\"hasEventBeenPrevented\":false,\"windowCount\":0,\"mainWindowExists\":false}"}
