2023-11-02 15:59:32.395 [info] Log level: Info
2023-11-02 15:59:32.395 [info] Validating found git in: "git"
2023-11-02 15:59:32.395 [info] Using git "2.42.0" from "git"
2023-11-02 15:59:32.395 [info] > git rev-parse --show-toplevel [6ms]
2023-11-02 15:59:32.395 [info] fatal: not a git repository (or any parent up to mount point /)
Stopping at filesystem boundary (GIT_DISCOVERY_ACROSS_FILESYSTEM not set).
2023-11-02 15:59:32.395 [info] > git rev-parse --show-toplevel [3ms]
2023-11-02 15:59:32.395 [info] fatal: not a git repository (or any parent up to mount point /)
Stopping at filesystem boundary (GIT_DISCOVERY_ACROSS_FILESYSTEM not set).
2023-11-02 15:59:32.398 [info] > git rev-parse --show-toplevel [287ms]
2023-11-02 15:59:32.398 [info] fatal: not a git repository (or any parent up to mount point /)
Stopping at filesystem boundary (GIT_DISCOVERY_ACROSS_FILESYSTEM not set).
2023-11-02 15:59:32.700 [info] > git rev-parse --show-toplevel [76ms]
2023-11-02 15:59:32.700 [info] fatal: not a git repository (or any parent up to mount point /)
Stopping at filesystem boundary (GIT_DISCOVERY_ACROSS_FILESYSTEM not set).
2023-11-02 15:59:32.730 [info] > git rev-parse --show-toplevel [10ms]
2023-11-02 15:59:32.730 [info] fatal: not a git repository (or any parent up to mount point /)
Stopping at filesystem boundary (GIT_DISCOVERY_ACROSS_FILESYSTEM not set).
2023-11-02 15:59:33.035 [info] > git rev-parse --show-toplevel [2ms]
2023-11-02 15:59:33.035 [info] fatal: not a git repository (or any parent up to mount point /)
Stopping at filesystem boundary (GIT_DISCOVERY_ACROSS_FILESYSTEM not set).
