2023-11-12 16:13:01.884 [info] Configuration changed
2023-11-12 16:13:02.100 [info] Configuration changed
2023-11-12 16:13:18.671 [info] Configuration changed
2023-11-12 16:13:30.470 [info] Active editor: file:///home/peter/peterpen/ist/pconc/lab1/lab1.c
2023-11-12 16:14:27.064 [info] Configuration changed
2023-11-12 16:16:06.332 [info] Active editor: file:///home/peter/peterpen/ist/pconc/lab1/lusiadas.txt
2023-11-12 16:16:07.460 [info] Active editor: file:///home/peter/peterpen/ist/pconc/lab1/lab1.c
2023-11-12 16:17:27.370 [info] Active editor: file:///home/peter/peterpen/ist/pconc/lab1/makefile
2023-11-12 16:18:30.286 [info] Active editor: file:///home/peter/peterpen/ist/pconc/lab1/lab1.c
2023-11-12 16:19:19.172 [info] Active editor: file:///home/peter/peterpen/ist/pconc/lab1/makefile
2023-11-12 16:20:03.515 [info] /home/peter/peterpen/ist/pconc/lab1/.vscode/settings.json closed
2023-11-12 16:20:03.534 [info] Configuration changed
2023-11-12 16:20:49.996 [info] Active editor: file:///home/peter/peterpen/ist/pconc/lab1/.vscode/launch.json
2023-11-12 16:21:16.131 [info] Configuration changed
2023-11-12 16:21:38.145 [info] /home/peter/peterpen/ist/pconc/lab1/.vscode/launch.json closed
2023-11-12 16:21:46.810 [info] Active editor: file:///home/peter/peterpen/ist/pconc/lab1/makefile
2023-11-12 16:21:48.048 [info] Active editor: file:///home/peter/peterpen/ist/pconc/lab1/lab1.c
2023-11-12 16:23:24.340 [info] Active editor: file:///home/peter/peterpen/ist/pconc/lab1/lusiadas.txt
2023-11-12 16:23:24.959 [info] Active editor: file:///home/peter/peterpen/ist/pconc/lab1/makefile
2023-11-12 16:23:30.904 [info] Active editor: file:///home/peter/peterpen/ist/pconc/lab1/lab1.c
2023-11-12 16:23:43.879 [info] Active editor: file:///home/peter/peterpen/ist/pconc/lab1/ex1.c
2023-11-12 16:23:50.253 [info] /launch closed
2023-11-12 16:27:25.665 [info] Active editor: file:///home/peter/peterpen/ist/pconc/lab1/lusiadas.txt
2023-11-12 16:27:52.350 [info] Active editor: file:///home/peter/peterpen/ist/pconc/lab1/lusiadas-words.txt
