Error: the task 'makefile: Makefile Tools Build Task' neither specifies a command nor a dependsOn property. The task will be ignored. Its definition is:
{
    "type": "shell",
    "id": "shell,make,main,",
    "problemMatcher": [],
    "label": "makefile: Makefile Tools Build Task"
}
Error: the task 'makefile: Makefile Tools Build Task' neither specifies a command nor a dependsOn property. The task will be ignored. Its definition is:
{
    "type": "shell",
    "id": "shell,make,main,",
    "problemMatcher": [],
    "label": "makefile: Makefile Tools Build Task"
}
Error: the task 'makefile: Makefile Tools Build Task' neither specifies a command nor a dependsOn property. The task will be ignored. Its definition is:
{
    "type": "shell",
    "id": "shell,make,main,",
    "problemMatcher": [],
    "label": "makefile: Makefile Tools Build Task"
}
Error: the task 'makefile: Makefile Tools Build Task' neither specifies a command nor a dependsOn property. The task will be ignored. Its definition is:
{
    "type": "shell",
    "id": "shell,make,main,",
    "problemMatcher": [],
    "label": "makefile: Makefile Tools Build Task"
}
Error: the task 'makefile: Makefile Tools Build Task' neither specifies a command nor a dependsOn property. The task will be ignored. Its definition is:
{
    "type": "shell",
    "id": "shell,make,main,",
    "problemMatcher": [],
    "label": "makefile: Makefile Tools Build Task"
}
Error: the task 'makefile: Makefile Tools Build Task' neither specifies a command nor a dependsOn property. The task will be ignored. Its definition is:
{
    "type": "shell",
    "id": "shell,make,main,",
    "problemMatcher": [],
    "label": "makefile: Makefile Tools Build Task"
}
Error: the task 'makefile: Makefile Tools Build Task' neither specifies a command nor a dependsOn property. The task will be ignored. Its definition is:
{
    "type": "shell",
    "id": "shell,make,main,",
    "problemMatcher": [],
    "label": "makefile: Makefile Tools Build Task"
}
Error: the task 'makefile: Makefile Tools Build Task' neither specifies a command nor a dependsOn property. The task will be ignored. Its definition is:
{
    "type": "shell",
    "id": "shell,make,main,",
    "problemMatcher": [],
    "label": "makefile: Makefile Tools Build Task"
}
Error: the task 'makefile: Makefile Tools Build Task' neither specifies a command nor a dependsOn property. The task will be ignored. Its definition is:
{
    "type": "shell",
    "id": "shell,make,main,",
    "problemMatcher": [],
    "label": "makefile: Makefile Tools Build Task"
}
Error: the task 'makefile: Makefile Tools Build Task' neither specifies a command nor a dependsOn property. The task will be ignored. Its definition is:
{
    "type": "shell",
    "id": "shell,make,main,",
    "problemMatcher": [],
    "label": "makefile: Makefile Tools Build Task"
}
