2023-11-16 13:01:18.460 [info] Added views:workbench.panel.markers.view in workbench.panel.markers
2023-11-16 13:01:18.460 [info] Added views:workbench.panel.output in workbench.panel.output
2023-11-16 13:01:18.460 [info] Added views:terminal in terminal
2023-11-16 13:01:18.460 [info] Added views:outline in workbench.view.explorer
2023-11-16 13:01:18.460 [info] Added views:workbench.scm in workbench.view.scm
2023-11-16 13:01:18.460 [info] Added views:workbench.view.search in workbench.view.search
2023-11-16 13:01:18.460 [info] Added views:timeline in workbench.view.explorer
2023-11-16 13:01:18.460 [info] Added views:workbench.explorer.fileView in workbench.view.explorer
2023-11-16 13:01:18.924 [info] Added views:gitlens.views.home,gitlens.views.drafts,gitlens.views.workspaces,gitlens.views.account in workbench.view.extension.gitlens
2023-11-16 13:01:18.925 [info] Added views:gitlens.views.commitDetails,gitlens.views.lineHistory,gitlens.views.fileHistory,gitlens.views.searchAndCompare in workbench.view.extension.gitlensInspect
2023-11-16 13:01:18.927 [info] Added views:gitlens.views.commits,gitlens.views.branches,gitlens.views.remotes,gitlens.views.stashes,gitlens.views.tags,gitlens.views.contributors in workbench.view.scm
2023-11-16 13:01:18.928 [info] Added views:makefile.outline in workbench.view.extension.makefile__viewContainer
2023-11-16 13:01:19.275 [info] Added views:workbench.debug.variablesView,workbench.debug.watchExpressionsView,workbench.debug.callStackView,workbench.debug.breakPointsView in workbench.view.debug
2023-11-16 13:01:19.617 [info] Added views:~remote.forwardedPorts in ~remote.forwardedPortsContainer
2023-11-16 13:01:19.617 [info] Added views:workbench.panel.repl.view in workbench.panel.repl
2023-11-16 13:01:19.617 [info] Removed views:workbench.debug.breakPointsView,workbench.debug.callStackView,workbench.debug.watchExpressionsView,workbench.debug.variablesView from workbench.view.debug
2023-11-16 13:01:19.618 [info] Added views:workbench.debug.welcome in workbench.view.debug
2023-11-16 13:01:20.900 [info] Removed views:workbench.debug.welcome from workbench.view.debug
2023-11-16 13:01:20.901 [info] Added views:workbench.debug.variablesView,workbench.debug.watchExpressionsView,workbench.debug.callStackView,workbench.debug.breakPointsView in workbench.view.debug
2023-11-16 13:01:22.769 [info] Added views:gitlens.views.graph,gitlens.views.graphDetails in workbench.view.extension.gitlensPanel
2023-11-16 13:01:22.770 [info] Added views:gitlens.views.timeline in workbench.view.extension.gitlensInspect
2023-11-16 13:01:22.772 [info] Added views:gitlens.views.worktrees in workbench.view.scm
