2023-10-07 18:34:04.227 [info] Added views:workbench.panel.markers.view in workbench.panel.markers
2023-10-07 18:34:04.227 [info] Added views:workbench.panel.output in workbench.panel.output
2023-10-07 18:34:04.227 [info] Added views:terminal in terminal
2023-10-07 18:34:04.227 [info] Added views:outline in workbench.view.explorer
2023-10-07 18:34:04.227 [info] Added views:workbench.scm in workbench.view.scm
2023-10-07 18:34:04.227 [info] Added views:workbench.view.search in workbench.view.search
2023-10-07 18:34:04.227 [info] Added views:timeline in workbench.view.explorer
2023-10-07 18:34:04.227 [info] Added views:workbench.explorer.emptyView in workbench.view.explorer
2023-10-07 18:34:05.024 [info] Added views:workbench.debug.variablesView,workbench.debug.watchExpressionsView,workbench.debug.callStackView,workbench.debug.breakPointsView in workbench.view.debug
2023-10-07 18:34:05.825 [info] Added views:workbench.panel.repl.view in workbench.panel.repl
2023-10-07 18:34:05.828 [info] Removed views:workbench.debug.breakPointsView,workbench.debug.callStackView,workbench.debug.watchExpressionsView,workbench.debug.variablesView from workbench.view.debug
2023-10-07 18:34:05.829 [info] Added views:workbench.debug.welcome in workbench.view.debug
2023-10-07 18:34:05.950 [info] Added views:~remote.forwardedPorts in ~remote.forwardedPortsContainer
2023-10-07 18:34:34.524 [info] Added views:workbench.panel.markers.view in workbench.panel.markers
2023-10-07 18:34:34.524 [info] Added views:workbench.panel.output in workbench.panel.output
2023-10-07 18:34:34.524 [info] Added views:terminal in terminal
2023-10-07 18:34:34.524 [info] Added views:outline in workbench.view.explorer
2023-10-07 18:34:34.524 [info] Added views:workbench.scm in workbench.view.scm
2023-10-07 18:34:34.524 [info] Added views:workbench.view.search in workbench.view.search
2023-10-07 18:34:34.524 [info] Added views:timeline in workbench.view.explorer
2023-10-07 18:34:34.524 [info] Added views:workbench.explorer.fileView in workbench.view.explorer
2023-10-07 18:34:34.900 [info] Added views:workbench.debug.variablesView,workbench.debug.watchExpressionsView,workbench.debug.callStackView,workbench.debug.breakPointsView in workbench.view.debug
2023-10-07 18:34:35.295 [info] Added views:~remote.forwardedPorts in ~remote.forwardedPortsContainer
2023-10-07 18:34:35.726 [info] Added views:workbench.panel.repl.view in workbench.panel.repl
2023-10-07 18:34:35.730 [info] Removed views:workbench.debug.breakPointsView,workbench.debug.callStackView,workbench.debug.watchExpressionsView,workbench.debug.variablesView from workbench.view.debug
2023-10-07 18:34:35.732 [info] Added views:workbench.debug.welcome in workbench.view.debug
2023-10-07 18:35:14.557 [info] Added views:workbench.views.extensions.installed,workbench.views.extensions.popular,extensions.recommendedList in workbench.view.extensions
2023-10-07 18:35:14.562 [info] Removed views:workbench.views.extensions.popular from workbench.view.extensions
2023-10-07 18:35:15.265 [info] Added views:workbench.views.extensions.popular in workbench.view.extensions
2023-10-07 18:35:18.815 [info] Removed views:extensions.recommendedList,workbench.views.extensions.popular,workbench.views.extensions.installed from workbench.view.extensions
2023-10-07 18:35:18.864 [info] Added views:workbench.views.extensions.marketplace in workbench.view.extensions
2023-10-07 18:35:24.473 [info] Removed views:workbench.views.extensions.marketplace from workbench.view.extensions
2023-10-07 18:35:24.543 [info] Added views:workbench.views.extensions.installed,workbench.views.extensions.popular,extensions.recommendedList in workbench.view.extensions
2023-10-07 18:35:31.285 [info] Removed views:extensions.recommendedList,workbench.views.extensions.popular,workbench.views.extensions.installed from workbench.view.extensions
2023-10-07 18:35:31.390 [info] Added views:workbench.views.extensions.marketplace in workbench.view.extensions
