2023-11-12 16:12:58.235 [info] Extension host with pid 23346 started
2023-11-12 16:12:58.235 [info] Skipping acquiring lock for /home/peter/.config/Code - OSS/User/workspaceStorage/dc0809535ae9c245f77eaee0c2969da9.
2023-11-12 16:12:58.905 [info] ExtensionService#_doActivateExtension vscode.emmet, startup: false, activationEvent: 'onLanguage'
2023-11-12 16:12:58.941 [info] ExtensionService#_doActivateExtension vadimcn.vscode-lldb, startup: false, activationEvent: 'onLanguage:c', root cause: franneck94.c-cpp-runner
2023-11-12 16:12:59.211 [info] ExtensionService#_doActivateExtension franneck94.c-cpp-runner, startup: false, activationEvent: 'onLanguage:c'
2023-11-12 16:12:59.477 [info] ExtensionService#_doActivateExtension vscode.git-base, startup: true, activationEvent: '*', root cause: vscode.git
2023-11-12 16:12:59.481 [info] ExtensionService#_doActivateExtension LaurentTreguier.vscode-simple-icons, startup: true, activationEvent: '*'
2023-11-12 16:12:59.565 [info] ExtensionService#_doActivateExtension vscode.git, startup: true, activationEvent: '*'
2023-11-12 16:12:59.768 [info] ExtensionService#_doActivateExtension vscode.github, startup: true, activationEvent: '*'
2023-11-12 16:12:59.904 [info] Eager extensions activated
2023-11-12 16:12:59.957 [info] ExtensionService#_doActivateExtension vscode.debug-auto-launch, startup: false, activationEvent: 'onStartupFinished'
2023-11-12 16:12:59.960 [info] ExtensionService#_doActivateExtension vscode.merge-conflict, startup: false, activationEvent: 'onStartupFinished'
2023-11-12 16:13:00.016 [info] ExtensionService#_doActivateExtension aaron-bond.better-comments, startup: false, activationEvent: 'onStartupFinished'
2023-11-12 16:13:00.029 [info] ExtensionService#_doActivateExtension eamodio.gitlens, startup: false, activationEvent: 'onStartupFinished'
2023-11-12 16:13:00.304 [info] ExtensionService#_doActivateExtension esbenp.prettier-vscode, startup: false, activationEvent: 'onStartupFinished'
2023-11-12 16:13:00.493 [info] ExtensionService#_doActivateExtension vscodevim.vim, startup: false, activationEvent: 'onStartupFinished'
2023-11-12 16:13:02.232 [error] Error: ENOENT: no such file or directory, open '/home/peter/.config/Code - OSS/User/globalStorage/vscodevim.vim/.registers'
2023-11-12 16:13:14.476 [info] Extension host terminating: renderer closed the MessagePort
2023-11-12 16:13:14.532 [error] Canceled: Canceled
	at new f (/usr/lib/code/out/vs/workbench/api/node/extensionHostProcess.js:125:108614)
	at n.U (/usr/lib/code/out/vs/workbench/api/node/extensionHostProcess.js:134:10873)
	at F.<computed>.z.charCodeAt.F.<computed> (/usr/lib/code/out/vs/workbench/api/node/extensionHostProcess.js:134:8315)
	at i.g (/usr/lib/code/out/vs/workbench/api/node/extensionHostProcess.js:125:139130)
	at i.executeCommand (/usr/lib/code/out/vs/workbench/api/node/extensionHostProcess.js:125:138568)
	at $.registerCommand.description (/usr/lib/code/out/vs/workbench/api/node/extensionHostProcess.js:125:137892)
	at i.h (/usr/lib/code/out/vs/workbench/api/node/extensionHostProcess.js:125:139669)
	at i.g (/usr/lib/code/out/vs/workbench/api/node/extensionHostProcess.js:125:138661)
	at i.executeCommand (/usr/lib/code/out/vs/workbench/api/node/extensionHostProcess.js:125:138568)
	at Object.executeCommand (/usr/lib/code/out/vs/workbench/api/node/extensionHostProcess.js:140:21329)
	at w (/home/peter/.vscode-oss/extensions/eamodio.gitlens-14.4.1-universal/dist/gitlens.js:1:1065459)
	at l (/home/peter/.vscode-oss/extensions/eamodio.gitlens-14.4.1-universal/dist/gitlens.js:1:1070087)
	at ActionRunners._updateContextKeys (/home/peter/.vscode-oss/extensions/eamodio.gitlens-14.4.1-universal/dist/gitlens.js:1:38822)
	at s (/home/peter/.vscode-oss/extensions/eamodio.gitlens-14.4.1-universal/dist/gitlens.js:1:37241)
	at RegisteredActionRunner.unregister (/home/peter/.vscode-oss/extensions/eamodio.gitlens-14.4.1-universal/dist/gitlens.js:1:37385)
	at RegisteredActionRunner.dispose (/home/peter/.vscode-oss/extensions/eamodio.gitlens-14.4.1-universal/dist/gitlens.js:1:36048)
	at ActionRunners.dispose (/home/peter/.vscode-oss/extensions/eamodio.gitlens-14.4.1-universal/dist/gitlens.js:1:36827)
	at /home/peter/.vscode-oss/extensions/eamodio.gitlens-14.4.1-universal/dist/gitlens.js:1:763974
	at Array.forEach (<anonymous>)
	at Object.dispose (/home/peter/.vscode-oss/extensions/eamodio.gitlens-14.4.1-universal/dist/gitlens.js:1:763959)
	at o (/usr/lib/code/out/vs/workbench/api/node/extensionHostProcess.js:30:754)
	at h.cb (/usr/lib/code/out/vs/workbench/api/node/extensionHostProcess.js:136:9843)
	at /usr/lib/code/out/vs/workbench/api/node/extensionHostProcess.js:136:7793
	at Array.map (<anonymous>)
	at h.Y (/usr/lib/code/out/vs/workbench/api/node/extensionHostProcess.js:136:7781)
	at h.terminate (/usr/lib/code/out/vs/workbench/api/node/extensionHostProcess.js:136:8051)
	at o.terminate (/usr/lib/code/out/vs/workbench/api/node/extensionHostProcess.js:140:1513)
	at a (/usr/lib/code/out/vs/workbench/api/node/extensionHostProcess.js:153:9817)
	at MessagePortMain.<anonymous> (/usr/lib/code/out/vs/workbench/api/node/extensionHostProcess.js:153:6242)
	at MessagePortMain.emit (node:events:513:28)
	at MessagePortMain._internalPort.emit (node:electron/js2c/utility_init:2:367) setContext undefined
2023-11-12 16:13:14.533 [error] Canceled: Canceled
	at new f (/usr/lib/code/out/vs/workbench/api/node/extensionHostProcess.js:125:108614)
	at n.U (/usr/lib/code/out/vs/workbench/api/node/extensionHostProcess.js:134:10873)
	at F.<computed>.z.charCodeAt.F.<computed> (/usr/lib/code/out/vs/workbench/api/node/extensionHostProcess.js:134:8315)
	at i.g (/usr/lib/code/out/vs/workbench/api/node/extensionHostProcess.js:125:139130)
	at i.executeCommand (/usr/lib/code/out/vs/workbench/api/node/extensionHostProcess.js:125:138568)
	at $.registerCommand.description (/usr/lib/code/out/vs/workbench/api/node/extensionHostProcess.js:125:137892)
	at i.h (/usr/lib/code/out/vs/workbench/api/node/extensionHostProcess.js:125:139669)
	at i.g (/usr/lib/code/out/vs/workbench/api/node/extensionHostProcess.js:125:138661)
	at i.executeCommand (/usr/lib/code/out/vs/workbench/api/node/extensionHostProcess.js:125:138568)
	at Object.executeCommand (/usr/lib/code/out/vs/workbench/api/node/extensionHostProcess.js:140:21329)
	at w (/home/peter/.vscode-oss/extensions/eamodio.gitlens-14.4.1-universal/dist/gitlens.js:1:1065459)
	at l (/home/peter/.vscode-oss/extensions/eamodio.gitlens-14.4.1-universal/dist/gitlens.js:1:1070087)
	at ActionRunners._updateContextKeys (/home/peter/.vscode-oss/extensions/eamodio.gitlens-14.4.1-universal/dist/gitlens.js:1:38822)
	at s (/home/peter/.vscode-oss/extensions/eamodio.gitlens-14.4.1-universal/dist/gitlens.js:1:37241)
	at RegisteredActionRunner.unregister (/home/peter/.vscode-oss/extensions/eamodio.gitlens-14.4.1-universal/dist/gitlens.js:1:37385)
	at RegisteredActionRunner.dispose (/home/peter/.vscode-oss/extensions/eamodio.gitlens-14.4.1-universal/dist/gitlens.js:1:36048)
	at ActionRunners.dispose (/home/peter/.vscode-oss/extensions/eamodio.gitlens-14.4.1-universal/dist/gitlens.js:1:36827)
	at /home/peter/.vscode-oss/extensions/eamodio.gitlens-14.4.1-universal/dist/gitlens.js:1:763974
	at Array.forEach (<anonymous>)
	at Object.dispose (/home/peter/.vscode-oss/extensions/eamodio.gitlens-14.4.1-universal/dist/gitlens.js:1:763959)
	at o (/usr/lib/code/out/vs/workbench/api/node/extensionHostProcess.js:30:754)
	at h.cb (/usr/lib/code/out/vs/workbench/api/node/extensionHostProcess.js:136:9843)
	at /usr/lib/code/out/vs/workbench/api/node/extensionHostProcess.js:136:7793
	at Array.map (<anonymous>)
	at h.Y (/usr/lib/code/out/vs/workbench/api/node/extensionHostProcess.js:136:7781)
	at h.terminate (/usr/lib/code/out/vs/workbench/api/node/extensionHostProcess.js:136:8051)
	at o.terminate (/usr/lib/code/out/vs/workbench/api/node/extensionHostProcess.js:140:1513)
	at a (/usr/lib/code/out/vs/workbench/api/node/extensionHostProcess.js:153:9817)
	at MessagePortMain.<anonymous> (/usr/lib/code/out/vs/workbench/api/node/extensionHostProcess.js:153:6242)
	at MessagePortMain.emit (node:events:513:28)
	at MessagePortMain._internalPort.emit (node:electron/js2c/utility_init:2:367) setContext undefined
2023-11-12 16:13:14.533 [error] Canceled: Canceled
	at new f (/usr/lib/code/out/vs/workbench/api/node/extensionHostProcess.js:125:108614)
	at n.U (/usr/lib/code/out/vs/workbench/api/node/extensionHostProcess.js:134:10873)
	at F.<computed>.z.charCodeAt.F.<computed> (/usr/lib/code/out/vs/workbench/api/node/extensionHostProcess.js:134:8315)
	at i.g (/usr/lib/code/out/vs/workbench/api/node/extensionHostProcess.js:125:139130)
	at i.executeCommand (/usr/lib/code/out/vs/workbench/api/node/extensionHostProcess.js:125:138568)
	at $.registerCommand.description (/usr/lib/code/out/vs/workbench/api/node/extensionHostProcess.js:125:137892)
	at i.h (/usr/lib/code/out/vs/workbench/api/node/extensionHostProcess.js:125:139669)
	at i.g (/usr/lib/code/out/vs/workbench/api/node/extensionHostProcess.js:125:138661)
	at i.executeCommand (/usr/lib/code/out/vs/workbench/api/node/extensionHostProcess.js:125:138568)
	at Object.executeCommand (/usr/lib/code/out/vs/workbench/api/node/extensionHostProcess.js:140:21329)
	at w (/home/peter/.vscode-oss/extensions/eamodio.gitlens-14.4.1-universal/dist/gitlens.js:1:1065459)
	at l (/home/peter/.vscode-oss/extensions/eamodio.gitlens-14.4.1-universal/dist/gitlens.js:1:1070087)
	at ActionRunners._updateContextKeys (/home/peter/.vscode-oss/extensions/eamodio.gitlens-14.4.1-universal/dist/gitlens.js:1:38822)
	at s (/home/peter/.vscode-oss/extensions/eamodio.gitlens-14.4.1-universal/dist/gitlens.js:1:37241)
	at RegisteredActionRunner.unregister (/home/peter/.vscode-oss/extensions/eamodio.gitlens-14.4.1-universal/dist/gitlens.js:1:37385)
	at RegisteredActionRunner.dispose (/home/peter/.vscode-oss/extensions/eamodio.gitlens-14.4.1-universal/dist/gitlens.js:1:36048)
	at ActionRunners.dispose (/home/peter/.vscode-oss/extensions/eamodio.gitlens-14.4.1-universal/dist/gitlens.js:1:36827)
	at /home/peter/.vscode-oss/extensions/eamodio.gitlens-14.4.1-universal/dist/gitlens.js:1:763974
	at Array.forEach (<anonymous>)
	at Object.dispose (/home/peter/.vscode-oss/extensions/eamodio.gitlens-14.4.1-universal/dist/gitlens.js:1:763959)
	at o (/usr/lib/code/out/vs/workbench/api/node/extensionHostProcess.js:30:754)
	at h.cb (/usr/lib/code/out/vs/workbench/api/node/extensionHostProcess.js:136:9843)
	at /usr/lib/code/out/vs/workbench/api/node/extensionHostProcess.js:136:7793
	at Array.map (<anonymous>)
	at h.Y (/usr/lib/code/out/vs/workbench/api/node/extensionHostProcess.js:136:7781)
	at h.terminate (/usr/lib/code/out/vs/workbench/api/node/extensionHostProcess.js:136:8051)
	at o.terminate (/usr/lib/code/out/vs/workbench/api/node/extensionHostProcess.js:140:1513)
	at a (/usr/lib/code/out/vs/workbench/api/node/extensionHostProcess.js:153:9817)
	at MessagePortMain.<anonymous> (/usr/lib/code/out/vs/workbench/api/node/extensionHostProcess.js:153:6242)
	at MessagePortMain.emit (node:events:513:28)
	at MessagePortMain._internalPort.emit (node:electron/js2c/utility_init:2:367) setContext undefined
2023-11-12 16:13:14.534 [error] Canceled: Canceled
	at new f (/usr/lib/code/out/vs/workbench/api/node/extensionHostProcess.js:125:108614)
	at n.U (/usr/lib/code/out/vs/workbench/api/node/extensionHostProcess.js:134:10873)
	at F.<computed>.z.charCodeAt.F.<computed> (/usr/lib/code/out/vs/workbench/api/node/extensionHostProcess.js:134:8315)
	at i.g (/usr/lib/code/out/vs/workbench/api/node/extensionHostProcess.js:125:139130)
	at i.executeCommand (/usr/lib/code/out/vs/workbench/api/node/extensionHostProcess.js:125:138568)
	at $.registerCommand.description (/usr/lib/code/out/vs/workbench/api/node/extensionHostProcess.js:125:137892)
	at i.h (/usr/lib/code/out/vs/workbench/api/node/extensionHostProcess.js:125:139669)
	at i.g (/usr/lib/code/out/vs/workbench/api/node/extensionHostProcess.js:125:138661)
	at i.executeCommand (/usr/lib/code/out/vs/workbench/api/node/extensionHostProcess.js:125:138568)
	at Object.executeCommand (/usr/lib/code/out/vs/workbench/api/node/extensionHostProcess.js:140:21329)
	at w (/home/peter/.vscode-oss/extensions/eamodio.gitlens-14.4.1-universal/dist/gitlens.js:1:1065459)
	at l (/home/peter/.vscode-oss/extensions/eamodio.gitlens-14.4.1-universal/dist/gitlens.js:1:1070087)
	at ActionRunners._updateContextKeys (/home/peter/.vscode-oss/extensions/eamodio.gitlens-14.4.1-universal/dist/gitlens.js:1:38822)
	at s (/home/peter/.vscode-oss/extensions/eamodio.gitlens-14.4.1-universal/dist/gitlens.js:1:37241)
	at RegisteredActionRunner.unregister (/home/peter/.vscode-oss/extensions/eamodio.gitlens-14.4.1-universal/dist/gitlens.js:1:37385)
	at RegisteredActionRunner.dispose (/home/peter/.vscode-oss/extensions/eamodio.gitlens-14.4.1-universal/dist/gitlens.js:1:36048)
	at Object.dispose (/home/peter/.vscode-oss/extensions/eamodio.gitlens-14.4.1-universal/dist/gitlens.js:1:37482)
	at o (/usr/lib/code/out/vs/workbench/api/node/extensionHostProcess.js:30:754)
	at h.cb (/usr/lib/code/out/vs/workbench/api/node/extensionHostProcess.js:136:9843)
	at /usr/lib/code/out/vs/workbench/api/node/extensionHostProcess.js:136:7793
	at Array.map (<anonymous>)
	at h.Y (/usr/lib/code/out/vs/workbench/api/node/extensionHostProcess.js:136:7781)
	at h.terminate (/usr/lib/code/out/vs/workbench/api/node/extensionHostProcess.js:136:8051)
	at o.terminate (/usr/lib/code/out/vs/workbench/api/node/extensionHostProcess.js:140:1513)
	at a (/usr/lib/code/out/vs/workbench/api/node/extensionHostProcess.js:153:9817)
	at MessagePortMain.<anonymous> (/usr/lib/code/out/vs/workbench/api/node/extensionHostProcess.js:153:6242)
	at MessagePortMain.emit (node:events:513:28)
	at MessagePortMain._internalPort.emit (node:electron/js2c/utility_init:2:367) setContext undefined
2023-11-12 16:13:14.534 [error] Canceled: Canceled
	at new f (/usr/lib/code/out/vs/workbench/api/node/extensionHostProcess.js:125:108614)
	at n.U (/usr/lib/code/out/vs/workbench/api/node/extensionHostProcess.js:134:10873)
	at F.<computed>.z.charCodeAt.F.<computed> (/usr/lib/code/out/vs/workbench/api/node/extensionHostProcess.js:134:8315)
	at i.g (/usr/lib/code/out/vs/workbench/api/node/extensionHostProcess.js:125:139130)
	at i.executeCommand (/usr/lib/code/out/vs/workbench/api/node/extensionHostProcess.js:125:138568)
	at $.registerCommand.description (/usr/lib/code/out/vs/workbench/api/node/extensionHostProcess.js:125:137892)
	at i.h (/usr/lib/code/out/vs/workbench/api/node/extensionHostProcess.js:125:139669)
	at i.g (/usr/lib/code/out/vs/workbench/api/node/extensionHostProcess.js:125:138661)
	at i.executeCommand (/usr/lib/code/out/vs/workbench/api/node/extensionHostProcess.js:125:138568)
	at Object.executeCommand (/usr/lib/code/out/vs/workbench/api/node/extensionHostProcess.js:140:21329)
	at w (/home/peter/.vscode-oss/extensions/eamodio.gitlens-14.4.1-universal/dist/gitlens.js:1:1065459)
	at l (/home/peter/.vscode-oss/extensions/eamodio.gitlens-14.4.1-universal/dist/gitlens.js:1:1070087)
	at ActionRunners._updateContextKeys (/home/peter/.vscode-oss/extensions/eamodio.gitlens-14.4.1-universal/dist/gitlens.js:1:38822)
	at s (/home/peter/.vscode-oss/extensions/eamodio.gitlens-14.4.1-universal/dist/gitlens.js:1:37241)
	at RegisteredActionRunner.unregister (/home/peter/.vscode-oss/extensions/eamodio.gitlens-14.4.1-universal/dist/gitlens.js:1:37385)
	at RegisteredActionRunner.dispose (/home/peter/.vscode-oss/extensions/eamodio.gitlens-14.4.1-universal/dist/gitlens.js:1:36048)
	at Object.dispose (/home/peter/.vscode-oss/extensions/eamodio.gitlens-14.4.1-universal/dist/gitlens.js:1:37482)
	at o (/usr/lib/code/out/vs/workbench/api/node/extensionHostProcess.js:30:754)
	at h.cb (/usr/lib/code/out/vs/workbench/api/node/extensionHostProcess.js:136:9843)
	at /usr/lib/code/out/vs/workbench/api/node/extensionHostProcess.js:136:7793
	at Array.map (<anonymous>)
	at h.Y (/usr/lib/code/out/vs/workbench/api/node/extensionHostProcess.js:136:7781)
	at h.terminate (/usr/lib/code/out/vs/workbench/api/node/extensionHostProcess.js:136:8051)
	at o.terminate (/usr/lib/code/out/vs/workbench/api/node/extensionHostProcess.js:140:1513)
	at a (/usr/lib/code/out/vs/workbench/api/node/extensionHostProcess.js:153:9817)
	at MessagePortMain.<anonymous> (/usr/lib/code/out/vs/workbench/api/node/extensionHostProcess.js:153:6242)
	at MessagePortMain.emit (node:events:513:28)
	at MessagePortMain._internalPort.emit (node:electron/js2c/utility_init:2:367) setContext undefined
2023-11-12 16:13:14.535 [error] Canceled: Canceled
	at new f (/usr/lib/code/out/vs/workbench/api/node/extensionHostProcess.js:125:108614)
	at n.U (/usr/lib/code/out/vs/workbench/api/node/extensionHostProcess.js:134:10873)
	at F.<computed>.z.charCodeAt.F.<computed> (/usr/lib/code/out/vs/workbench/api/node/extensionHostProcess.js:134:8315)
	at i.g (/usr/lib/code/out/vs/workbench/api/node/extensionHostProcess.js:125:139130)
	at i.executeCommand (/usr/lib/code/out/vs/workbench/api/node/extensionHostProcess.js:125:138568)
	at $.registerCommand.description (/usr/lib/code/out/vs/workbench/api/node/extensionHostProcess.js:125:137892)
	at i.h (/usr/lib/code/out/vs/workbench/api/node/extensionHostProcess.js:125:139669)
	at i.g (/usr/lib/code/out/vs/workbench/api/node/extensionHostProcess.js:125:138661)
	at i.executeCommand (/usr/lib/code/out/vs/workbench/api/node/extensionHostProcess.js:125:138568)
	at Object.executeCommand (/usr/lib/code/out/vs/workbench/api/node/extensionHostProcess.js:140:21329)
	at w (/home/peter/.vscode-oss/extensions/eamodio.gitlens-14.4.1-universal/dist/gitlens.js:1:1065459)
	at l (/home/peter/.vscode-oss/extensions/eamodio.gitlens-14.4.1-universal/dist/gitlens.js:1:1070087)
	at ActionRunners._updateContextKeys (/home/peter/.vscode-oss/extensions/eamodio.gitlens-14.4.1-universal/dist/gitlens.js:1:38822)
	at s (/home/peter/.vscode-oss/extensions/eamodio.gitlens-14.4.1-universal/dist/gitlens.js:1:37241)
	at RegisteredActionRunner.unregister (/home/peter/.vscode-oss/extensions/eamodio.gitlens-14.4.1-universal/dist/gitlens.js:1:37385)
	at RegisteredActionRunner.dispose (/home/peter/.vscode-oss/extensions/eamodio.gitlens-14.4.1-universal/dist/gitlens.js:1:36048)
	at Object.dispose (/home/peter/.vscode-oss/extensions/eamodio.gitlens-14.4.1-universal/dist/gitlens.js:1:37482)
	at o (/usr/lib/code/out/vs/workbench/api/node/extensionHostProcess.js:30:754)
	at h.cb (/usr/lib/code/out/vs/workbench/api/node/extensionHostProcess.js:136:9843)
	at /usr/lib/code/out/vs/workbench/api/node/extensionHostProcess.js:136:7793
	at Array.map (<anonymous>)
	at h.Y (/usr/lib/code/out/vs/workbench/api/node/extensionHostProcess.js:136:7781)
	at h.terminate (/usr/lib/code/out/vs/workbench/api/node/extensionHostProcess.js:136:8051)
	at o.terminate (/usr/lib/code/out/vs/workbench/api/node/extensionHostProcess.js:140:1513)
	at a (/usr/lib/code/out/vs/workbench/api/node/extensionHostProcess.js:153:9817)
	at MessagePortMain.<anonymous> (/usr/lib/code/out/vs/workbench/api/node/extensionHostProcess.js:153:6242)
	at MessagePortMain.emit (node:events:513:28)
	at MessagePortMain._internalPort.emit (node:electron/js2c/utility_init:2:367) setContext undefined
2023-11-12 16:13:14.536 [error] Canceled: Canceled
	at new f (/usr/lib/code/out/vs/workbench/api/node/extensionHostProcess.js:125:108614)
	at n.U (/usr/lib/code/out/vs/workbench/api/node/extensionHostProcess.js:134:10873)
	at F.<computed>.z.charCodeAt.F.<computed> (/usr/lib/code/out/vs/workbench/api/node/extensionHostProcess.js:134:8315)
	at i.g (/usr/lib/code/out/vs/workbench/api/node/extensionHostProcess.js:125:139130)
	at i.executeCommand (/usr/lib/code/out/vs/workbench/api/node/extensionHostProcess.js:125:138568)
	at $.registerCommand.description (/usr/lib/code/out/vs/workbench/api/node/extensionHostProcess.js:125:137892)
	at i.h (/usr/lib/code/out/vs/workbench/api/node/extensionHostProcess.js:125:139669)
	at i.g (/usr/lib/code/out/vs/workbench/api/node/extensionHostProcess.js:125:138661)
	at i.executeCommand (/usr/lib/code/out/vs/workbench/api/node/extensionHostProcess.js:125:138568)
	at Object.executeCommand (/usr/lib/code/out/vs/workbench/api/node/extensionHostProcess.js:140:21329)
	at setContextValue (/home/peter/.vscode-oss/extensions/franneck94.c-cpp-runner-5.2.1-universal/dist/main.js:5343:28)
	at Object.deactivate (/home/peter/.vscode-oss/extensions/franneck94.c-cpp-runner-5.2.1-universal/dist/main.js:3482:39)
	at h.cb (/usr/lib/code/out/vs/workbench/api/node/extensionHostProcess.js:136:9648)
	at /usr/lib/code/out/vs/workbench/api/node/extensionHostProcess.js:136:7793
	at Array.map (<anonymous>)
	at h.Y (/usr/lib/code/out/vs/workbench/api/node/extensionHostProcess.js:136:7781)
	at h.terminate (/usr/lib/code/out/vs/workbench/api/node/extensionHostProcess.js:136:8051)
	at o.terminate (/usr/lib/code/out/vs/workbench/api/node/extensionHostProcess.js:140:1513)
	at a (/usr/lib/code/out/vs/workbench/api/node/extensionHostProcess.js:153:9817)
	at MessagePortMain.<anonymous> (/usr/lib/code/out/vs/workbench/api/node/extensionHostProcess.js:153:6242)
	at MessagePortMain.emit (node:events:513:28)
	at MessagePortMain._internalPort.emit (node:electron/js2c/utility_init:2:367) setContext undefined
2023-11-12 16:13:14.537 [error] Error: ENOENT: no such file or directory, open '/home/peter/.config/Code - OSS/User/globalStorage/vscodevim.vim/.registers'
2023-11-12 16:13:14.537 [info] Extension host with pid 23346 exiting with code 0
2023-11-12 16:13:16.416 [info] Extension host with pid 23640 started
2023-11-12 16:13:16.416 [info] Skipping acquiring lock for /home/peter/.config/Code - OSS/User/workspaceStorage/ad74ddded38dba417696222c278f96d0.
2023-11-12 16:13:16.660 [info] ExtensionService#_doActivateExtension vscode.git-base, startup: true, activationEvent: '*', root cause: vscode.git
2023-11-12 16:13:16.672 [info] ExtensionService#_doActivateExtension LaurentTreguier.vscode-simple-icons, startup: true, activationEvent: '*'
2023-11-12 16:13:16.769 [info] ExtensionService#_doActivateExtension vscode.git, startup: true, activationEvent: '*'
2023-11-12 16:13:16.929 [info] ExtensionService#_doActivateExtension vscode.github, startup: true, activationEvent: '*'
2023-11-12 16:13:17.073 [info] ExtensionService#_doActivateExtension vadimcn.vscode-lldb, startup: true, activationEvent: 'workspaceContains:*.h,*.c,*.hh,*.cc,*.hxx,*.cxx,*.hpp,*.cpp', root cause: franneck94.c-cpp-runner
2023-11-12 16:13:17.205 [info] ExtensionService#_doActivateExtension franneck94.c-cpp-runner, startup: true, activationEvent: 'workspaceContains:*.h,*.c,*.hh,*.cc,*.hxx,*.cxx,*.hpp,*.cpp'
2023-11-12 16:13:17.339 [info] Eager extensions activated
2023-11-12 16:13:17.350 [info] ExtensionService#_doActivateExtension vscode.debug-auto-launch, startup: false, activationEvent: 'onStartupFinished'
2023-11-12 16:13:17.354 [info] ExtensionService#_doActivateExtension vscode.merge-conflict, startup: false, activationEvent: 'onStartupFinished'
2023-11-12 16:13:17.404 [info] ExtensionService#_doActivateExtension aaron-bond.better-comments, startup: false, activationEvent: 'onStartupFinished'
2023-11-12 16:13:17.416 [info] ExtensionService#_doActivateExtension eamodio.gitlens, startup: false, activationEvent: 'onStartupFinished'
2023-11-12 16:13:17.723 [info] ExtensionService#_doActivateExtension esbenp.prettier-vscode, startup: false, activationEvent: 'onStartupFinished'
2023-11-12 16:13:17.896 [info] ExtensionService#_doActivateExtension vscodevim.vim, startup: false, activationEvent: 'onStartupFinished'
2023-11-12 16:13:18.826 [info] ExtensionService#_doActivateExtension vscode.emmet, startup: false, activationEvent: 'onLanguage'
2023-11-12 16:13:19.435 [error] Error: ENOENT: no such file or directory, open '/home/peter/.config/Code - OSS/User/globalStorage/vscodevim.vim/.registers'
2023-11-12 16:13:30.895 [info] ExtensionService#_doActivateExtension vscode.github-authentication, startup: false, activationEvent: 'onAuthenticationRequest:github'
2023-11-12 16:16:06.143 [warning] TextEditor is closed/disposed
2023-11-12 16:16:07.433 [warning] TextEditor is closed/disposed
2023-11-12 16:17:08.881 [info] ExtensionService#_doActivateExtension ms-vscode.makefile-tools, startup: false, activationEvent: 'onView:makefile.outline'
2023-11-12 16:17:27.317 [warning] TextEditor is closed/disposed
2023-11-12 16:18:44.962 [warning] TextEditor is closed/disposed
2023-11-12 16:20:03.168 [info] ExtensionService#_doActivateExtension vscode.json-language-features, startup: false, activationEvent: 'onLanguage:jsonc'
2023-11-12 16:20:03.351 [info] ExtensionService#_doActivateExtension vscode.typescript-language-features, startup: false, activationEvent: 'onLanguage:jsonc'
2023-11-12 16:20:46.639 [info] ExtensionService#_doActivateExtension vscode.debug-server-ready, startup: false, activationEvent: 'onDebugResolve'
2023-11-12 16:21:10.403 [warning] vscode.json-language-features - Code actions of kind 'quickfix 'requested but returned code action is of kind 'source.sort.json'. Code action will be dropped. Please check 'CodeActionContext.only' to only return requested code actions.
2023-11-12 16:21:13.276 [warning] vscode.json-language-features - Code actions of kind 'quickfix 'requested but returned code action is of kind 'source.sort.json'. Code action will be dropped. Please check 'CodeActionContext.only' to only return requested code actions.
2023-11-12 16:22:38.418 [info] ExtensionService#_doActivateExtension vscode.npm, startup: false, activationEvent: 'onTerminalQuickFixRequest:ms-vscode.npm-command'
2023-11-12 16:23:24.266 [warning] TextEditor is closed/disposed
2023-11-12 16:23:24.933 [warning] TextEditor is closed/disposed
2023-11-12 16:23:43.815 [warning] TextEditor is closed/disposed
2023-11-12 16:27:52.240 [warning] TextEditor is closed/disposed
