2023-11-16 12:01:40.903 [info] Added views:workbench.panel.markers.view in workbench.panel.markers
2023-11-16 12:01:40.903 [info] Added views:workbench.panel.output in workbench.panel.output
2023-11-16 12:01:40.904 [info] Added views:terminal in terminal
2023-11-16 12:01:40.904 [info] Added views:outline in workbench.view.explorer
2023-11-16 12:01:40.904 [info] Added views:workbench.scm in workbench.view.scm
2023-11-16 12:01:40.904 [info] Added views:workbench.view.search in workbench.view.search
2023-11-16 12:01:40.904 [info] Added views:timeline in workbench.view.explorer
2023-11-16 12:01:40.904 [info] Added views:workbench.explorer.emptyView in workbench.view.explorer
2023-11-16 12:01:41.379 [info] Added views:gitlens.views.home,gitlens.views.workspaces,gitlens.views.account in workbench.view.extension.gitlens
2023-11-16 12:01:41.380 [info] Added views:gitlens.views.commitDetails,gitlens.views.lineHistory,gitlens.views.fileHistory,gitlens.views.searchAndCompare in workbench.view.extension.gitlensInspect
2023-11-16 12:01:41.382 [info] Added views:gitlens.views.commits,gitlens.views.branches,gitlens.views.remotes,gitlens.views.stashes,gitlens.views.tags,gitlens.views.contributors in workbench.view.scm
2023-11-16 12:01:41.383 [info] Added views:makefile.outline in workbench.view.extension.makefile__viewContainer
2023-11-16 12:01:41.737 [info] Added views:workbench.debug.welcome in workbench.view.debug
2023-11-16 12:01:41.976 [info] Added views:workbench.panel.repl.view in workbench.panel.repl
2023-11-16 12:01:42.066 [info] Added views:~remote.forwardedPorts in ~remote.forwardedPortsContainer
2023-11-16 12:01:43.061 [info] Removed views:gitlens.views.searchAndCompare,gitlens.views.fileHistory,gitlens.views.lineHistory,gitlens.views.commitDetails from workbench.view.extension.gitlensInspect
2023-11-16 12:01:43.063 [info] Removed views:gitlens.views.contributors,gitlens.views.tags,gitlens.views.stashes,gitlens.views.remotes,gitlens.views.branches,gitlens.views.commits from workbench.view.scm
2023-11-16 12:02:55.421 [info] Added views:workbench.panel.markers.view in workbench.panel.markers
2023-11-16 12:02:55.421 [info] Added views:workbench.panel.output in workbench.panel.output
2023-11-16 12:02:55.422 [info] Added views:terminal in terminal
2023-11-16 12:02:55.422 [info] Added views:outline in workbench.view.explorer
2023-11-16 12:02:55.422 [info] Added views:workbench.scm in workbench.view.scm
2023-11-16 12:02:55.422 [info] Added views:workbench.view.search in workbench.view.search
2023-11-16 12:02:55.422 [info] Added views:timeline in workbench.view.explorer
2023-11-16 12:02:55.422 [info] Added views:workbench.explorer.fileView in workbench.view.explorer
2023-11-16 12:02:55.879 [info] Added views:workbench.debug.variablesView,workbench.debug.watchExpressionsView,workbench.debug.callStackView,workbench.debug.breakPointsView in workbench.view.debug
2023-11-16 12:02:56.216 [info] Added views:gitlens.views.home,gitlens.views.drafts,gitlens.views.workspaces,gitlens.views.account in workbench.view.extension.gitlens
2023-11-16 12:02:56.218 [info] Added views:gitlens.views.commitDetails,gitlens.views.lineHistory,gitlens.views.fileHistory,gitlens.views.searchAndCompare in workbench.view.extension.gitlensInspect
2023-11-16 12:02:56.221 [info] Added views:gitlens.views.commits,gitlens.views.branches,gitlens.views.remotes,gitlens.views.stashes,gitlens.views.tags,gitlens.views.contributors in workbench.view.scm
2023-11-16 12:02:56.222 [info] Added views:makefile.outline in workbench.view.extension.makefile__viewContainer
2023-11-16 12:02:56.733 [info] Added views:~remote.forwardedPorts in ~remote.forwardedPortsContainer
2023-11-16 12:02:56.979 [info] Added views:workbench.panel.repl.view in workbench.panel.repl
2023-11-16 12:02:58.664 [info] Removed views:gitlens.views.searchAndCompare,gitlens.views.fileHistory,gitlens.views.lineHistory,gitlens.views.commitDetails from workbench.view.extension.gitlensInspect
2023-11-16 12:02:58.666 [info] Removed views:gitlens.views.contributors,gitlens.views.tags,gitlens.views.stashes,gitlens.views.remotes,gitlens.views.branches,gitlens.views.commits from workbench.view.scm
2023-11-16 12:02:59.118 [info] Added views:gitlens.views.commitDetails,gitlens.views.lineHistory,gitlens.views.fileHistory,gitlens.views.searchAndCompare in workbench.view.extension.gitlensInspect
2023-11-16 12:02:59.119 [info] Added views:gitlens.views.commits,gitlens.views.branches,gitlens.views.remotes,gitlens.views.stashes,gitlens.views.tags,gitlens.views.contributors in workbench.view.scm
2023-11-16 12:02:59.564 [info] Added views:gitlens.views.graph,gitlens.views.graphDetails in workbench.view.extension.gitlensPanel
2023-11-16 12:02:59.565 [info] Added views:gitlens.views.timeline in workbench.view.extension.gitlensInspect
2023-11-16 12:02:59.568 [info] Added views:gitlens.views.worktrees in workbench.view.scm
