2023-11-02 15:59:30.856 [info] Extension host with pid 1011 started
2023-11-02 15:59:30.856 [info] Skipping acquiring lock for /home/peter/.config/Code - OSS/User/workspaceStorage/dc0809535ae9c245f77eaee0c2969da9.
2023-11-02 15:59:31.469 [info] ExtensionService#_doActivateExtension vscode.emmet, startup: false, activationEvent: 'onLanguage'
2023-11-02 15:59:31.479 [info] ExtensionService#_doActivateExtension vadimcn.vscode-lldb, startup: false, activationEvent: 'onLanguage:c', root cause: franneck94.c-cpp-runner
2023-11-02 15:59:31.837 [info] ExtensionService#_doActivateExtension franneck94.c-cpp-runner, startup: false, activationEvent: 'onLanguage:c'
2023-11-02 15:59:31.946 [info] ExtensionService#_doActivateExtension vscode.git-base, startup: true, activationEvent: '*', root cause: vscode.git
2023-11-02 15:59:31.949 [info] ExtensionService#_doActivateExtension LaurentTreguier.vscode-simple-icons, startup: true, activationEvent: '*'
2023-11-02 15:59:31.964 [info] ExtensionService#_doActivateExtension vscode.git, startup: true, activationEvent: '*'
2023-11-02 15:59:32.001 [info] ExtensionService#_doActivateExtension vscode.github, startup: true, activationEvent: '*'
2023-11-02 15:59:32.064 [info] Eager extensions activated
2023-11-02 15:59:32.112 [info] ExtensionService#_doActivateExtension vscode.debug-auto-launch, startup: false, activationEvent: 'onStartupFinished'
2023-11-02 15:59:32.115 [info] ExtensionService#_doActivateExtension vscode.merge-conflict, startup: false, activationEvent: 'onStartupFinished'
2023-11-02 15:59:32.131 [info] ExtensionService#_doActivateExtension aaron-bond.better-comments, startup: false, activationEvent: 'onStartupFinished'
2023-11-02 15:59:32.143 [info] ExtensionService#_doActivateExtension eamodio.gitlens, startup: false, activationEvent: 'onStartupFinished'
2023-11-02 15:59:32.198 [info] ExtensionService#_doActivateExtension esbenp.prettier-vscode, startup: false, activationEvent: 'onStartupFinished'
2023-11-02 15:59:32.286 [info] ExtensionService#_doActivateExtension vscodevim.vim, startup: false, activationEvent: 'onStartupFinished'
2023-11-02 15:59:33.641 [error] Error: ENOENT: no such file or directory, open '/home/peter/.config/Code - OSS/User/globalStorage/vscodevim.vim/.registers'
2023-11-02 16:01:50.455 [info] ExtensionService#_doActivateExtension vscode.npm, startup: false, activationEvent: 'onTerminalQuickFixRequest:ms-vscode.npm-command'
2023-11-02 18:01:19.265 [info] Extension host terminating: renderer closed the MessagePort
2023-11-02 18:01:19.307 [error] Canceled: Canceled
	at new g (/usr/lib/code/out/vs/workbench/api/node/extensionHostProcess.js:125:57216)
	at i.U (/usr/lib/code/out/vs/workbench/api/node/extensionHostProcess.js:134:10864)
	at M.<computed>.j.charCodeAt.M.<computed> (/usr/lib/code/out/vs/workbench/api/node/extensionHostProcess.js:134:8315)
	at n.g (/usr/lib/code/out/vs/workbench/api/node/extensionHostProcess.js:125:83747)
	at n.executeCommand (/usr/lib/code/out/vs/workbench/api/node/extensionHostProcess.js:125:83185)
	at b.registerCommand.description (/usr/lib/code/out/vs/workbench/api/node/extensionHostProcess.js:125:82506)
	at n.h (/usr/lib/code/out/vs/workbench/api/node/extensionHostProcess.js:125:84283)
	at n.g (/usr/lib/code/out/vs/workbench/api/node/extensionHostProcess.js:125:83278)
	at n.executeCommand (/usr/lib/code/out/vs/workbench/api/node/extensionHostProcess.js:125:83185)
	at Object.executeCommand (/usr/lib/code/out/vs/workbench/api/node/extensionHostProcess.js:140:21282)
	at w (/home/peter/.vscode-oss/extensions/eamodio.gitlens-14.4.1-universal/dist/gitlens.js:1:1065521)
	at l (/home/peter/.vscode-oss/extensions/eamodio.gitlens-14.4.1-universal/dist/gitlens.js:1:1070149)
	at ActionRunners._updateContextKeys (/home/peter/.vscode-oss/extensions/eamodio.gitlens-14.4.1-universal/dist/gitlens.js:1:38884)
	at s (/home/peter/.vscode-oss/extensions/eamodio.gitlens-14.4.1-universal/dist/gitlens.js:1:37303)
	at RegisteredActionRunner.unregister (/home/peter/.vscode-oss/extensions/eamodio.gitlens-14.4.1-universal/dist/gitlens.js:1:37447)
	at RegisteredActionRunner.dispose (/home/peter/.vscode-oss/extensions/eamodio.gitlens-14.4.1-universal/dist/gitlens.js:1:36110)
	at ActionRunners.dispose (/home/peter/.vscode-oss/extensions/eamodio.gitlens-14.4.1-universal/dist/gitlens.js:1:36889)
	at /home/peter/.vscode-oss/extensions/eamodio.gitlens-14.4.1-universal/dist/gitlens.js:1:764036
	at Array.forEach (<anonymous>)
	at Object.dispose (/home/peter/.vscode-oss/extensions/eamodio.gitlens-14.4.1-universal/dist/gitlens.js:1:764021)
	at o (/usr/lib/code/out/vs/workbench/api/node/extensionHostProcess.js:30:754)
	at s.cb (/usr/lib/code/out/vs/workbench/api/node/extensionHostProcess.js:136:9846)
	at /usr/lib/code/out/vs/workbench/api/node/extensionHostProcess.js:136:7796
	at Array.map (<anonymous>)
	at s.Y (/usr/lib/code/out/vs/workbench/api/node/extensionHostProcess.js:136:7784)
	at s.terminate (/usr/lib/code/out/vs/workbench/api/node/extensionHostProcess.js:136:8054)
	at o.terminate (/usr/lib/code/out/vs/workbench/api/node/extensionHostProcess.js:140:1513)
	at l (/usr/lib/code/out/vs/workbench/api/node/extensionHostProcess.js:153:9801)
	at MessagePortMain.<anonymous> (/usr/lib/code/out/vs/workbench/api/node/extensionHostProcess.js:153:6226)
	at MessagePortMain.emit (node:events:513:28)
	at MessagePortMain._internalPort.emit (node:electron/js2c/utility_init:2:367) setContext undefined
2023-11-02 18:01:19.307 [error] Canceled: Canceled
	at new g (/usr/lib/code/out/vs/workbench/api/node/extensionHostProcess.js:125:57216)
	at i.U (/usr/lib/code/out/vs/workbench/api/node/extensionHostProcess.js:134:10864)
	at M.<computed>.j.charCodeAt.M.<computed> (/usr/lib/code/out/vs/workbench/api/node/extensionHostProcess.js:134:8315)
	at n.g (/usr/lib/code/out/vs/workbench/api/node/extensionHostProcess.js:125:83747)
	at n.executeCommand (/usr/lib/code/out/vs/workbench/api/node/extensionHostProcess.js:125:83185)
	at b.registerCommand.description (/usr/lib/code/out/vs/workbench/api/node/extensionHostProcess.js:125:82506)
	at n.h (/usr/lib/code/out/vs/workbench/api/node/extensionHostProcess.js:125:84283)
	at n.g (/usr/lib/code/out/vs/workbench/api/node/extensionHostProcess.js:125:83278)
	at n.executeCommand (/usr/lib/code/out/vs/workbench/api/node/extensionHostProcess.js:125:83185)
	at Object.executeCommand (/usr/lib/code/out/vs/workbench/api/node/extensionHostProcess.js:140:21282)
	at w (/home/peter/.vscode-oss/extensions/eamodio.gitlens-14.4.1-universal/dist/gitlens.js:1:1065521)
	at l (/home/peter/.vscode-oss/extensions/eamodio.gitlens-14.4.1-universal/dist/gitlens.js:1:1070149)
	at ActionRunners._updateContextKeys (/home/peter/.vscode-oss/extensions/eamodio.gitlens-14.4.1-universal/dist/gitlens.js:1:38884)
	at s (/home/peter/.vscode-oss/extensions/eamodio.gitlens-14.4.1-universal/dist/gitlens.js:1:37303)
	at RegisteredActionRunner.unregister (/home/peter/.vscode-oss/extensions/eamodio.gitlens-14.4.1-universal/dist/gitlens.js:1:37447)
	at RegisteredActionRunner.dispose (/home/peter/.vscode-oss/extensions/eamodio.gitlens-14.4.1-universal/dist/gitlens.js:1:36110)
	at ActionRunners.dispose (/home/peter/.vscode-oss/extensions/eamodio.gitlens-14.4.1-universal/dist/gitlens.js:1:36889)
	at /home/peter/.vscode-oss/extensions/eamodio.gitlens-14.4.1-universal/dist/gitlens.js:1:764036
	at Array.forEach (<anonymous>)
	at Object.dispose (/home/peter/.vscode-oss/extensions/eamodio.gitlens-14.4.1-universal/dist/gitlens.js:1:764021)
	at o (/usr/lib/code/out/vs/workbench/api/node/extensionHostProcess.js:30:754)
	at s.cb (/usr/lib/code/out/vs/workbench/api/node/extensionHostProcess.js:136:9846)
	at /usr/lib/code/out/vs/workbench/api/node/extensionHostProcess.js:136:7796
	at Array.map (<anonymous>)
	at s.Y (/usr/lib/code/out/vs/workbench/api/node/extensionHostProcess.js:136:7784)
	at s.terminate (/usr/lib/code/out/vs/workbench/api/node/extensionHostProcess.js:136:8054)
	at o.terminate (/usr/lib/code/out/vs/workbench/api/node/extensionHostProcess.js:140:1513)
	at l (/usr/lib/code/out/vs/workbench/api/node/extensionHostProcess.js:153:9801)
	at MessagePortMain.<anonymous> (/usr/lib/code/out/vs/workbench/api/node/extensionHostProcess.js:153:6226)
	at MessagePortMain.emit (node:events:513:28)
	at MessagePortMain._internalPort.emit (node:electron/js2c/utility_init:2:367) setContext undefined
2023-11-02 18:01:19.307 [error] Canceled: Canceled
	at new g (/usr/lib/code/out/vs/workbench/api/node/extensionHostProcess.js:125:57216)
	at i.U (/usr/lib/code/out/vs/workbench/api/node/extensionHostProcess.js:134:10864)
	at M.<computed>.j.charCodeAt.M.<computed> (/usr/lib/code/out/vs/workbench/api/node/extensionHostProcess.js:134:8315)
	at n.g (/usr/lib/code/out/vs/workbench/api/node/extensionHostProcess.js:125:83747)
	at n.executeCommand (/usr/lib/code/out/vs/workbench/api/node/extensionHostProcess.js:125:83185)
	at b.registerCommand.description (/usr/lib/code/out/vs/workbench/api/node/extensionHostProcess.js:125:82506)
	at n.h (/usr/lib/code/out/vs/workbench/api/node/extensionHostProcess.js:125:84283)
	at n.g (/usr/lib/code/out/vs/workbench/api/node/extensionHostProcess.js:125:83278)
	at n.executeCommand (/usr/lib/code/out/vs/workbench/api/node/extensionHostProcess.js:125:83185)
	at Object.executeCommand (/usr/lib/code/out/vs/workbench/api/node/extensionHostProcess.js:140:21282)
	at w (/home/peter/.vscode-oss/extensions/eamodio.gitlens-14.4.1-universal/dist/gitlens.js:1:1065521)
	at l (/home/peter/.vscode-oss/extensions/eamodio.gitlens-14.4.1-universal/dist/gitlens.js:1:1070149)
	at ActionRunners._updateContextKeys (/home/peter/.vscode-oss/extensions/eamodio.gitlens-14.4.1-universal/dist/gitlens.js:1:38884)
	at s (/home/peter/.vscode-oss/extensions/eamodio.gitlens-14.4.1-universal/dist/gitlens.js:1:37303)
	at RegisteredActionRunner.unregister (/home/peter/.vscode-oss/extensions/eamodio.gitlens-14.4.1-universal/dist/gitlens.js:1:37447)
	at RegisteredActionRunner.dispose (/home/peter/.vscode-oss/extensions/eamodio.gitlens-14.4.1-universal/dist/gitlens.js:1:36110)
	at ActionRunners.dispose (/home/peter/.vscode-oss/extensions/eamodio.gitlens-14.4.1-universal/dist/gitlens.js:1:36889)
	at /home/peter/.vscode-oss/extensions/eamodio.gitlens-14.4.1-universal/dist/gitlens.js:1:764036
	at Array.forEach (<anonymous>)
	at Object.dispose (/home/peter/.vscode-oss/extensions/eamodio.gitlens-14.4.1-universal/dist/gitlens.js:1:764021)
	at o (/usr/lib/code/out/vs/workbench/api/node/extensionHostProcess.js:30:754)
	at s.cb (/usr/lib/code/out/vs/workbench/api/node/extensionHostProcess.js:136:9846)
	at /usr/lib/code/out/vs/workbench/api/node/extensionHostProcess.js:136:7796
	at Array.map (<anonymous>)
	at s.Y (/usr/lib/code/out/vs/workbench/api/node/extensionHostProcess.js:136:7784)
	at s.terminate (/usr/lib/code/out/vs/workbench/api/node/extensionHostProcess.js:136:8054)
	at o.terminate (/usr/lib/code/out/vs/workbench/api/node/extensionHostProcess.js:140:1513)
	at l (/usr/lib/code/out/vs/workbench/api/node/extensionHostProcess.js:153:9801)
	at MessagePortMain.<anonymous> (/usr/lib/code/out/vs/workbench/api/node/extensionHostProcess.js:153:6226)
	at MessagePortMain.emit (node:events:513:28)
	at MessagePortMain._internalPort.emit (node:electron/js2c/utility_init:2:367) setContext undefined
2023-11-02 18:01:19.308 [error] Canceled: Canceled
	at new g (/usr/lib/code/out/vs/workbench/api/node/extensionHostProcess.js:125:57216)
	at i.U (/usr/lib/code/out/vs/workbench/api/node/extensionHostProcess.js:134:10864)
	at M.<computed>.j.charCodeAt.M.<computed> (/usr/lib/code/out/vs/workbench/api/node/extensionHostProcess.js:134:8315)
	at n.g (/usr/lib/code/out/vs/workbench/api/node/extensionHostProcess.js:125:83747)
	at n.executeCommand (/usr/lib/code/out/vs/workbench/api/node/extensionHostProcess.js:125:83185)
	at b.registerCommand.description (/usr/lib/code/out/vs/workbench/api/node/extensionHostProcess.js:125:82506)
	at n.h (/usr/lib/code/out/vs/workbench/api/node/extensionHostProcess.js:125:84283)
	at n.g (/usr/lib/code/out/vs/workbench/api/node/extensionHostProcess.js:125:83278)
	at n.executeCommand (/usr/lib/code/out/vs/workbench/api/node/extensionHostProcess.js:125:83185)
	at Object.executeCommand (/usr/lib/code/out/vs/workbench/api/node/extensionHostProcess.js:140:21282)
	at w (/home/peter/.vscode-oss/extensions/eamodio.gitlens-14.4.1-universal/dist/gitlens.js:1:1065521)
	at l (/home/peter/.vscode-oss/extensions/eamodio.gitlens-14.4.1-universal/dist/gitlens.js:1:1070149)
	at ActionRunners._updateContextKeys (/home/peter/.vscode-oss/extensions/eamodio.gitlens-14.4.1-universal/dist/gitlens.js:1:38884)
	at s (/home/peter/.vscode-oss/extensions/eamodio.gitlens-14.4.1-universal/dist/gitlens.js:1:37303)
	at RegisteredActionRunner.unregister (/home/peter/.vscode-oss/extensions/eamodio.gitlens-14.4.1-universal/dist/gitlens.js:1:37447)
	at RegisteredActionRunner.dispose (/home/peter/.vscode-oss/extensions/eamodio.gitlens-14.4.1-universal/dist/gitlens.js:1:36110)
	at Object.dispose (/home/peter/.vscode-oss/extensions/eamodio.gitlens-14.4.1-universal/dist/gitlens.js:1:37544)
	at o (/usr/lib/code/out/vs/workbench/api/node/extensionHostProcess.js:30:754)
	at s.cb (/usr/lib/code/out/vs/workbench/api/node/extensionHostProcess.js:136:9846)
	at /usr/lib/code/out/vs/workbench/api/node/extensionHostProcess.js:136:7796
	at Array.map (<anonymous>)
	at s.Y (/usr/lib/code/out/vs/workbench/api/node/extensionHostProcess.js:136:7784)
	at s.terminate (/usr/lib/code/out/vs/workbench/api/node/extensionHostProcess.js:136:8054)
	at o.terminate (/usr/lib/code/out/vs/workbench/api/node/extensionHostProcess.js:140:1513)
	at l (/usr/lib/code/out/vs/workbench/api/node/extensionHostProcess.js:153:9801)
	at MessagePortMain.<anonymous> (/usr/lib/code/out/vs/workbench/api/node/extensionHostProcess.js:153:6226)
	at MessagePortMain.emit (node:events:513:28)
	at MessagePortMain._internalPort.emit (node:electron/js2c/utility_init:2:367) setContext undefined
2023-11-02 18:01:19.308 [error] Canceled: Canceled
	at new g (/usr/lib/code/out/vs/workbench/api/node/extensionHostProcess.js:125:57216)
	at i.U (/usr/lib/code/out/vs/workbench/api/node/extensionHostProcess.js:134:10864)
	at M.<computed>.j.charCodeAt.M.<computed> (/usr/lib/code/out/vs/workbench/api/node/extensionHostProcess.js:134:8315)
	at n.g (/usr/lib/code/out/vs/workbench/api/node/extensionHostProcess.js:125:83747)
	at n.executeCommand (/usr/lib/code/out/vs/workbench/api/node/extensionHostProcess.js:125:83185)
	at b.registerCommand.description (/usr/lib/code/out/vs/workbench/api/node/extensionHostProcess.js:125:82506)
	at n.h (/usr/lib/code/out/vs/workbench/api/node/extensionHostProcess.js:125:84283)
	at n.g (/usr/lib/code/out/vs/workbench/api/node/extensionHostProcess.js:125:83278)
	at n.executeCommand (/usr/lib/code/out/vs/workbench/api/node/extensionHostProcess.js:125:83185)
	at Object.executeCommand (/usr/lib/code/out/vs/workbench/api/node/extensionHostProcess.js:140:21282)
	at w (/home/peter/.vscode-oss/extensions/eamodio.gitlens-14.4.1-universal/dist/gitlens.js:1:1065521)
	at l (/home/peter/.vscode-oss/extensions/eamodio.gitlens-14.4.1-universal/dist/gitlens.js:1:1070149)
	at ActionRunners._updateContextKeys (/home/peter/.vscode-oss/extensions/eamodio.gitlens-14.4.1-universal/dist/gitlens.js:1:38884)
	at s (/home/peter/.vscode-oss/extensions/eamodio.gitlens-14.4.1-universal/dist/gitlens.js:1:37303)
	at RegisteredActionRunner.unregister (/home/peter/.vscode-oss/extensions/eamodio.gitlens-14.4.1-universal/dist/gitlens.js:1:37447)
	at RegisteredActionRunner.dispose (/home/peter/.vscode-oss/extensions/eamodio.gitlens-14.4.1-universal/dist/gitlens.js:1:36110)
	at Object.dispose (/home/peter/.vscode-oss/extensions/eamodio.gitlens-14.4.1-universal/dist/gitlens.js:1:37544)
	at o (/usr/lib/code/out/vs/workbench/api/node/extensionHostProcess.js:30:754)
	at s.cb (/usr/lib/code/out/vs/workbench/api/node/extensionHostProcess.js:136:9846)
	at /usr/lib/code/out/vs/workbench/api/node/extensionHostProcess.js:136:7796
	at Array.map (<anonymous>)
	at s.Y (/usr/lib/code/out/vs/workbench/api/node/extensionHostProcess.js:136:7784)
	at s.terminate (/usr/lib/code/out/vs/workbench/api/node/extensionHostProcess.js:136:8054)
	at o.terminate (/usr/lib/code/out/vs/workbench/api/node/extensionHostProcess.js:140:1513)
	at l (/usr/lib/code/out/vs/workbench/api/node/extensionHostProcess.js:153:9801)
	at MessagePortMain.<anonymous> (/usr/lib/code/out/vs/workbench/api/node/extensionHostProcess.js:153:6226)
	at MessagePortMain.emit (node:events:513:28)
	at MessagePortMain._internalPort.emit (node:electron/js2c/utility_init:2:367) setContext undefined
2023-11-02 18:01:19.308 [error] Canceled: Canceled
	at new g (/usr/lib/code/out/vs/workbench/api/node/extensionHostProcess.js:125:57216)
	at i.U (/usr/lib/code/out/vs/workbench/api/node/extensionHostProcess.js:134:10864)
	at M.<computed>.j.charCodeAt.M.<computed> (/usr/lib/code/out/vs/workbench/api/node/extensionHostProcess.js:134:8315)
	at n.g (/usr/lib/code/out/vs/workbench/api/node/extensionHostProcess.js:125:83747)
	at n.executeCommand (/usr/lib/code/out/vs/workbench/api/node/extensionHostProcess.js:125:83185)
	at b.registerCommand.description (/usr/lib/code/out/vs/workbench/api/node/extensionHostProcess.js:125:82506)
	at n.h (/usr/lib/code/out/vs/workbench/api/node/extensionHostProcess.js:125:84283)
	at n.g (/usr/lib/code/out/vs/workbench/api/node/extensionHostProcess.js:125:83278)
	at n.executeCommand (/usr/lib/code/out/vs/workbench/api/node/extensionHostProcess.js:125:83185)
	at Object.executeCommand (/usr/lib/code/out/vs/workbench/api/node/extensionHostProcess.js:140:21282)
	at w (/home/peter/.vscode-oss/extensions/eamodio.gitlens-14.4.1-universal/dist/gitlens.js:1:1065521)
	at l (/home/peter/.vscode-oss/extensions/eamodio.gitlens-14.4.1-universal/dist/gitlens.js:1:1070149)
	at ActionRunners._updateContextKeys (/home/peter/.vscode-oss/extensions/eamodio.gitlens-14.4.1-universal/dist/gitlens.js:1:38884)
	at s (/home/peter/.vscode-oss/extensions/eamodio.gitlens-14.4.1-universal/dist/gitlens.js:1:37303)
	at RegisteredActionRunner.unregister (/home/peter/.vscode-oss/extensions/eamodio.gitlens-14.4.1-universal/dist/gitlens.js:1:37447)
	at RegisteredActionRunner.dispose (/home/peter/.vscode-oss/extensions/eamodio.gitlens-14.4.1-universal/dist/gitlens.js:1:36110)
	at Object.dispose (/home/peter/.vscode-oss/extensions/eamodio.gitlens-14.4.1-universal/dist/gitlens.js:1:37544)
	at o (/usr/lib/code/out/vs/workbench/api/node/extensionHostProcess.js:30:754)
	at s.cb (/usr/lib/code/out/vs/workbench/api/node/extensionHostProcess.js:136:9846)
	at /usr/lib/code/out/vs/workbench/api/node/extensionHostProcess.js:136:7796
	at Array.map (<anonymous>)
	at s.Y (/usr/lib/code/out/vs/workbench/api/node/extensionHostProcess.js:136:7784)
	at s.terminate (/usr/lib/code/out/vs/workbench/api/node/extensionHostProcess.js:136:8054)
	at o.terminate (/usr/lib/code/out/vs/workbench/api/node/extensionHostProcess.js:140:1513)
	at l (/usr/lib/code/out/vs/workbench/api/node/extensionHostProcess.js:153:9801)
	at MessagePortMain.<anonymous> (/usr/lib/code/out/vs/workbench/api/node/extensionHostProcess.js:153:6226)
	at MessagePortMain.emit (node:events:513:28)
	at MessagePortMain._internalPort.emit (node:electron/js2c/utility_init:2:367) setContext undefined
2023-11-02 18:01:19.310 [error] Canceled: Canceled
	at new g (/usr/lib/code/out/vs/workbench/api/node/extensionHostProcess.js:125:57216)
	at i.U (/usr/lib/code/out/vs/workbench/api/node/extensionHostProcess.js:134:10864)
	at M.<computed>.j.charCodeAt.M.<computed> (/usr/lib/code/out/vs/workbench/api/node/extensionHostProcess.js:134:8315)
	at n.g (/usr/lib/code/out/vs/workbench/api/node/extensionHostProcess.js:125:83747)
	at n.executeCommand (/usr/lib/code/out/vs/workbench/api/node/extensionHostProcess.js:125:83185)
	at b.registerCommand.description (/usr/lib/code/out/vs/workbench/api/node/extensionHostProcess.js:125:82506)
	at n.h (/usr/lib/code/out/vs/workbench/api/node/extensionHostProcess.js:125:84283)
	at n.g (/usr/lib/code/out/vs/workbench/api/node/extensionHostProcess.js:125:83278)
	at n.executeCommand (/usr/lib/code/out/vs/workbench/api/node/extensionHostProcess.js:125:83185)
	at Object.executeCommand (/usr/lib/code/out/vs/workbench/api/node/extensionHostProcess.js:140:21282)
	at setContextValue (/home/peter/.vscode-oss/extensions/franneck94.c-cpp-runner-5.2.1-universal/dist/main.js:5343:28)
	at Object.deactivate (/home/peter/.vscode-oss/extensions/franneck94.c-cpp-runner-5.2.1-universal/dist/main.js:3482:39)
	at s.cb (/usr/lib/code/out/vs/workbench/api/node/extensionHostProcess.js:136:9651)
	at /usr/lib/code/out/vs/workbench/api/node/extensionHostProcess.js:136:7796
	at Array.map (<anonymous>)
	at s.Y (/usr/lib/code/out/vs/workbench/api/node/extensionHostProcess.js:136:7784)
	at s.terminate (/usr/lib/code/out/vs/workbench/api/node/extensionHostProcess.js:136:8054)
	at o.terminate (/usr/lib/code/out/vs/workbench/api/node/extensionHostProcess.js:140:1513)
	at l (/usr/lib/code/out/vs/workbench/api/node/extensionHostProcess.js:153:9801)
	at MessagePortMain.<anonymous> (/usr/lib/code/out/vs/workbench/api/node/extensionHostProcess.js:153:6226)
	at MessagePortMain.emit (node:events:513:28)
	at MessagePortMain._internalPort.emit (node:electron/js2c/utility_init:2:367) setContext undefined
2023-11-02 18:01:19.310 [error] Error: ENOENT: no such file or directory, open '/home/peter/.config/Code - OSS/User/globalStorage/vscodevim.vim/.registers'
2023-11-02 18:01:19.311 [info] Extension host with pid 1011 exiting with code 0
