2023-10-07 20:05:35.061 [info] Log level: Info
2023-10-07 20:05:35.061 [info] Validating found git in: "git"
2023-10-07 20:05:35.061 [info] Using git "2.42.0" from "git"
2023-10-07 20:05:35.061 [info] > git rev-parse --show-toplevel [10ms]
2023-10-07 20:05:35.063 [info] > git rev-parse --git-dir --git-common-dir [8ms]
2023-10-07 20:05:35.096 [info] Open repository: /mnt/USB_Drive/peterpen/ist/aed/labs/prep/lab5
2023-10-07 20:05:35.186 [info] > git rev-parse --show-toplevel [52ms]
2023-10-07 20:05:35.187 [info] > git config --get commit.template [67ms]
2023-10-07 20:05:35.221 [info] No remotes found in the git config file.
2023-10-07 20:05:35.223 [info] > git for-each-ref --format=%(refname)%00%(upstream:short)%00%(objectname)%00%(upstream:track)%00%(upstream:remotename)%00%(upstream:remoteref) refs/heads/main refs/remotes/main [4ms]
2023-10-07 20:05:35.236 [info] > git rev-parse --show-toplevel [27ms]
2023-10-07 20:05:35.242 [info] > git status -z -uall [6ms]
2023-10-07 20:05:35.288 [info] > git config --get commit.template [7ms]
2023-10-07 20:05:35.307 [info] No remotes found in the git config file.
2023-10-07 20:05:35.311 [info] > git for-each-ref --format=%(refname)%00%(upstream:short)%00%(objectname)%00%(upstream:track)%00%(upstream:remotename)%00%(upstream:remoteref) refs/heads/main refs/remotes/main [5ms]
2023-10-07 20:05:35.329 [info] > git status -z -uall [5ms]
2023-10-07 20:05:35.696 [info] > git check-ignore -v -z --stdin [4ms]
2023-10-07 20:06:21.895 [info] > git remote add LabsAED https://github.com/TimSousa1/labsAED.git [7ms]
2023-10-07 20:06:21.922 [info] > git config --get commit.template [12ms]
2023-10-07 20:06:21.923 [info] > git for-each-ref --format=%(refname)%00%(upstream:short)%00%(objectname)%00%(upstream:track)%00%(upstream:remotename)%00%(upstream:remoteref) refs/heads/main refs/remotes/main [2ms]
2023-10-07 20:06:21.937 [info] > git status -z -uall [4ms]
2023-10-07 20:06:26.262 [info] > git fetch LabsAED [4309ms]
2023-10-07 20:06:26.262 [info] From https://github.com/TimSousa1/labsAED
 * [new branch]      TimSousa1-patch-1  -> LabsAED/TimSousa1-patch-1
 * [new branch]      counter_fixes      -> LabsAED/counter_fixes
 * [new branch]      criteria_functions -> LabsAED/criteria_functions
 * [new branch]      fix_pt1            -> LabsAED/fix_pt1
 * [new branch]      lab4               -> LabsAED/lab4
 * [new branch]      lab4_pt2           -> LabsAED/lab4_pt2
 * [new branch]      lab5               -> LabsAED/lab5
 * [new branch]      master             -> LabsAED/master
 * [new branch]      peter3             -> LabsAED/peter3
 * [new branch]      peterlai           -> LabsAED/peterlai
 * [new branch]      peterlai2          -> LabsAED/peterlai2
 * [new branch]      qsort              -> LabsAED/qsort
2023-10-07 20:06:26.290 [info] > git config --get commit.template [13ms]
2023-10-07 20:06:26.291 [info] > git for-each-ref --format=%(refname)%00%(upstream:short)%00%(objectname)%00%(upstream:track)%00%(upstream:remotename)%00%(upstream:remoteref) refs/heads/main refs/remotes/main [3ms]
2023-10-07 20:06:26.309 [info] > git status -z -uall [4ms]
2023-10-07 20:06:27.355 [info] > git config --get commit.template [12ms]
2023-10-07 20:06:27.356 [info] > git for-each-ref --format=%(refname)%00%(upstream:short)%00%(objectname)%00%(upstream:track)%00%(upstream:remotename)%00%(upstream:remoteref) refs/heads/main refs/remotes/main [2ms]
2023-10-07 20:06:27.369 [info] > git status -z -uall [2ms]
2023-10-07 20:07:09.006 [info] > git fetch [1081ms]
2023-10-07 20:07:09.006 [info] Missing or invalid credentials.
Skip silent fetch commands
Missing or invalid credentials.
Skip silent fetch commands
remote: Repository not found.
fatal: Authentication failed for 'https://github.com/TimSousa1/labsAED.git/'
2023-10-07 20:07:09.028 [info] > git config --get commit.template [13ms]
2023-10-07 20:07:09.030 [info] > git for-each-ref --format=%(refname)%00%(upstream:short)%00%(objectname)%00%(upstream:track)%00%(upstream:remotename)%00%(upstream:remoteref) refs/heads/main refs/remotes/main [3ms]
2023-10-07 20:07:09.041 [info] > git status -z -uall [3ms]
2023-10-07 20:07:46.309 [info] > git config --get commit.template [3ms]
2023-10-07 20:07:46.328 [info] > git for-each-ref --format=%(refname)%00%(upstream:short)%00%(objectname)%00%(upstream:track)%00%(upstream:remotename)%00%(upstream:remoteref) refs/heads/main refs/remotes/main [5ms]
2023-10-07 20:07:46.347 [info] > git status -z -uall [3ms]
2023-10-07 20:07:50.588 [info] > git for-each-ref --sort -committerdate --format %(refname) %(objectname) %(*objectname) [4ms]
2023-10-07 20:07:55.249 [info] > git for-each-ref --sort -committerdate --format %(refname) %(objectname) %(*objectname) [5ms]
2023-10-07 20:08:12.919 [info] > git checkout -q -b counter_and_free --no-track LabsAED/master [275ms]
2023-10-07 20:08:12.951 [info] > git for-each-ref --format=%(refname)%00%(upstream:short)%00%(objectname)%00%(upstream:track)%00%(upstream:remotename)%00%(upstream:remoteref) refs/heads/counter_and_free refs/remotes/counter_and_free [10ms]
2023-10-07 20:08:12.951 [info] > git config --get commit.template [22ms]
2023-10-07 20:08:13.162 [info] > git status -z -uall [201ms]
2023-10-07 20:08:19.574 [info] > git check-ignore -v -z --stdin [2ms]
2023-10-07 20:08:20.748 [info] > git check-ignore -v -z --stdin [2ms]
2023-10-07 20:08:24.643 [info] > git check-ignore -v -z --stdin [1ms]
2023-10-07 20:08:42.134 [info] > git check-ignore -v -z --stdin [2ms]
2023-10-07 20:08:52.826 [info] > git config --get commit.template [11ms]
2023-10-07 20:08:52.827 [info] > git for-each-ref --format=%(refname)%00%(upstream:short)%00%(objectname)%00%(upstream:track)%00%(upstream:remotename)%00%(upstream:remoteref) refs/heads/counter_and_free refs/remotes/counter_and_free [3ms]
2023-10-07 20:08:52.985 [info] > git status -z -uall [147ms]
2023-10-07 20:08:54.168 [info] > git check-ignore -v -z --stdin [1ms]
2023-10-07 20:08:55.549 [info] > git show --textconv :prep/lab5/src/qsortwords.c [16ms]
2023-10-07 20:08:55.551 [info] > git ls-files --stage -- /mnt/USB_Drive/peterpen/ist/aed/labs/prep/lab5/prep/lab5/src/qsortwords.c [3ms]
2023-10-07 20:08:55.565 [info] > git cat-file -s 54187ce94b756333aef55f2d46e769e0b6596ea9 [3ms]
2023-10-07 20:08:57.673 [info] > git show --textconv :prep/lab5/src/word.c [16ms]
2023-10-07 20:08:57.675 [info] > git ls-files --stage -- /mnt/USB_Drive/peterpen/ist/aed/labs/prep/lab5/prep/lab5/src/word.c [3ms]
2023-10-07 20:08:57.696 [info] > git cat-file -s cd2eb214595f365efdf235d745d7d2157db48916 [4ms]
2023-10-07 20:09:26.281 [info] > git config --get commit.template [10ms]
2023-10-07 20:09:26.283 [info] > git for-each-ref --format=%(refname)%00%(upstream:short)%00%(objectname)%00%(upstream:track)%00%(upstream:remotename)%00%(upstream:remoteref) refs/heads/counter_and_free refs/remotes/counter_and_free [3ms]
2023-10-07 20:09:26.446 [info] > git status -z -uall [152ms]
2023-10-07 20:09:28.801 [info] > git show --textconv :prep/lab5/src/qsortwords.c [14ms]
2023-10-07 20:09:28.805 [info] > git ls-files --stage -- /mnt/USB_Drive/peterpen/ist/aed/labs/prep/lab5/prep/lab5/src/qsortwords.c [5ms]
2023-10-07 20:09:28.816 [info] > git cat-file -s 54187ce94b756333aef55f2d46e769e0b6596ea9 [2ms]
2023-10-07 20:10:09.982 [info] > git config --get commit.template [11ms]
2023-10-07 20:10:09.983 [info] > git for-each-ref --format=%(refname)%00%(upstream:short)%00%(objectname)%00%(upstream:track)%00%(upstream:remotename)%00%(upstream:remoteref) refs/heads/counter_and_free refs/remotes/counter_and_free [2ms]
2023-10-07 20:10:10.144 [info] > git status -z -uall [153ms]
2023-10-07 20:10:57.894 [info] > git config --get commit.template [12ms]
2023-10-07 20:10:57.896 [info] > git for-each-ref --format=%(refname)%00%(upstream:short)%00%(objectname)%00%(upstream:track)%00%(upstream:remotename)%00%(upstream:remoteref) refs/heads/counter_and_free refs/remotes/counter_and_free [2ms]
2023-10-07 20:10:58.051 [info] > git status -z -uall [144ms]
2023-10-07 20:11:00.245 [info] > git show --textconv :prep/lab5/src/sortwords.c [15ms]
2023-10-07 20:11:00.247 [info] > git ls-files --stage -- /mnt/USB_Drive/peterpen/ist/aed/labs/prep/lab5/prep/lab5/src/sortwords.c [3ms]
2023-10-07 20:11:00.264 [info] > git cat-file -s eec59566f8c4e5af311ac9196bef94482a0a5a33 [4ms]
2023-10-07 20:11:35.917 [info] > git config --get commit.template [8ms]
2023-10-07 20:11:35.918 [info] > git for-each-ref --format=%(refname)%00%(upstream:short)%00%(objectname)%00%(upstream:track)%00%(upstream:remotename)%00%(upstream:remoteref) refs/heads/counter_and_free refs/remotes/counter_and_free [2ms]
2023-10-07 20:11:36.077 [info] > git status -z -uall [153ms]
2023-10-07 20:11:48.930 [info] > git show --textconv :prep/lab5/src/word.c [13ms]
2023-10-07 20:11:48.932 [info] > git ls-files --stage -- /mnt/USB_Drive/peterpen/ist/aed/labs/prep/lab5/prep/lab5/src/word.c [3ms]
2023-10-07 20:11:48.948 [info] > git cat-file -s cd2eb214595f365efdf235d745d7d2157db48916 [4ms]
2023-10-07 20:11:50.370 [info] > git show --textconv :prep/lab5/src/sortwords.c [11ms]
2023-10-07 20:11:50.373 [info] > git ls-files --stage -- /mnt/USB_Drive/peterpen/ist/aed/labs/prep/lab5/prep/lab5/src/sortwords.c [4ms]
2023-10-07 20:11:50.386 [info] > git cat-file -s eec59566f8c4e5af311ac9196bef94482a0a5a33 [2ms]
2023-10-07 20:12:20.988 [info] > git config --get commit.template [15ms]
2023-10-07 20:12:20.990 [info] > git for-each-ref --format=%(refname)%00%(upstream:short)%00%(objectname)%00%(upstream:track)%00%(upstream:remotename)%00%(upstream:remoteref) refs/heads/counter_and_free refs/remotes/counter_and_free [3ms]
2023-10-07 20:12:21.188 [info] > git status -z -uall [187ms]
2023-10-07 20:12:25.387 [info] > git show --textconv :prep/lab5/src/qsortwords.c [14ms]
2023-10-07 20:12:25.389 [info] > git ls-files --stage -- /mnt/USB_Drive/peterpen/ist/aed/labs/prep/lab5/prep/lab5/src/qsortwords.c [3ms]
2023-10-07 20:12:25.403 [info] > git cat-file -s 54187ce94b756333aef55f2d46e769e0b6596ea9 [3ms]
2023-10-07 20:12:29.482 [info] > git config --get commit.template [9ms]
2023-10-07 20:12:29.483 [info] > git for-each-ref --format=%(refname)%00%(upstream:short)%00%(objectname)%00%(upstream:track)%00%(upstream:remotename)%00%(upstream:remoteref) refs/heads/counter_and_free refs/remotes/counter_and_free [3ms]
2023-10-07 20:12:29.670 [info] > git status -z -uall [178ms]
2023-10-07 20:12:45.175 [info] > git config --get commit.template [11ms]
2023-10-07 20:12:45.176 [info] > git for-each-ref --format=%(refname)%00%(upstream:short)%00%(objectname)%00%(upstream:track)%00%(upstream:remotename)%00%(upstream:remoteref) refs/heads/counter_and_free refs/remotes/counter_and_free [2ms]
2023-10-07 20:12:45.371 [info] > git status -z -uall [183ms]
2023-10-07 20:12:46.018 [info] > git check-ignore -v -z --stdin [2ms]
2023-10-07 20:12:51.624 [info] > git show --textconv :prep/lab5/src/sortwords.c [13ms]
2023-10-07 20:12:51.626 [info] > git ls-files --stage -- /mnt/USB_Drive/peterpen/ist/aed/labs/prep/lab5/prep/lab5/src/sortwords.c [3ms]
2023-10-07 20:12:51.640 [info] > git cat-file -s eec59566f8c4e5af311ac9196bef94482a0a5a33 [3ms]
2023-10-07 20:12:51.738 [info] > git config --get commit.template [11ms]
2023-10-07 20:12:51.739 [info] > git for-each-ref --format=%(refname)%00%(upstream:short)%00%(objectname)%00%(upstream:track)%00%(upstream:remotename)%00%(upstream:remoteref) refs/heads/counter_and_free refs/remotes/counter_and_free [2ms]
2023-10-07 20:12:51.939 [info] > git status -z -uall [188ms]
2023-10-07 20:12:56.960 [info] > git config --get commit.template [3ms]
2023-10-07 20:12:56.974 [info] > git for-each-ref --format=%(refname)%00%(upstream:short)%00%(objectname)%00%(upstream:track)%00%(upstream:remotename)%00%(upstream:remoteref) refs/heads/counter_and_free refs/remotes/counter_and_free [3ms]
2023-10-07 20:12:57.234 [info] > git status -z -uall [248ms]
2023-10-07 20:13:02.269 [info] > git config --get commit.template [16ms]
2023-10-07 20:13:02.271 [info] > git for-each-ref --format=%(refname)%00%(upstream:short)%00%(objectname)%00%(upstream:track)%00%(upstream:remotename)%00%(upstream:remoteref) refs/heads/counter_and_free refs/remotes/counter_and_free [4ms]
2023-10-07 20:13:02.469 [info] > git status -z -uall [187ms]
2023-10-07 20:13:13.550 [info] > git config --get commit.template [12ms]
2023-10-07 20:13:13.551 [info] > git for-each-ref --format=%(refname)%00%(upstream:short)%00%(objectname)%00%(upstream:track)%00%(upstream:remotename)%00%(upstream:remoteref) refs/heads/counter_and_free refs/remotes/counter_and_free [2ms]
2023-10-07 20:13:13.746 [info] > git status -z -uall [186ms]
2023-10-07 20:13:14.398 [info] > git check-ignore -v -z --stdin [1ms]
2023-10-07 20:13:21.074 [info] > git config --get commit.template [12ms]
2023-10-07 20:13:21.076 [info] > git for-each-ref --format=%(refname)%00%(upstream:short)%00%(objectname)%00%(upstream:track)%00%(upstream:remotename)%00%(upstream:remoteref) refs/heads/counter_and_free refs/remotes/counter_and_free [3ms]
2023-10-07 20:13:21.264 [info] > git status -z -uall [176ms]
2023-10-07 20:13:21.935 [info] > git check-ignore -v -z --stdin [2ms]
2023-10-07 20:13:26.295 [info] > git config --get commit.template [14ms]
2023-10-07 20:13:26.297 [info] > git for-each-ref --format=%(refname)%00%(upstream:short)%00%(objectname)%00%(upstream:track)%00%(upstream:remotename)%00%(upstream:remoteref) refs/heads/counter_and_free refs/remotes/counter_and_free [2ms]
2023-10-07 20:13:26.481 [info] > git status -z -uall [175ms]
2023-10-07 20:13:33.145 [info] > git config --get commit.template [10ms]
2023-10-07 20:13:33.146 [info] > git for-each-ref --format=%(refname)%00%(upstream:short)%00%(objectname)%00%(upstream:track)%00%(upstream:remotename)%00%(upstream:remoteref) refs/heads/counter_and_free refs/remotes/counter_and_free [2ms]
2023-10-07 20:13:33.342 [info] > git status -z -uall [186ms]
2023-10-07 20:13:39.844 [info] > git show --textconv HEAD:prep/lab5/tests/doc2.txt.palavras [17ms]
2023-10-07 20:13:39.847 [info] > git ls-tree -l HEAD -- /mnt/USB_Drive/peterpen/ist/aed/labs/prep/lab5/prep/lab5/tests/doc2.txt.palavras [4ms]
2023-10-07 20:14:02.648 [info] > git clean -f -q -- /mnt/USB_Drive/peterpen/ist/aed/labs/prep/lab5/prep/lab5/tests/doc2.txt.palavras [4ms]
2023-10-07 20:14:02.676 [info] > git ls-tree -l HEAD -- /mnt/USB_Drive/peterpen/ist/aed/labs/prep/lab5/prep/lab5/tests/doc2.txt.palavras [2ms]
2023-10-07 20:14:02.835 [info] > git checkout -q [177ms]
2023-10-07 20:14:02.867 [info] > git config --get commit.template [15ms]
2023-10-07 20:14:02.869 [info] > git for-each-ref --format=%(refname)%00%(upstream:short)%00%(objectname)%00%(upstream:track)%00%(upstream:remotename)%00%(upstream:remoteref) refs/heads/counter_and_free refs/remotes/counter_and_free [4ms]
2023-10-07 20:14:02.887 [info] > git status -z -uall [6ms]
2023-10-07 20:14:03.987 [info] > git config --get commit.template [12ms]
2023-10-07 20:14:03.990 [info] > git for-each-ref --format=%(refname)%00%(upstream:short)%00%(objectname)%00%(upstream:track)%00%(upstream:remotename)%00%(upstream:remoteref) refs/heads/counter_and_free refs/remotes/counter_and_free [3ms]
2023-10-07 20:14:04.008 [info] > git status -z -uall [5ms]
2023-10-07 20:14:04.082 [info] > git ls-tree -l HEAD -- /mnt/USB_Drive/peterpen/ist/aed/labs/prep/lab5/prep/lab5/tests/doc2.txt.palavras [4ms]
2023-10-07 20:14:04.101 [info] > git show --textconv HEAD:prep/lab5/tests/doc2.txt.palavras [3ms]
2023-10-07 20:14:24.092 [info] > git add -A -- . [23ms]
2023-10-07 20:14:24.107 [info] > git ls-tree -l HEAD -- /mnt/USB_Drive/peterpen/ist/aed/labs/prep/lab5/prep/lab5/tests/doc2.txt.palavras [16ms]
2023-10-07 20:14:24.921 [info] > git show --textconv :.git/COMMIT_EDITMSG [16ms]
2023-10-07 20:14:24.924 [info] > git ls-files --stage -- /mnt/USB_Drive/peterpen/ist/aed/labs/prep/lab5/.git/COMMIT_EDITMSG [3ms]
2023-10-07 20:14:25.221 [info] > git check-ignore -v -z --stdin [2ms]
2023-10-07 20:14:25.396 [info] > git ls-tree -l HEAD -- /mnt/USB_Drive/peterpen/ist/aed/labs/prep/lab5/prep/lab5/tests/doc2.txt.palavras [13ms]
2023-10-07 20:14:25.398 [info] > git ls-files --stage -- /mnt/USB_Drive/peterpen/ist/aed/labs/prep/lab5/.git/COMMIT_EDITMSG [4ms]
2023-10-07 20:14:25.425 [info] > git show --textconv HEAD:prep/lab5/tests/doc2.txt.palavras [12ms]
2023-10-07 20:14:25.428 [info] > git show --textconv :.git/COMMIT_EDITMSG [4ms]
2023-10-07 20:14:41.047 [info] > git ls-tree -l HEAD -- /mnt/USB_Drive/peterpen/ist/aed/labs/prep/lab5/prep/lab5/tests/doc2.txt.palavras [18ms]
2023-10-07 20:14:41.050 [info] > git ls-files --stage -- /mnt/USB_Drive/peterpen/ist/aed/labs/prep/lab5/.git/COMMIT_EDITMSG [4ms]
2023-10-07 20:14:41.077 [info] > git show --textconv HEAD:prep/lab5/tests/doc2.txt.palavras [13ms]
2023-10-07 20:14:41.080 [info] > git show --textconv :.git/COMMIT_EDITMSG [4ms]
2023-10-07 20:14:43.887 [info] > git -c user.useConfigOnly=true commit --quiet [19782ms]
2023-10-07 20:14:43.937 [info] > git for-each-ref --format=%(refname)%00%(upstream:short)%00%(objectname)%00%(upstream:track)%00%(upstream:remotename)%00%(upstream:remoteref) refs/heads/counter_and_free refs/remotes/counter_and_free [18ms]
2023-10-07 20:14:43.937 [info] > git config --get commit.template [36ms]
2023-10-07 20:14:43.951 [info] > git ls-tree -l HEAD -- /mnt/USB_Drive/peterpen/ist/aed/labs/prep/lab5/prep/lab5/tests/doc2.txt.palavras [15ms]
2023-10-07 20:14:43.955 [info] > git status -z -uall [7ms]
2023-10-07 20:14:43.999 [info] > git config --get commit.template [15ms]
2023-10-07 20:14:44.002 [info] > git for-each-ref --format=%(refname)%00%(upstream:short)%00%(objectname)%00%(upstream:track)%00%(upstream:remotename)%00%(upstream:remoteref) refs/heads/counter_and_free refs/remotes/counter_and_free [3ms]
2023-10-07 20:14:44.016 [info] > git status -z -uall [4ms]
2023-10-07 20:14:44.238 [info] > git config --get commit.template [3ms]
2023-10-07 20:14:44.254 [info] > git for-each-ref --format=%(refname)%00%(upstream:short)%00%(objectname)%00%(upstream:track)%00%(upstream:remotename)%00%(upstream:remoteref) refs/heads/counter_and_free refs/remotes/counter_and_free [4ms]
2023-10-07 20:14:44.271 [info] > git status -z -uall [6ms]
2023-10-07 20:14:54.194 [info] > git push -u LabsAED counter_and_free [1969ms]
2023-10-07 20:14:54.194 [info] remote: 
remote: Create a pull request for 'counter_and_free' on GitHub by visiting:        
remote:      https://github.com/TimSousa1/labsAED/pull/new/counter_and_free        
remote: 
To https://github.com/TimSousa1/labsAED.git
 * [new branch]      counter_and_free -> counter_and_free
2023-10-07 20:14:54.219 [info] > git config --get commit.template [12ms]
2023-10-07 20:14:54.221 [info] > git for-each-ref --format=%(refname)%00%(upstream:short)%00%(objectname)%00%(upstream:track)%00%(upstream:remotename)%00%(upstream:remoteref) refs/heads/counter_and_free refs/remotes/counter_and_free [4ms]
2023-10-07 20:14:54.237 [info] > git status -z -uall [6ms]
2023-10-07 20:14:55.315 [info] > git config --get commit.template [15ms]
2023-10-07 20:14:55.316 [info] > git for-each-ref --format=%(refname)%00%(upstream:short)%00%(objectname)%00%(upstream:track)%00%(upstream:remotename)%00%(upstream:remoteref) refs/heads/counter_and_free refs/remotes/counter_and_free [2ms]
2023-10-07 20:14:55.332 [info] > git status -z -uall [5ms]
2023-10-07 20:14:55.402 [info] > git ls-tree -l HEAD -- /mnt/USB_Drive/peterpen/ist/aed/labs/prep/lab5/prep/lab5/tests/doc2.txt.palavras [3ms]
2023-10-07 20:14:55.422 [info] > git show --textconv HEAD:prep/lab5/tests/doc2.txt.palavras [4ms]
2023-10-07 20:16:36.011 [info] > git config --get commit.template [4ms]
2023-10-07 20:16:36.012 [info] > git ls-tree -l HEAD -- /mnt/USB_Drive/peterpen/ist/aed/labs/prep/lab5/prep/lab5/tests/doc2.txt.palavras [20ms]
2023-10-07 20:16:36.035 [info] > git for-each-ref --format=%(refname)%00%(upstream:short)%00%(objectname)%00%(upstream:track)%00%(upstream:remotename)%00%(upstream:remoteref) refs/heads/counter_and_free refs/remotes/counter_and_free [5ms]
2023-10-07 20:16:36.061 [info] > git status -z -uall [7ms]
2023-10-07 20:20:32.164 [info] > git ls-tree -l HEAD -- /mnt/USB_Drive/peterpen/ist/aed/labs/prep/lab5/prep/lab5/tests/doc2.txt.palavras [5ms]
2023-10-07 20:20:35.184 [info] > git show --textconv :prep/lab5/src/sortwords.c [16ms]
2023-10-07 20:20:35.186 [info] > git ls-files --stage -- /mnt/USB_Drive/peterpen/ist/aed/labs/prep/lab5/prep/lab5/src/sortwords.c [3ms]
2023-10-07 20:20:35.202 [info] > git cat-file -s 40012303438f181e6e7ac6ef365f529d522b3fb6 [3ms]
