2023-10-07 19:43:49.954 [info] Log level: Info
2023-10-07 19:43:49.954 [info] Validating found git in: "git"
2023-10-07 19:43:49.954 [info] Using git "2.42.0" from "git"
2023-10-07 19:43:49.954 [info] > git rev-parse --show-toplevel [18ms]
2023-10-07 19:43:49.954 [info] > git rev-parse --show-toplevel [24ms]
2023-10-07 19:43:49.973 [info] > git rev-parse --show-toplevel [3ms]
2023-10-07 19:43:49.989 [info] > git rev-parse --show-toplevel [1ms]
2023-10-07 19:43:50.044 [info] > git rev-parse --show-toplevel [12ms]
2023-10-07 19:43:50.263 [info] > git rev-parse --show-toplevel [4ms]
2023-10-07 19:43:50.786 [info] > git rev-parse --show-toplevel [4ms]
2023-10-07 19:43:51.053 [info] > git rev-parse --show-toplevel [3ms]
2023-10-07 19:44:00.003 [info] > git rev-parse --show-toplevel [2ms]
2023-10-07 19:44:50.870 [info] > git init -b main [8ms]
2023-10-07 19:44:51.456 [info] > git rev-parse --show-toplevel [2ms]
2023-10-07 19:44:51.464 [info] > git rev-parse --git-dir --git-common-dir [2ms]
2023-10-07 19:44:51.491 [info] Open repository: /mnt/USB_Drive/peterpen/ist/aed/labs/prep/lab5
2023-10-07 19:44:51.513 [info] No remotes found in the git config file.
2023-10-07 19:44:51.515 [info] > git config --get commit.template [12ms]
2023-10-07 19:44:51.526 [info] > git for-each-ref --format=%(refname)%00%(upstream:short)%00%(objectname)%00%(upstream:track)%00%(upstream:remotename)%00%(upstream:remoteref) refs/heads/main refs/remotes/main [14ms]
2023-10-07 19:44:51.543 [info] > git status -z -uall [4ms]
2023-10-07 19:44:51.617 [info] > git config --get commit.template [41ms]
2023-10-07 19:44:51.629 [info] No remotes found in the git config file.
2023-10-07 19:44:51.631 [info] > git for-each-ref --format=%(refname)%00%(upstream:short)%00%(objectname)%00%(upstream:track)%00%(upstream:remotename)%00%(upstream:remoteref) refs/heads/main refs/remotes/main [2ms]
2023-10-07 19:44:51.644 [info] > git status -z -uall [3ms]
2023-10-07 19:44:52.413 [info] > git check-ignore -v -z --stdin [2ms]
2023-10-07 19:45:01.418 [info] > git check-ignore -v -z --stdin [2ms]
2023-10-07 19:45:04.582 [info] > git show --textconv :src/defs.h [12ms]
2023-10-07 19:45:04.585 [info] > git ls-files --stage -- /mnt/USB_Drive/peterpen/ist/aed/labs/prep/lab5/src/defs.h [5ms]
2023-10-07 19:45:06.879 [info] > git show --textconv :src/qsortwords.c [10ms]
2023-10-07 19:45:06.882 [info] > git ls-files --stage -- /mnt/USB_Drive/peterpen/ist/aed/labs/prep/lab5/src/qsortwords.c [4ms]
2023-10-07 19:46:25.546 [info] No remotes found in the git config file.
2023-10-07 19:46:25.549 [info] > git config --get commit.template [11ms]
2023-10-07 19:46:25.549 [info] > git for-each-ref --format=%(refname)%00%(upstream:short)%00%(objectname)%00%(upstream:track)%00%(upstream:remotename)%00%(upstream:remoteref) refs/heads/main refs/remotes/main [3ms]
2023-10-07 19:46:25.564 [info] > git status -z -uall [4ms]
2023-10-07 19:46:39.526 [info] > git show --textconv :src/word.c [11ms]
2023-10-07 19:46:39.529 [info] > git ls-files --stage -- /mnt/USB_Drive/peterpen/ist/aed/labs/prep/lab5/src/word.c [5ms]
2023-10-07 19:46:50.451 [info] > git show --textconv :src/qsortwords.c [10ms]
2023-10-07 19:46:50.453 [info] > git ls-files --stage -- /mnt/USB_Drive/peterpen/ist/aed/labs/prep/lab5/src/qsortwords.c [3ms]
2023-10-07 19:47:02.323 [info] > git show --textconv :src/word.c [12ms]
2023-10-07 19:47:02.326 [info] > git ls-files --stage -- /mnt/USB_Drive/peterpen/ist/aed/labs/prep/lab5/src/word.c [4ms]
2023-10-07 19:47:05.822 [info] > git show --textconv :src/qsortwords.c [9ms]
2023-10-07 19:47:05.825 [info] > git ls-files --stage -- /mnt/USB_Drive/peterpen/ist/aed/labs/prep/lab5/src/qsortwords.c [4ms]
2023-10-07 19:47:31.603 [info] No remotes found in the git config file.
2023-10-07 19:47:31.605 [info] > git config --get commit.template [11ms]
2023-10-07 19:47:31.605 [info] > git for-each-ref --format=%(refname)%00%(upstream:short)%00%(objectname)%00%(upstream:track)%00%(upstream:remotename)%00%(upstream:remoteref) refs/heads/main refs/remotes/main [2ms]
2023-10-07 19:47:31.617 [info] > git status -z -uall [4ms]
2023-10-07 19:47:44.408 [info] No remotes found in the git config file.
2023-10-07 19:47:44.409 [info] > git config --get commit.template [8ms]
2023-10-07 19:47:44.410 [info] > git for-each-ref --format=%(refname)%00%(upstream:short)%00%(objectname)%00%(upstream:track)%00%(upstream:remotename)%00%(upstream:remoteref) refs/heads/main refs/remotes/main [2ms]
2023-10-07 19:47:44.421 [info] > git status -z -uall [4ms]
2023-10-07 19:47:59.398 [info] > git show --textconv :src/word.c [10ms]
2023-10-07 19:47:59.399 [info] > git ls-files --stage -- /mnt/USB_Drive/peterpen/ist/aed/labs/prep/lab5/src/word.c [2ms]
2023-10-07 19:48:04.284 [info] > git show --textconv :src/qsortwords.c [9ms]
2023-10-07 19:48:04.285 [info] > git ls-files --stage -- /mnt/USB_Drive/peterpen/ist/aed/labs/prep/lab5/src/qsortwords.c [2ms]
2023-10-07 19:48:08.942 [info] No remotes found in the git config file.
2023-10-07 19:48:08.943 [info] > git config --get commit.template [10ms]
2023-10-07 19:48:08.944 [info] > git for-each-ref --format=%(refname)%00%(upstream:short)%00%(objectname)%00%(upstream:track)%00%(upstream:remotename)%00%(upstream:remoteref) refs/heads/main refs/remotes/main [3ms]
2023-10-07 19:48:08.952 [info] > git status -z -uall [2ms]
2023-10-07 19:48:13.980 [info] No remotes found in the git config file.
2023-10-07 19:48:13.981 [info] > git config --get commit.template [11ms]
2023-10-07 19:48:13.982 [info] > git for-each-ref --format=%(refname)%00%(upstream:short)%00%(objectname)%00%(upstream:track)%00%(upstream:remotename)%00%(upstream:remoteref) refs/heads/main refs/remotes/main [2ms]
2023-10-07 19:48:13.994 [info] > git status -z -uall [3ms]
2023-10-07 19:48:36.820 [info] No remotes found in the git config file.
2023-10-07 19:48:36.821 [info] > git config --get commit.template [13ms]
2023-10-07 19:48:36.822 [info] > git for-each-ref --format=%(refname)%00%(upstream:short)%00%(objectname)%00%(upstream:track)%00%(upstream:remotename)%00%(upstream:remoteref) refs/heads/main refs/remotes/main [3ms]
2023-10-07 19:48:36.833 [info] > git status -z -uall [4ms]
2023-10-07 19:48:41.858 [info] No remotes found in the git config file.
2023-10-07 19:48:41.859 [info] > git config --get commit.template [9ms]
2023-10-07 19:48:41.860 [info] > git for-each-ref --format=%(refname)%00%(upstream:short)%00%(objectname)%00%(upstream:track)%00%(upstream:remotename)%00%(upstream:remoteref) refs/heads/main refs/remotes/main [3ms]
2023-10-07 19:48:41.869 [info] > git status -z -uall [3ms]
2023-10-07 19:48:47.178 [info] > git check-ignore -v -z --stdin [2ms]
2023-10-07 19:48:47.210 [info] No remotes found in the git config file.
2023-10-07 19:48:47.211 [info] > git config --get commit.template [9ms]
2023-10-07 19:48:47.212 [info] > git for-each-ref --format=%(refname)%00%(upstream:short)%00%(objectname)%00%(upstream:track)%00%(upstream:remotename)%00%(upstream:remoteref) refs/heads/main refs/remotes/main [2ms]
2023-10-07 19:48:47.223 [info] > git status -z -uall [4ms]
2023-10-07 19:49:11.538 [info] No remotes found in the git config file.
2023-10-07 19:49:11.539 [info] > git config --get commit.template [12ms]
2023-10-07 19:49:11.540 [info] > git for-each-ref --format=%(refname)%00%(upstream:short)%00%(objectname)%00%(upstream:track)%00%(upstream:remotename)%00%(upstream:remoteref) refs/heads/main refs/remotes/main [2ms]
2023-10-07 19:49:11.552 [info] > git status -z -uall [3ms]
2023-10-07 19:49:16.567 [info] > git config --get commit.template [2ms]
2023-10-07 19:49:16.574 [info] No remotes found in the git config file.
2023-10-07 19:49:16.576 [info] > git for-each-ref --format=%(refname)%00%(upstream:short)%00%(objectname)%00%(upstream:track)%00%(upstream:remotename)%00%(upstream:remoteref) refs/heads/main refs/remotes/main [2ms]
2023-10-07 19:49:16.587 [info] > git status -z -uall [3ms]
2023-10-07 19:49:16.711 [info] > git check-ignore -v -z --stdin [13ms]
2023-10-07 19:49:21.612 [info] No remotes found in the git config file.
2023-10-07 19:49:21.613 [info] > git config --get commit.template [10ms]
2023-10-07 19:49:21.614 [info] > git for-each-ref --format=%(refname)%00%(upstream:short)%00%(objectname)%00%(upstream:track)%00%(upstream:remotename)%00%(upstream:remoteref) refs/heads/main refs/remotes/main [3ms]
2023-10-07 19:49:21.624 [info] > git status -z -uall [3ms]
2023-10-07 19:49:22.644 [info] > git show --textconv :src/word.c [12ms]
2023-10-07 19:49:22.647 [info] > git ls-files --stage -- /mnt/USB_Drive/peterpen/ist/aed/labs/prep/lab5/src/word.c [5ms]
2023-10-07 19:49:31.726 [info] > git show --textconv :src/qsortwords.c [10ms]
2023-10-07 19:49:31.728 [info] > git ls-files --stage -- /mnt/USB_Drive/peterpen/ist/aed/labs/prep/lab5/src/qsortwords.c [3ms]
2023-10-07 19:49:58.788 [info] > git check-ignore -v -z --stdin [2ms]
2023-10-07 19:49:58.863 [info] No remotes found in the git config file.
2023-10-07 19:49:58.864 [info] > git config --get commit.template [8ms]
2023-10-07 19:49:58.865 [info] > git for-each-ref --format=%(refname)%00%(upstream:short)%00%(objectname)%00%(upstream:track)%00%(upstream:remotename)%00%(upstream:remoteref) refs/heads/main refs/remotes/main [2ms]
2023-10-07 19:49:58.881 [info] > git status -z -uall [4ms]
2023-10-07 19:50:09.168 [info] > git show --textconv :src/word.c [15ms]
2023-10-07 19:50:09.171 [info] > git ls-files --stage -- /mnt/USB_Drive/peterpen/ist/aed/labs/prep/lab5/src/word.c [6ms]
2023-10-07 19:50:30.018 [info] No remotes found in the git config file.
2023-10-07 19:50:30.019 [info] > git config --get commit.template [8ms]
2023-10-07 19:50:30.019 [info] > git for-each-ref --format=%(refname)%00%(upstream:short)%00%(objectname)%00%(upstream:track)%00%(upstream:remotename)%00%(upstream:remoteref) refs/heads/main refs/remotes/main [1ms]
2023-10-07 19:50:30.032 [info] > git status -z -uall [4ms]
2023-10-07 19:50:49.573 [info] No remotes found in the git config file.
2023-10-07 19:50:49.574 [info] > git config --get commit.template [9ms]
2023-10-07 19:50:49.575 [info] > git for-each-ref --format=%(refname)%00%(upstream:short)%00%(objectname)%00%(upstream:track)%00%(upstream:remotename)%00%(upstream:remoteref) refs/heads/main refs/remotes/main [2ms]
2023-10-07 19:50:49.585 [info] > git status -z -uall [2ms]
2023-10-07 19:52:54.139 [info] > git show --textconv :src/defs.h [14ms]
2023-10-07 19:52:54.140 [info] > git ls-files --stage -- /mnt/USB_Drive/peterpen/ist/aed/labs/prep/lab5/src/defs.h [3ms]
2023-10-07 19:52:55.564 [info] > git show --textconv :src/word.c [9ms]
2023-10-07 19:52:55.566 [info] > git ls-files --stage -- /mnt/USB_Drive/peterpen/ist/aed/labs/prep/lab5/src/word.c [3ms]
2023-10-07 19:52:58.672 [info] > git show --textconv :src/word.h [11ms]
2023-10-07 19:52:58.675 [info] > git ls-files --stage -- /mnt/USB_Drive/peterpen/ist/aed/labs/prep/lab5/src/word.h [3ms]
2023-10-07 19:53:10.582 [info] > git show --textconv :src/word.c [11ms]
2023-10-07 19:53:10.584 [info] > git ls-files --stage -- /mnt/USB_Drive/peterpen/ist/aed/labs/prep/lab5/src/word.c [3ms]
2023-10-07 19:53:12.541 [info] > git show --textconv :src/qsortwords.c [9ms]
2023-10-07 19:53:12.541 [info] > git ls-files --stage -- /mnt/USB_Drive/peterpen/ist/aed/labs/prep/lab5/src/qsortwords.c [1ms]
2023-10-07 19:53:19.899 [info] No remotes found in the git config file.
2023-10-07 19:53:19.900 [info] > git config --get commit.template [11ms]
2023-10-07 19:53:19.901 [info] > git for-each-ref --format=%(refname)%00%(upstream:short)%00%(objectname)%00%(upstream:track)%00%(upstream:remotename)%00%(upstream:remoteref) refs/heads/main refs/remotes/main [3ms]
2023-10-07 19:53:19.914 [info] > git status -z -uall [4ms]
2023-10-07 19:53:28.834 [info] No remotes found in the git config file.
2023-10-07 19:53:28.835 [info] > git config --get commit.template [6ms]
2023-10-07 19:53:28.836 [info] > git for-each-ref --format=%(refname)%00%(upstream:short)%00%(objectname)%00%(upstream:track)%00%(upstream:remotename)%00%(upstream:remoteref) refs/heads/main refs/remotes/main [2ms]
2023-10-07 19:53:28.849 [info] > git status -z -uall [3ms]
2023-10-07 19:53:37.144 [info] No remotes found in the git config file.
2023-10-07 19:53:37.144 [info] > git config --get commit.template [10ms]
2023-10-07 19:53:37.145 [info] > git for-each-ref --format=%(refname)%00%(upstream:short)%00%(objectname)%00%(upstream:track)%00%(upstream:remotename)%00%(upstream:remoteref) refs/heads/main refs/remotes/main [2ms]
2023-10-07 19:53:37.154 [info] > git status -z -uall [2ms]
2023-10-07 19:53:56.622 [info] > git show --textconv :src/word.c [13ms]
2023-10-07 19:53:56.624 [info] > git ls-files --stage -- /mnt/USB_Drive/peterpen/ist/aed/labs/prep/lab5/src/word.c [3ms]
2023-10-07 19:54:59.393 [info] > git show --textconv :src/word.c [11ms]
2023-10-07 19:54:59.395 [info] > git ls-files --stage -- /mnt/USB_Drive/peterpen/ist/aed/labs/prep/lab5/src/word.c [4ms]
2023-10-07 19:55:44.086 [info] No remotes found in the git config file.
2023-10-07 19:55:44.087 [info] > git config --get commit.template [9ms]
2023-10-07 19:55:44.087 [info] > git for-each-ref --format=%(refname)%00%(upstream:short)%00%(objectname)%00%(upstream:track)%00%(upstream:remotename)%00%(upstream:remoteref) refs/heads/main refs/remotes/main [1ms]
2023-10-07 19:55:44.101 [info] > git status -z -uall [4ms]
2023-10-07 19:55:49.124 [info] No remotes found in the git config file.
2023-10-07 19:55:49.124 [info] > git config --get commit.template [8ms]
2023-10-07 19:55:49.126 [info] > git for-each-ref --format=%(refname)%00%(upstream:short)%00%(objectname)%00%(upstream:track)%00%(upstream:remotename)%00%(upstream:remoteref) refs/heads/main refs/remotes/main [2ms]
2023-10-07 19:55:49.136 [info] > git status -z -uall [3ms]
2023-10-07 19:55:54.158 [info] No remotes found in the git config file.
2023-10-07 19:55:54.159 [info] > git config --get commit.template [9ms]
2023-10-07 19:55:54.160 [info] > git for-each-ref --format=%(refname)%00%(upstream:short)%00%(objectname)%00%(upstream:track)%00%(upstream:remotename)%00%(upstream:remoteref) refs/heads/main refs/remotes/main [2ms]
2023-10-07 19:55:54.170 [info] > git status -z -uall [3ms]
2023-10-07 19:56:12.919 [info] > git show --textconv :src/word.c [10ms]
2023-10-07 19:56:12.921 [info] > git ls-files --stage -- /mnt/USB_Drive/peterpen/ist/aed/labs/prep/lab5/src/word.c [3ms]
2023-10-07 19:56:13.572 [info] > git show --textconv :src/qsortwords.c [16ms]
2023-10-07 19:56:13.574 [info] > git ls-files --stage -- /mnt/USB_Drive/peterpen/ist/aed/labs/prep/lab5/src/qsortwords.c [6ms]
2023-10-07 19:56:15.367 [info] > git show --textconv :src/word.c [8ms]
2023-10-07 19:56:15.369 [info] > git ls-files --stage -- /mnt/USB_Drive/peterpen/ist/aed/labs/prep/lab5/src/word.c [2ms]
2023-10-07 19:56:25.096 [info] No remotes found in the git config file.
2023-10-07 19:56:25.097 [info] > git config --get commit.template [10ms]
2023-10-07 19:56:25.098 [info] > git for-each-ref --format=%(refname)%00%(upstream:short)%00%(objectname)%00%(upstream:track)%00%(upstream:remotename)%00%(upstream:remoteref) refs/heads/main refs/remotes/main [2ms]
2023-10-07 19:56:25.110 [info] > git status -z -uall [2ms]
2023-10-07 19:56:30.134 [info] No remotes found in the git config file.
2023-10-07 19:56:30.136 [info] > git config --get commit.template [11ms]
2023-10-07 19:56:30.137 [info] > git for-each-ref --format=%(refname)%00%(upstream:short)%00%(objectname)%00%(upstream:track)%00%(upstream:remotename)%00%(upstream:remoteref) refs/heads/main refs/remotes/main [3ms]
2023-10-07 19:56:30.152 [info] > git status -z -uall [4ms]
2023-10-07 19:56:35.178 [info] No remotes found in the git config file.
2023-10-07 19:56:35.181 [info] > git config --get commit.template [10ms]
2023-10-07 19:56:35.181 [info] > git for-each-ref --format=%(refname)%00%(upstream:short)%00%(objectname)%00%(upstream:track)%00%(upstream:remotename)%00%(upstream:remoteref) refs/heads/main refs/remotes/main [3ms]
2023-10-07 19:56:35.192 [info] > git status -z -uall [3ms]
2023-10-07 19:56:40.565 [info] No remotes found in the git config file.
2023-10-07 19:56:40.566 [info] > git config --get commit.template [9ms]
2023-10-07 19:56:40.567 [info] > git for-each-ref --format=%(refname)%00%(upstream:short)%00%(objectname)%00%(upstream:track)%00%(upstream:remotename)%00%(upstream:remoteref) refs/heads/main refs/remotes/main [2ms]
2023-10-07 19:56:40.574 [info] > git status -z -uall [1ms]
2023-10-07 19:58:25.478 [info] > git for-each-ref --sort -committerdate --format %(refname) %(objectname) %(*objectname) [3ms]
2023-10-07 19:58:35.333 [info] > git for-each-ref --sort -committerdate --format %(refname) %(objectname) %(*objectname) [2ms]
2023-10-07 19:58:36.798 [info] > git for-each-ref --sort -committerdate --format %(refname) %(objectname) %(*objectname) [3ms]
2023-10-07 20:00:18.056 [info] > git for-each-ref --sort -committerdate --format %(refname) %(objectname) %(*objectname) [4ms]
2023-10-07 20:00:19.016 [info] > git for-each-ref --sort -committerdate --format %(refname) %(objectname) %(*objectname) [3ms]
2023-10-07 20:02:21.619 [info] No remotes found in the git config file.
2023-10-07 20:02:21.620 [info] > git config --get commit.template [13ms]
2023-10-07 20:02:21.622 [info] > git for-each-ref --format=%(refname)%00%(upstream:short)%00%(objectname)%00%(upstream:track)%00%(upstream:remotename)%00%(upstream:remoteref) refs/heads/main refs/remotes/main [3ms]
2023-10-07 20:02:21.640 [info] > git status -z -uall [5ms]
2023-10-07 20:02:21.689 [info] > git ls-files --stage -- /mnt/USB_Drive/peterpen/ist/aed/labs/prep/lab5/src/word.c [4ms]
2023-10-07 20:02:21.708 [info] > git cat-file -s cdb94f82ac090546d38c2c19765d7d2280208cf1 [4ms]
2023-10-07 20:02:21.811 [info] > git show --textconv :src/word.c [3ms]
2023-10-07 20:02:26.678 [info] No remotes found in the git config file.
2023-10-07 20:02:26.679 [info] > git config --get commit.template [13ms]
2023-10-07 20:02:26.681 [info] > git for-each-ref --format=%(refname)%00%(upstream:short)%00%(objectname)%00%(upstream:track)%00%(upstream:remotename)%00%(upstream:remoteref) refs/heads/main refs/remotes/main [3ms]
2023-10-07 20:02:26.694 [info] > git status -z -uall [4ms]
2023-10-07 20:02:47.800 [info] > git for-each-ref --sort -committerdate --format %(refname) %(objectname) %(*objectname) [1ms]
2023-10-07 20:02:53.992 [info] > git for-each-ref --sort -committerdate --format %(refname) %(objectname) %(*objectname) [3ms]
