No current configuration is defined in the workspace state. Assuming 'Default'.
No target defined in the workspace state. Assuming 'Default'.
Dropping various extension output files at /home/peter/.config/Code - OSS/User/workspaceStorage/e22c77f394ed721954553de4d8df8899/ms-vscode.makefile-tools
Logging level: Normal
Configurations cached at /home/peter/.config/Code - OSS/User/workspaceStorage/e22c77f394ed721954553de4d8df8899/ms-vscode.makefile-tools/configurationCache.log
No path to the makefile is defined in the settings file.
No folder path to the makefile is defined in the settings file.
Always pre-configure: false
Dry-run switches: '--always-make', '--keep-going', '--print-directory'
No current launch configuration is set in the workspace state.
Default launch configuration: MIMode = undefined,
                    miDebuggerPath = undefined,
                    stopAtEntry = undefined,
                    symbolSearchPath = undefined
Configure on open: true
Configure on edit: true
Configure after command: true
Only .PHONY targets: false
Save before build or configure: true
Build before launch: true
Clear output before build: true
Ignore directory commands: true
compile_commands.json path: null
Deduced command 'make ' for configuration "Default"
Saving opened files before build.
Generating configuration cache with command: 'make --dry-run --always-make --keep-going --print-directory'
Writing the dry-run output: /home/peter/.config/Code - OSS/User/workspaceStorage/e22c77f394ed721954553de4d8df8899/ms-vscode.makefile-tools/dryrun.log
Generating dry-run elapsed time: 0.039
Preprocessing: "/home/peter/.config/Code - OSS/User/workspaceStorage/e22c77f394ed721954553de4d8df8899/ms-vscode.makefile-tools/dryrun.log"
Preprocess elapsed time: 0
Parsing for IntelliSense.
Updating the CppTools IntelliSense Configuration Provider.
Parsing dry-run output for CppTools Custom Configuration Provider.
Sending configuration for file /mnt/USB_Drive/peterpen/ist/pconc/lab1/lab1.c -----------------------------------
Parsing for IntelliSense elapsed time: 0.043
Parsing for launch targets.
Found the following 1 launch targets defined in the makefile: /mnt/USB_Drive/peterpen/ist/pconc/lab1>lab1()
Complete list of launch targets: /mnt/USB_Drive/peterpen/ist/pconc/lab1>lab1()
Parsing for launch targets elapsed time: 0.008
Generating parse content for build targets.
Generating targets information with command: 'make all --print-data-base --no-builtin-variables --no-builtin-rules --question'
Writing the dry-run output: /home/peter/.config/Code - OSS/User/workspaceStorage/e22c77f394ed721954553de4d8df8899/ms-vscode.makefile-tools/targets.log
Generating dry-run elapsed time: 0.014
Parsing for build targets from: "/home/peter/.config/Code - OSS/User/workspaceStorage/e22c77f394ed721954553de4d8df8899/ms-vscode.makefile-tools/targets.log"
Found the following 1 build targets defined in the makefile: main
Complete list of build targets: main
Parsing build targets elapsed time: 0.001
Configure finished. The status for all the subphases that ran:
loadFromCache: return code = -3, elapsed time = 0
generateParseContent: return code = 0, elapsed time = 0.039
preprocessParseContent: return code = 0, elapsed time = 0
parseIntelliSense: return code = 0, elapsed time = 0.043
parseLaunch: return code = 0, elapsed time = 0.008
dryrunTargets: return code = 2, elapsed time = 0.014
parseTargets: return code = 0, elapsed time = 0.001
Configure succeeded.
Configure elapsed time: 0.13
No current launch configuration is set in the workspace state.
Dropping various extension output files at /home/peter/.config/Code - OSS/User/workspaceStorage/e22c77f394ed721954553de4d8df8899/ms-vscode.makefile-tools
Configurations cached at /home/peter/.config/Code - OSS/User/workspaceStorage/e22c77f394ed721954553de4d8df8899/ms-vscode.makefile-tools/configurationCache.log
Deduced command 'make ' for configuration "Default"
