2023-10-07 19:41:05.384 [info] Extension host with pid 126636 started
2023-10-07 19:41:05.717 [info] ExtensionService#_doActivateExtension vscode.git-base, startup: true, activationEvent: '*', root cause: vscode.git
2023-10-07 19:41:05.857 [info] ExtensionService#_doActivateExtension vscode.git, startup: true, activationEvent: '*'
2023-10-07 19:41:06.109 [info] ExtensionService#_doActivateExtension vscode.github, startup: true, activationEvent: '*'
2023-10-07 19:41:06.335 [info] Eager extensions activated
2023-10-07 19:41:06.397 [info] ExtensionService#_doActivateExtension vscode.debug-auto-launch, startup: false, activationEvent: 'onStartupFinished'
2023-10-07 19:41:06.405 [info] ExtensionService#_doActivateExtension vscode.merge-conflict, startup: false, activationEvent: 'onStartupFinished'
2023-10-07 19:41:55.013 [info] Extension host terminating: renderer closed the MessagePort
2023-10-07 19:41:55.025 [info] Extension host with pid 126636 exiting with code 0
2023-10-07 19:41:56.909 [info] Extension host with pid 126978 started
2023-10-07 19:41:56.910 [info] Skipping acquiring lock for /home/peter/.config/VSCodium/User/workspaceStorage/9bd86d69616a7abe756c563e5b16e895.
2023-10-07 19:41:57.116 [info] ExtensionService#_doActivateExtension vscode.git-base, startup: true, activationEvent: '*'
2023-10-07 19:41:57.184 [info] ExtensionService#_doActivateExtension vscode.github, startup: true, activationEvent: '*'
2023-10-07 19:41:57.200 [info] Eager extensions activated
2023-10-07 19:41:57.217 [info] ExtensionService#_doActivateExtension vscode.debug-auto-launch, startup: false, activationEvent: 'onStartupFinished'
2023-10-07 19:41:57.222 [info] ExtensionService#_doActivateExtension vscode.merge-conflict, startup: false, activationEvent: 'onStartupFinished'
2023-10-07 19:41:59.226 [info] ExtensionService#_doActivateExtension vscode.git, startup: false, activationEvent: 'api', root cause: vscode.github
2023-10-07 19:42:02.935 [info] ExtensionService#_doActivateExtension vscode.emmet, startup: false, activationEvent: 'onLanguage'
2023-10-07 19:42:25.235 [info] ExtensionService#_doActivateExtension RobbOwen.synthwave-vscode, startup: false, activationEvent: 'onCommand:synthwave84.enableNeon'
2023-10-07 19:42:37.280 [info] Extension host terminating: renderer closed the MessagePort
2023-10-07 19:42:37.292 [info] Extension host with pid 126978 exiting with code 0
