2023-10-31 16:34:59.027 [info] Added views:workbench.panel.markers.view in workbench.panel.markers
2023-10-31 16:34:59.027 [info] Added views:workbench.panel.output in workbench.panel.output
2023-10-31 16:34:59.027 [info] Added views:terminal in terminal
2023-10-31 16:34:59.027 [info] Added views:outline in workbench.view.explorer
2023-10-31 16:34:59.027 [info] Added views:workbench.scm in workbench.view.scm
2023-10-31 16:34:59.027 [info] Added views:workbench.view.search in workbench.view.search
2023-10-31 16:34:59.027 [info] Added views:timeline in workbench.view.explorer
2023-10-31 16:34:59.027 [info] Added views:workbench.explorer.fileView in workbench.view.explorer
2023-10-31 16:34:59.566 [info] Added views:gitlens.views.home,gitlens.views.workspaces,gitlens.views.account in workbench.view.extension.gitlens
2023-10-31 16:34:59.569 [info] Added views:gitlens.views.commitDetails,gitlens.views.lineHistory,gitlens.views.fileHistory,gitlens.views.searchAndCompare in workbench.view.extension.gitlensInspect
2023-10-31 16:34:59.580 [info] Added views:gitlens.views.commits,gitlens.views.branches,gitlens.views.remotes,gitlens.views.stashes,gitlens.views.tags,gitlens.views.contributors in workbench.view.scm
2023-10-31 16:35:00.012 [info] Added views:workbench.debug.variablesView,workbench.debug.watchExpressionsView,workbench.debug.callStackView,workbench.debug.breakPointsView in workbench.view.debug
2023-10-31 16:35:00.202 [info] Added views:workbench.panel.repl.view in workbench.panel.repl
2023-10-31 16:35:00.204 [info] Removed views:workbench.debug.breakPointsView,workbench.debug.callStackView,workbench.debug.watchExpressionsView,workbench.debug.variablesView from workbench.view.debug
2023-10-31 16:35:00.206 [info] Added views:workbench.debug.welcome in workbench.view.debug
2023-10-31 16:35:00.305 [info] Added views:~remote.forwardedPorts in ~remote.forwardedPortsContainer
2023-10-31 16:35:00.888 [info] Removed views:gitlens.views.searchAndCompare,gitlens.views.fileHistory,gitlens.views.lineHistory,gitlens.views.commitDetails from workbench.view.extension.gitlensInspect
2023-10-31 16:35:00.890 [info] Removed views:gitlens.views.contributors,gitlens.views.tags,gitlens.views.stashes,gitlens.views.remotes,gitlens.views.branches,gitlens.views.commits from workbench.view.scm
2023-10-31 16:35:01.203 [info] Added views:gitlens.views.commitDetails,gitlens.views.lineHistory,gitlens.views.fileHistory,gitlens.views.searchAndCompare in workbench.view.extension.gitlensInspect
2023-10-31 16:35:01.205 [info] Added views:gitlens.views.commits,gitlens.views.branches,gitlens.views.remotes,gitlens.views.stashes,gitlens.views.tags,gitlens.views.contributors in workbench.view.scm
2023-10-31 16:35:01.661 [info] Added views:gitlens.views.graph,gitlens.views.graphDetails in workbench.view.extension.gitlensPanel
2023-10-31 16:35:01.664 [info] Added views:gitlens.views.timeline in workbench.view.extension.gitlensInspect
2023-10-31 16:35:01.669 [info] Added views:gitlens.views.worktrees in workbench.view.scm
2023-10-31 16:35:39.988 [info] Added views:workbench.panel.markers.view in workbench.panel.markers
2023-10-31 16:35:39.988 [info] Added views:workbench.panel.output in workbench.panel.output
2023-10-31 16:35:39.988 [info] Added views:terminal in terminal
2023-10-31 16:35:39.988 [info] Added views:outline in workbench.view.explorer
2023-10-31 16:35:39.988 [info] Added views:workbench.scm in workbench.view.scm
2023-10-31 16:35:39.988 [info] Added views:workbench.view.search in workbench.view.search
2023-10-31 16:35:39.988 [info] Added views:timeline in workbench.view.explorer
2023-10-31 16:35:39.988 [info] Added views:workbench.explorer.fileView in workbench.view.explorer
2023-10-31 16:35:40.383 [info] Added views:gitlens.views.home,gitlens.views.workspaces,gitlens.views.account in workbench.view.extension.gitlens
2023-10-31 16:35:40.385 [info] Added views:gitlens.views.commitDetails,gitlens.views.lineHistory,gitlens.views.fileHistory,gitlens.views.searchAndCompare in workbench.view.extension.gitlensInspect
2023-10-31 16:35:40.387 [info] Added views:gitlens.views.commits,gitlens.views.branches,gitlens.views.remotes,gitlens.views.stashes,gitlens.views.tags,gitlens.views.contributors in workbench.view.scm
2023-10-31 16:35:40.740 [info] Added views:workbench.debug.variablesView,workbench.debug.watchExpressionsView,workbench.debug.callStackView,workbench.debug.breakPointsView in workbench.view.debug
2023-10-31 16:35:40.862 [info] Added views:~remote.forwardedPorts in ~remote.forwardedPortsContainer
2023-10-31 16:35:41.366 [info] Added views:workbench.panel.repl.view in workbench.panel.repl
2023-10-31 16:35:41.370 [info] Removed views:workbench.debug.breakPointsView,workbench.debug.callStackView,workbench.debug.watchExpressionsView,workbench.debug.variablesView from workbench.view.debug
2023-10-31 16:35:41.371 [info] Added views:workbench.debug.welcome in workbench.view.debug
2023-10-31 16:35:41.691 [info] Removed views:gitlens.views.workspaces from workbench.view.extension.gitlens
2023-10-31 16:35:41.695 [info] Removed views:gitlens.views.searchAndCompare,gitlens.views.fileHistory,gitlens.views.lineHistory,gitlens.views.commitDetails from workbench.view.extension.gitlensInspect
2023-10-31 16:35:41.697 [info] Removed views:gitlens.views.contributors,gitlens.views.tags,gitlens.views.stashes,gitlens.views.remotes,gitlens.views.branches,gitlens.views.commits from workbench.view.scm
2023-10-31 16:35:45.031 [info] Added views:gitlens.views.workspaces in workbench.view.extension.gitlens
2023-10-31 16:35:53.112 [info] Removed views:workbench.debug.welcome from workbench.view.debug
2023-10-31 16:35:53.115 [info] Added views:workbench.debug.variablesView,workbench.debug.watchExpressionsView,workbench.debug.callStackView,workbench.debug.breakPointsView in workbench.view.debug
2023-10-31 16:52:36.312 [info] Added views:workbench.views.extensions.installed,workbench.views.extensions.popular,extensions.recommendedList in workbench.view.extensions
2023-10-31 16:52:36.323 [info] Removed views:workbench.views.extensions.popular from workbench.view.extensions
2023-10-31 16:52:38.114 [info] Removed views:extensions.recommendedList,workbench.views.extensions.installed from workbench.view.extensions
2023-10-31 16:52:38.148 [info] Added views:workbench.views.extensions.marketplace in workbench.view.extensions
