2023-10-31 16:35:00.124 [info] Extension host with pid 1098 started
2023-10-31 16:35:00.124 [info] Skipping acquiring lock for /home/peter/.config/Code - OSS/User/workspaceStorage/5645e3d649570e82e6b0cef2adaf215f.
2023-10-31 16:35:00.207 [info] ExtensionService#_doActivateExtension vscode.git-base, startup: true, activationEvent: '*', root cause: vscode.git
2023-10-31 16:35:00.213 [info] ExtensionService#_doActivateExtension LaurentTreguier.vscode-simple-icons, startup: true, activationEvent: '*'
2023-10-31 16:35:00.245 [info] ExtensionService#_doActivateExtension vscode.git, startup: true, activationEvent: '*'
2023-10-31 16:35:00.293 [info] ExtensionService#_doActivateExtension vscode.github, startup: true, activationEvent: '*'
2023-10-31 16:35:00.498 [info] Eager extensions activated
2023-10-31 16:35:00.588 [info] ExtensionService#_doActivateExtension vscode.debug-auto-launch, startup: false, activationEvent: 'onStartupFinished'
2023-10-31 16:35:00.592 [info] ExtensionService#_doActivateExtension vscode.merge-conflict, startup: false, activationEvent: 'onStartupFinished'
2023-10-31 16:35:00.606 [info] ExtensionService#_doActivateExtension aaron-bond.better-comments, startup: false, activationEvent: 'onStartupFinished'
2023-10-31 16:35:00.621 [info] ExtensionService#_doActivateExtension eamodio.gitlens, startup: false, activationEvent: 'onStartupFinished'
2023-10-31 16:35:00.689 [info] ExtensionService#_doActivateExtension esbenp.prettier-vscode, startup: false, activationEvent: 'onStartupFinished'
2023-10-31 16:35:00.755 [info] ExtensionService#_doActivateExtension vadimcn.vscode-lldb, startup: false, activationEvent: 'onStartupFinished'
2023-10-31 16:35:01.050 [info] ExtensionService#_doActivateExtension vscode.github-authentication, startup: false, activationEvent: 'onAuthenticationRequest:github'
2023-10-31 16:35:38.617 [info] Extension host terminating: renderer closed the MessagePort
2023-10-31 16:35:38.654 [error] Canceled: Canceled
	at new g (/usr/lib/code/out/vs/workbench/api/node/extensionHostProcess.js:125:57216)
	at i.U (/usr/lib/code/out/vs/workbench/api/node/extensionHostProcess.js:134:10864)
	at M.<computed>.j.charCodeAt.M.<computed> (/usr/lib/code/out/vs/workbench/api/node/extensionHostProcess.js:134:8315)
	at n.g (/usr/lib/code/out/vs/workbench/api/node/extensionHostProcess.js:125:83747)
	at n.executeCommand (/usr/lib/code/out/vs/workbench/api/node/extensionHostProcess.js:125:83185)
	at b.registerCommand.description (/usr/lib/code/out/vs/workbench/api/node/extensionHostProcess.js:125:82506)
	at n.h (/usr/lib/code/out/vs/workbench/api/node/extensionHostProcess.js:125:84283)
	at n.g (/usr/lib/code/out/vs/workbench/api/node/extensionHostProcess.js:125:83278)
	at n.executeCommand (/usr/lib/code/out/vs/workbench/api/node/extensionHostProcess.js:125:83185)
	at Object.executeCommand (/usr/lib/code/out/vs/workbench/api/node/extensionHostProcess.js:140:21282)
	at s.D [as value] (/usr/lib/code/extensions/git/dist/main.js:2:1312800)
	at c.z (/usr/lib/code/out/vs/workbench/api/node/extensionHostProcess.js:80:1902)
	at c.A (/usr/lib/code/out/vs/workbench/api/node/extensionHostProcess.js:80:1972)
	at c.fire (/usr/lib/code/out/vs/workbench/api/node/extensionHostProcess.js:80:2188)
	at Object.m [as dispose] (/usr/lib/code/extensions/git/dist/main.js:2:1328588)
	at /usr/lib/code/extensions/git/dist/main.js:2:1333429
	at Array.forEach (<anonymous>)
	at g.dispose (/usr/lib/code/extensions/git/dist/main.js:2:1333415)
	at v.<anonymous> (/usr/lib/code/out/vs/workbench/api/node/extensionHostProcess.js:121:3521)
	at v.dispose (/usr/lib/code/out/vs/workbench/api/node/extensionHostProcess.js:121:3618)
	at v.<anonymous> (/usr/lib/code/extensions/git/dist/main.js:2:1314812)
	at v.dispose (/usr/lib/code/out/vs/workbench/api/node/extensionHostProcess.js:121:3618)
	at o (/usr/lib/code/out/vs/workbench/api/node/extensionHostProcess.js:30:754)
	at s.cb (/usr/lib/code/out/vs/workbench/api/node/extensionHostProcess.js:136:9846)
	at /usr/lib/code/out/vs/workbench/api/node/extensionHostProcess.js:136:7796
	at Array.map (<anonymous>)
	at s.Y (/usr/lib/code/out/vs/workbench/api/node/extensionHostProcess.js:136:7784)
	at s.terminate (/usr/lib/code/out/vs/workbench/api/node/extensionHostProcess.js:136:8054)
	at o.terminate (/usr/lib/code/out/vs/workbench/api/node/extensionHostProcess.js:140:1513)
	at l (/usr/lib/code/out/vs/workbench/api/node/extensionHostProcess.js:153:9801)
	at MessagePortMain.<anonymous> (/usr/lib/code/out/vs/workbench/api/node/extensionHostProcess.js:153:6226)
	at MessagePortMain.emit (node:events:513:28)
	at MessagePortMain._internalPort.emit (node:electron/js2c/utility_init:2:367) setContext undefined
2023-10-31 16:35:38.657 [error] Canceled: Canceled
	at new g (/usr/lib/code/out/vs/workbench/api/node/extensionHostProcess.js:125:57216)
	at i.U (/usr/lib/code/out/vs/workbench/api/node/extensionHostProcess.js:134:10864)
	at M.<computed>.j.charCodeAt.M.<computed> (/usr/lib/code/out/vs/workbench/api/node/extensionHostProcess.js:134:8315)
	at n.g (/usr/lib/code/out/vs/workbench/api/node/extensionHostProcess.js:125:83747)
	at n.executeCommand (/usr/lib/code/out/vs/workbench/api/node/extensionHostProcess.js:125:83185)
	at b.registerCommand.description (/usr/lib/code/out/vs/workbench/api/node/extensionHostProcess.js:125:82506)
	at n.h (/usr/lib/code/out/vs/workbench/api/node/extensionHostProcess.js:125:84283)
	at n.g (/usr/lib/code/out/vs/workbench/api/node/extensionHostProcess.js:125:83278)
	at n.executeCommand (/usr/lib/code/out/vs/workbench/api/node/extensionHostProcess.js:125:83185)
	at Object.executeCommand (/usr/lib/code/out/vs/workbench/api/node/extensionHostProcess.js:140:21282)
	at set b [as b] (/usr/lib/code/extensions/github/dist/extension.js:2:714415)
	at /usr/lib/code/extensions/github/dist/extension.js:2:715056
	at s.value (/usr/lib/code/extensions/git/dist/main.js:2:1402040)
	at c.z (/usr/lib/code/out/vs/workbench/api/node/extensionHostProcess.js:80:1902)
	at c.A (/usr/lib/code/out/vs/workbench/api/node/extensionHostProcess.js:80:1972)
	at c.fire (/usr/lib/code/out/vs/workbench/api/node/extensionHostProcess.js:80:2188)
	at Object.m [as dispose] (/usr/lib/code/extensions/git/dist/main.js:2:1328588)
	at /usr/lib/code/extensions/git/dist/main.js:2:1333429
	at Array.forEach (<anonymous>)
	at g.dispose (/usr/lib/code/extensions/git/dist/main.js:2:1333415)
	at v.<anonymous> (/usr/lib/code/out/vs/workbench/api/node/extensionHostProcess.js:121:3521)
	at v.dispose (/usr/lib/code/out/vs/workbench/api/node/extensionHostProcess.js:121:3618)
	at v.<anonymous> (/usr/lib/code/extensions/git/dist/main.js:2:1314812)
	at v.dispose (/usr/lib/code/out/vs/workbench/api/node/extensionHostProcess.js:121:3618)
	at o (/usr/lib/code/out/vs/workbench/api/node/extensionHostProcess.js:30:754)
	at s.cb (/usr/lib/code/out/vs/workbench/api/node/extensionHostProcess.js:136:9846)
	at /usr/lib/code/out/vs/workbench/api/node/extensionHostProcess.js:136:7796
	at Array.map (<anonymous>)
	at s.Y (/usr/lib/code/out/vs/workbench/api/node/extensionHostProcess.js:136:7784)
	at s.terminate (/usr/lib/code/out/vs/workbench/api/node/extensionHostProcess.js:136:8054)
	at o.terminate (/usr/lib/code/out/vs/workbench/api/node/extensionHostProcess.js:140:1513)
	at l (/usr/lib/code/out/vs/workbench/api/node/extensionHostProcess.js:153:9801)
	at MessagePortMain.<anonymous> (/usr/lib/code/out/vs/workbench/api/node/extensionHostProcess.js:153:6226)
	at MessagePortMain.emit (node:events:513:28)
	at MessagePortMain._internalPort.emit (node:electron/js2c/utility_init:2:367) setContext undefined
2023-10-31 16:35:38.660 [error] Canceled: Canceled
	at new g (/usr/lib/code/out/vs/workbench/api/node/extensionHostProcess.js:125:57216)
	at i.U (/usr/lib/code/out/vs/workbench/api/node/extensionHostProcess.js:134:10864)
	at M.<computed>.j.charCodeAt.M.<computed> (/usr/lib/code/out/vs/workbench/api/node/extensionHostProcess.js:134:8315)
	at n.g (/usr/lib/code/out/vs/workbench/api/node/extensionHostProcess.js:125:83747)
	at n.executeCommand (/usr/lib/code/out/vs/workbench/api/node/extensionHostProcess.js:125:83185)
	at b.registerCommand.description (/usr/lib/code/out/vs/workbench/api/node/extensionHostProcess.js:125:82506)
	at n.h (/usr/lib/code/out/vs/workbench/api/node/extensionHostProcess.js:125:84283)
	at n.g (/usr/lib/code/out/vs/workbench/api/node/extensionHostProcess.js:125:83278)
	at n.executeCommand (/usr/lib/code/out/vs/workbench/api/node/extensionHostProcess.js:125:83185)
	at Object.executeCommand (/usr/lib/code/out/vs/workbench/api/node/extensionHostProcess.js:140:21282)
	at w (/home/peter/.vscode-oss/extensions/eamodio.gitlens-14.4.1-universal/dist/gitlens.js:1:1065521)
	at l (/home/peter/.vscode-oss/extensions/eamodio.gitlens-14.4.1-universal/dist/gitlens.js:1:1070149)
	at ActionRunners._updateContextKeys (/home/peter/.vscode-oss/extensions/eamodio.gitlens-14.4.1-universal/dist/gitlens.js:1:38884)
	at s (/home/peter/.vscode-oss/extensions/eamodio.gitlens-14.4.1-universal/dist/gitlens.js:1:37303)
	at RegisteredActionRunner.unregister (/home/peter/.vscode-oss/extensions/eamodio.gitlens-14.4.1-universal/dist/gitlens.js:1:37447)
	at RegisteredActionRunner.dispose (/home/peter/.vscode-oss/extensions/eamodio.gitlens-14.4.1-universal/dist/gitlens.js:1:36110)
	at ActionRunners.dispose (/home/peter/.vscode-oss/extensions/eamodio.gitlens-14.4.1-universal/dist/gitlens.js:1:36889)
	at /home/peter/.vscode-oss/extensions/eamodio.gitlens-14.4.1-universal/dist/gitlens.js:1:764036
	at Array.forEach (<anonymous>)
	at Object.dispose (/home/peter/.vscode-oss/extensions/eamodio.gitlens-14.4.1-universal/dist/gitlens.js:1:764021)
	at o (/usr/lib/code/out/vs/workbench/api/node/extensionHostProcess.js:30:754)
	at s.cb (/usr/lib/code/out/vs/workbench/api/node/extensionHostProcess.js:136:9846)
	at /usr/lib/code/out/vs/workbench/api/node/extensionHostProcess.js:136:7796
	at Array.map (<anonymous>)
	at s.Y (/usr/lib/code/out/vs/workbench/api/node/extensionHostProcess.js:136:7784)
	at s.terminate (/usr/lib/code/out/vs/workbench/api/node/extensionHostProcess.js:136:8054)
	at o.terminate (/usr/lib/code/out/vs/workbench/api/node/extensionHostProcess.js:140:1513)
	at l (/usr/lib/code/out/vs/workbench/api/node/extensionHostProcess.js:153:9801)
	at MessagePortMain.<anonymous> (/usr/lib/code/out/vs/workbench/api/node/extensionHostProcess.js:153:6226)
	at MessagePortMain.emit (node:events:513:28)
	at MessagePortMain._internalPort.emit (node:electron/js2c/utility_init:2:367) setContext undefined
2023-10-31 16:35:38.661 [error] Canceled: Canceled
	at new g (/usr/lib/code/out/vs/workbench/api/node/extensionHostProcess.js:125:57216)
	at i.U (/usr/lib/code/out/vs/workbench/api/node/extensionHostProcess.js:134:10864)
	at M.<computed>.j.charCodeAt.M.<computed> (/usr/lib/code/out/vs/workbench/api/node/extensionHostProcess.js:134:8315)
	at n.g (/usr/lib/code/out/vs/workbench/api/node/extensionHostProcess.js:125:83747)
	at n.executeCommand (/usr/lib/code/out/vs/workbench/api/node/extensionHostProcess.js:125:83185)
	at b.registerCommand.description (/usr/lib/code/out/vs/workbench/api/node/extensionHostProcess.js:125:82506)
	at n.h (/usr/lib/code/out/vs/workbench/api/node/extensionHostProcess.js:125:84283)
	at n.g (/usr/lib/code/out/vs/workbench/api/node/extensionHostProcess.js:125:83278)
	at n.executeCommand (/usr/lib/code/out/vs/workbench/api/node/extensionHostProcess.js:125:83185)
	at Object.executeCommand (/usr/lib/code/out/vs/workbench/api/node/extensionHostProcess.js:140:21282)
	at w (/home/peter/.vscode-oss/extensions/eamodio.gitlens-14.4.1-universal/dist/gitlens.js:1:1065521)
	at l (/home/peter/.vscode-oss/extensions/eamodio.gitlens-14.4.1-universal/dist/gitlens.js:1:1070149)
	at ActionRunners._updateContextKeys (/home/peter/.vscode-oss/extensions/eamodio.gitlens-14.4.1-universal/dist/gitlens.js:1:38884)
	at s (/home/peter/.vscode-oss/extensions/eamodio.gitlens-14.4.1-universal/dist/gitlens.js:1:37303)
	at RegisteredActionRunner.unregister (/home/peter/.vscode-oss/extensions/eamodio.gitlens-14.4.1-universal/dist/gitlens.js:1:37447)
	at RegisteredActionRunner.dispose (/home/peter/.vscode-oss/extensions/eamodio.gitlens-14.4.1-universal/dist/gitlens.js:1:36110)
	at ActionRunners.dispose (/home/peter/.vscode-oss/extensions/eamodio.gitlens-14.4.1-universal/dist/gitlens.js:1:36889)
	at /home/peter/.vscode-oss/extensions/eamodio.gitlens-14.4.1-universal/dist/gitlens.js:1:764036
	at Array.forEach (<anonymous>)
	at Object.dispose (/home/peter/.vscode-oss/extensions/eamodio.gitlens-14.4.1-universal/dist/gitlens.js:1:764021)
	at o (/usr/lib/code/out/vs/workbench/api/node/extensionHostProcess.js:30:754)
	at s.cb (/usr/lib/code/out/vs/workbench/api/node/extensionHostProcess.js:136:9846)
	at /usr/lib/code/out/vs/workbench/api/node/extensionHostProcess.js:136:7796
	at Array.map (<anonymous>)
	at s.Y (/usr/lib/code/out/vs/workbench/api/node/extensionHostProcess.js:136:7784)
	at s.terminate (/usr/lib/code/out/vs/workbench/api/node/extensionHostProcess.js:136:8054)
	at o.terminate (/usr/lib/code/out/vs/workbench/api/node/extensionHostProcess.js:140:1513)
	at l (/usr/lib/code/out/vs/workbench/api/node/extensionHostProcess.js:153:9801)
	at MessagePortMain.<anonymous> (/usr/lib/code/out/vs/workbench/api/node/extensionHostProcess.js:153:6226)
	at MessagePortMain.emit (node:events:513:28)
	at MessagePortMain._internalPort.emit (node:electron/js2c/utility_init:2:367) setContext undefined
2023-10-31 16:35:38.661 [error] Canceled: Canceled
	at new g (/usr/lib/code/out/vs/workbench/api/node/extensionHostProcess.js:125:57216)
	at i.U (/usr/lib/code/out/vs/workbench/api/node/extensionHostProcess.js:134:10864)
	at M.<computed>.j.charCodeAt.M.<computed> (/usr/lib/code/out/vs/workbench/api/node/extensionHostProcess.js:134:8315)
	at n.g (/usr/lib/code/out/vs/workbench/api/node/extensionHostProcess.js:125:83747)
	at n.executeCommand (/usr/lib/code/out/vs/workbench/api/node/extensionHostProcess.js:125:83185)
	at b.registerCommand.description (/usr/lib/code/out/vs/workbench/api/node/extensionHostProcess.js:125:82506)
	at n.h (/usr/lib/code/out/vs/workbench/api/node/extensionHostProcess.js:125:84283)
	at n.g (/usr/lib/code/out/vs/workbench/api/node/extensionHostProcess.js:125:83278)
	at n.executeCommand (/usr/lib/code/out/vs/workbench/api/node/extensionHostProcess.js:125:83185)
	at Object.executeCommand (/usr/lib/code/out/vs/workbench/api/node/extensionHostProcess.js:140:21282)
	at w (/home/peter/.vscode-oss/extensions/eamodio.gitlens-14.4.1-universal/dist/gitlens.js:1:1065521)
	at l (/home/peter/.vscode-oss/extensions/eamodio.gitlens-14.4.1-universal/dist/gitlens.js:1:1070149)
	at ActionRunners._updateContextKeys (/home/peter/.vscode-oss/extensions/eamodio.gitlens-14.4.1-universal/dist/gitlens.js:1:38884)
	at s (/home/peter/.vscode-oss/extensions/eamodio.gitlens-14.4.1-universal/dist/gitlens.js:1:37303)
	at RegisteredActionRunner.unregister (/home/peter/.vscode-oss/extensions/eamodio.gitlens-14.4.1-universal/dist/gitlens.js:1:37447)
	at RegisteredActionRunner.dispose (/home/peter/.vscode-oss/extensions/eamodio.gitlens-14.4.1-universal/dist/gitlens.js:1:36110)
	at ActionRunners.dispose (/home/peter/.vscode-oss/extensions/eamodio.gitlens-14.4.1-universal/dist/gitlens.js:1:36889)
	at /home/peter/.vscode-oss/extensions/eamodio.gitlens-14.4.1-universal/dist/gitlens.js:1:764036
	at Array.forEach (<anonymous>)
	at Object.dispose (/home/peter/.vscode-oss/extensions/eamodio.gitlens-14.4.1-universal/dist/gitlens.js:1:764021)
	at o (/usr/lib/code/out/vs/workbench/api/node/extensionHostProcess.js:30:754)
	at s.cb (/usr/lib/code/out/vs/workbench/api/node/extensionHostProcess.js:136:9846)
	at /usr/lib/code/out/vs/workbench/api/node/extensionHostProcess.js:136:7796
	at Array.map (<anonymous>)
	at s.Y (/usr/lib/code/out/vs/workbench/api/node/extensionHostProcess.js:136:7784)
	at s.terminate (/usr/lib/code/out/vs/workbench/api/node/extensionHostProcess.js:136:8054)
	at o.terminate (/usr/lib/code/out/vs/workbench/api/node/extensionHostProcess.js:140:1513)
	at l (/usr/lib/code/out/vs/workbench/api/node/extensionHostProcess.js:153:9801)
	at MessagePortMain.<anonymous> (/usr/lib/code/out/vs/workbench/api/node/extensionHostProcess.js:153:6226)
	at MessagePortMain.emit (node:events:513:28)
	at MessagePortMain._internalPort.emit (node:electron/js2c/utility_init:2:367) setContext undefined
2023-10-31 16:35:38.661 [error] Canceled: Canceled
	at new g (/usr/lib/code/out/vs/workbench/api/node/extensionHostProcess.js:125:57216)
	at i.U (/usr/lib/code/out/vs/workbench/api/node/extensionHostProcess.js:134:10864)
	at M.<computed>.j.charCodeAt.M.<computed> (/usr/lib/code/out/vs/workbench/api/node/extensionHostProcess.js:134:8315)
	at n.g (/usr/lib/code/out/vs/workbench/api/node/extensionHostProcess.js:125:83747)
	at n.executeCommand (/usr/lib/code/out/vs/workbench/api/node/extensionHostProcess.js:125:83185)
	at b.registerCommand.description (/usr/lib/code/out/vs/workbench/api/node/extensionHostProcess.js:125:82506)
	at n.h (/usr/lib/code/out/vs/workbench/api/node/extensionHostProcess.js:125:84283)
	at n.g (/usr/lib/code/out/vs/workbench/api/node/extensionHostProcess.js:125:83278)
	at n.executeCommand (/usr/lib/code/out/vs/workbench/api/node/extensionHostProcess.js:125:83185)
	at Object.executeCommand (/usr/lib/code/out/vs/workbench/api/node/extensionHostProcess.js:140:21282)
	at w (/home/peter/.vscode-oss/extensions/eamodio.gitlens-14.4.1-universal/dist/gitlens.js:1:1065521)
	at l (/home/peter/.vscode-oss/extensions/eamodio.gitlens-14.4.1-universal/dist/gitlens.js:1:1070149)
	at ActionRunners._updateContextKeys (/home/peter/.vscode-oss/extensions/eamodio.gitlens-14.4.1-universal/dist/gitlens.js:1:38884)
	at s (/home/peter/.vscode-oss/extensions/eamodio.gitlens-14.4.1-universal/dist/gitlens.js:1:37303)
	at RegisteredActionRunner.unregister (/home/peter/.vscode-oss/extensions/eamodio.gitlens-14.4.1-universal/dist/gitlens.js:1:37447)
	at RegisteredActionRunner.dispose (/home/peter/.vscode-oss/extensions/eamodio.gitlens-14.4.1-universal/dist/gitlens.js:1:36110)
	at Object.dispose (/home/peter/.vscode-oss/extensions/eamodio.gitlens-14.4.1-universal/dist/gitlens.js:1:37544)
	at o (/usr/lib/code/out/vs/workbench/api/node/extensionHostProcess.js:30:754)
	at s.cb (/usr/lib/code/out/vs/workbench/api/node/extensionHostProcess.js:136:9846)
	at /usr/lib/code/out/vs/workbench/api/node/extensionHostProcess.js:136:7796
	at Array.map (<anonymous>)
	at s.Y (/usr/lib/code/out/vs/workbench/api/node/extensionHostProcess.js:136:7784)
	at s.terminate (/usr/lib/code/out/vs/workbench/api/node/extensionHostProcess.js:136:8054)
	at o.terminate (/usr/lib/code/out/vs/workbench/api/node/extensionHostProcess.js:140:1513)
	at l (/usr/lib/code/out/vs/workbench/api/node/extensionHostProcess.js:153:9801)
	at MessagePortMain.<anonymous> (/usr/lib/code/out/vs/workbench/api/node/extensionHostProcess.js:153:6226)
	at MessagePortMain.emit (node:events:513:28)
	at MessagePortMain._internalPort.emit (node:electron/js2c/utility_init:2:367) setContext undefined
2023-10-31 16:35:38.662 [error] Canceled: Canceled
	at new g (/usr/lib/code/out/vs/workbench/api/node/extensionHostProcess.js:125:57216)
	at i.U (/usr/lib/code/out/vs/workbench/api/node/extensionHostProcess.js:134:10864)
	at M.<computed>.j.charCodeAt.M.<computed> (/usr/lib/code/out/vs/workbench/api/node/extensionHostProcess.js:134:8315)
	at n.g (/usr/lib/code/out/vs/workbench/api/node/extensionHostProcess.js:125:83747)
	at n.executeCommand (/usr/lib/code/out/vs/workbench/api/node/extensionHostProcess.js:125:83185)
	at b.registerCommand.description (/usr/lib/code/out/vs/workbench/api/node/extensionHostProcess.js:125:82506)
	at n.h (/usr/lib/code/out/vs/workbench/api/node/extensionHostProcess.js:125:84283)
	at n.g (/usr/lib/code/out/vs/workbench/api/node/extensionHostProcess.js:125:83278)
	at n.executeCommand (/usr/lib/code/out/vs/workbench/api/node/extensionHostProcess.js:125:83185)
	at Object.executeCommand (/usr/lib/code/out/vs/workbench/api/node/extensionHostProcess.js:140:21282)
	at w (/home/peter/.vscode-oss/extensions/eamodio.gitlens-14.4.1-universal/dist/gitlens.js:1:1065521)
	at l (/home/peter/.vscode-oss/extensions/eamodio.gitlens-14.4.1-universal/dist/gitlens.js:1:1070149)
	at ActionRunners._updateContextKeys (/home/peter/.vscode-oss/extensions/eamodio.gitlens-14.4.1-universal/dist/gitlens.js:1:38884)
	at s (/home/peter/.vscode-oss/extensions/eamodio.gitlens-14.4.1-universal/dist/gitlens.js:1:37303)
	at RegisteredActionRunner.unregister (/home/peter/.vscode-oss/extensions/eamodio.gitlens-14.4.1-universal/dist/gitlens.js:1:37447)
	at RegisteredActionRunner.dispose (/home/peter/.vscode-oss/extensions/eamodio.gitlens-14.4.1-universal/dist/gitlens.js:1:36110)
	at Object.dispose (/home/peter/.vscode-oss/extensions/eamodio.gitlens-14.4.1-universal/dist/gitlens.js:1:37544)
	at o (/usr/lib/code/out/vs/workbench/api/node/extensionHostProcess.js:30:754)
	at s.cb (/usr/lib/code/out/vs/workbench/api/node/extensionHostProcess.js:136:9846)
	at /usr/lib/code/out/vs/workbench/api/node/extensionHostProcess.js:136:7796
	at Array.map (<anonymous>)
	at s.Y (/usr/lib/code/out/vs/workbench/api/node/extensionHostProcess.js:136:7784)
	at s.terminate (/usr/lib/code/out/vs/workbench/api/node/extensionHostProcess.js:136:8054)
	at o.terminate (/usr/lib/code/out/vs/workbench/api/node/extensionHostProcess.js:140:1513)
	at l (/usr/lib/code/out/vs/workbench/api/node/extensionHostProcess.js:153:9801)
	at MessagePortMain.<anonymous> (/usr/lib/code/out/vs/workbench/api/node/extensionHostProcess.js:153:6226)
	at MessagePortMain.emit (node:events:513:28)
	at MessagePortMain._internalPort.emit (node:electron/js2c/utility_init:2:367) setContext undefined
2023-10-31 16:35:38.662 [error] Canceled: Canceled
	at new g (/usr/lib/code/out/vs/workbench/api/node/extensionHostProcess.js:125:57216)
	at i.U (/usr/lib/code/out/vs/workbench/api/node/extensionHostProcess.js:134:10864)
	at M.<computed>.j.charCodeAt.M.<computed> (/usr/lib/code/out/vs/workbench/api/node/extensionHostProcess.js:134:8315)
	at n.g (/usr/lib/code/out/vs/workbench/api/node/extensionHostProcess.js:125:83747)
	at n.executeCommand (/usr/lib/code/out/vs/workbench/api/node/extensionHostProcess.js:125:83185)
	at b.registerCommand.description (/usr/lib/code/out/vs/workbench/api/node/extensionHostProcess.js:125:82506)
	at n.h (/usr/lib/code/out/vs/workbench/api/node/extensionHostProcess.js:125:84283)
	at n.g (/usr/lib/code/out/vs/workbench/api/node/extensionHostProcess.js:125:83278)
	at n.executeCommand (/usr/lib/code/out/vs/workbench/api/node/extensionHostProcess.js:125:83185)
	at Object.executeCommand (/usr/lib/code/out/vs/workbench/api/node/extensionHostProcess.js:140:21282)
	at w (/home/peter/.vscode-oss/extensions/eamodio.gitlens-14.4.1-universal/dist/gitlens.js:1:1065521)
	at l (/home/peter/.vscode-oss/extensions/eamodio.gitlens-14.4.1-universal/dist/gitlens.js:1:1070149)
	at ActionRunners._updateContextKeys (/home/peter/.vscode-oss/extensions/eamodio.gitlens-14.4.1-universal/dist/gitlens.js:1:38884)
	at s (/home/peter/.vscode-oss/extensions/eamodio.gitlens-14.4.1-universal/dist/gitlens.js:1:37303)
	at RegisteredActionRunner.unregister (/home/peter/.vscode-oss/extensions/eamodio.gitlens-14.4.1-universal/dist/gitlens.js:1:37447)
	at RegisteredActionRunner.dispose (/home/peter/.vscode-oss/extensions/eamodio.gitlens-14.4.1-universal/dist/gitlens.js:1:36110)
	at Object.dispose (/home/peter/.vscode-oss/extensions/eamodio.gitlens-14.4.1-universal/dist/gitlens.js:1:37544)
	at o (/usr/lib/code/out/vs/workbench/api/node/extensionHostProcess.js:30:754)
	at s.cb (/usr/lib/code/out/vs/workbench/api/node/extensionHostProcess.js:136:9846)
	at /usr/lib/code/out/vs/workbench/api/node/extensionHostProcess.js:136:7796
	at Array.map (<anonymous>)
	at s.Y (/usr/lib/code/out/vs/workbench/api/node/extensionHostProcess.js:136:7784)
	at s.terminate (/usr/lib/code/out/vs/workbench/api/node/extensionHostProcess.js:136:8054)
	at o.terminate (/usr/lib/code/out/vs/workbench/api/node/extensionHostProcess.js:140:1513)
	at l (/usr/lib/code/out/vs/workbench/api/node/extensionHostProcess.js:153:9801)
	at MessagePortMain.<anonymous> (/usr/lib/code/out/vs/workbench/api/node/extensionHostProcess.js:153:6226)
	at MessagePortMain.emit (node:events:513:28)
	at MessagePortMain._internalPort.emit (node:electron/js2c/utility_init:2:367) setContext undefined
2023-10-31 16:35:38.662 [info] Extension host with pid 1098 exiting with code 0
2023-10-31 16:35:41.026 [info] Extension host with pid 1449 started
2023-10-31 16:35:41.026 [info] Skipping acquiring lock for /home/peter/.config/Code - OSS/User/workspaceStorage/dc0809535ae9c245f77eaee0c2969da9.
2023-10-31 16:35:41.373 [info] ExtensionService#_doActivateExtension vscode.git-base, startup: true, activationEvent: '*'
2023-10-31 16:35:41.464 [info] ExtensionService#_doActivateExtension vscode.github, startup: true, activationEvent: '*'
2023-10-31 16:35:41.517 [info] Eager extensions activated
2023-10-31 16:35:41.529 [info] ExtensionService#_doActivateExtension vscode.debug-auto-launch, startup: false, activationEvent: 'onStartupFinished'
2023-10-31 16:35:41.531 [info] ExtensionService#_doActivateExtension vscode.merge-conflict, startup: false, activationEvent: 'onStartupFinished'
2023-10-31 16:35:41.539 [info] ExtensionService#_doActivateExtension eamodio.gitlens, startup: false, activationEvent: 'onStartupFinished'
2023-10-31 16:35:41.604 [info] ExtensionService#_doActivateExtension esbenp.prettier-vscode, startup: false, activationEvent: 'onStartupFinished'
2023-10-31 16:35:45.190 [info] ExtensionService#_doActivateExtension vscode.git, startup: false, activationEvent: 'api', root cause: vscode.github
2023-10-31 16:35:45.265 [info] ExtensionService#_doActivateExtension aaron-bond.better-comments, startup: false, activationEvent: 'onStartupFinished'
2023-10-31 16:35:45.272 [info] ExtensionService#_doActivateExtension LaurentTreguier.vscode-simple-icons, startup: false, activationEvent: '*'
2023-10-31 16:35:45.275 [info] ExtensionService#_doActivateExtension vadimcn.vscode-lldb, startup: false, activationEvent: 'onStartupFinished'
2023-10-31 16:35:52.568 [info] ExtensionService#_doActivateExtension franneck94.c-cpp-runner, startup: false, activationEvent: 'onLanguage:c'
2023-10-31 16:35:52.600 [info] ExtensionService#_doActivateExtension vscode.emmet, startup: false, activationEvent: 'onLanguage'
2023-10-31 16:40:23.379 [info] ExtensionService#_doActivateExtension vscode.npm, startup: false, activationEvent: 'onTerminalQuickFixRequest:ms-vscode.npm-command'
2023-10-31 16:52:56.560 [info] ExtensionService#_doActivateExtension vscodevim.vim, startup: false, activationEvent: 'onStartupFinished'
2023-10-31 16:52:57.844 [error] Error: ENOENT: no such file or directory, open '/home/peter/.config/Code - OSS/User/globalStorage/vscodevim.vim/.registers'
2023-10-31 17:08:07.267 [info] Extension host terminating: renderer closed the MessagePort
2023-10-31 17:08:07.320 [error] Canceled: Canceled
	at new g (/usr/lib/code/out/vs/workbench/api/node/extensionHostProcess.js:125:57216)
	at i.U (/usr/lib/code/out/vs/workbench/api/node/extensionHostProcess.js:134:10864)
	at M.<computed>.j.charCodeAt.M.<computed> (/usr/lib/code/out/vs/workbench/api/node/extensionHostProcess.js:134:8315)
	at n.g (/usr/lib/code/out/vs/workbench/api/node/extensionHostProcess.js:125:83747)
	at n.executeCommand (/usr/lib/code/out/vs/workbench/api/node/extensionHostProcess.js:125:83185)
	at b.registerCommand.description (/usr/lib/code/out/vs/workbench/api/node/extensionHostProcess.js:125:82506)
	at n.h (/usr/lib/code/out/vs/workbench/api/node/extensionHostProcess.js:125:84283)
	at n.g (/usr/lib/code/out/vs/workbench/api/node/extensionHostProcess.js:125:83278)
	at n.executeCommand (/usr/lib/code/out/vs/workbench/api/node/extensionHostProcess.js:125:83185)
	at Object.executeCommand (/usr/lib/code/out/vs/workbench/api/node/extensionHostProcess.js:140:21282)
	at w (/home/peter/.vscode-oss/extensions/eamodio.gitlens-14.4.1-universal/dist/gitlens.js:1:1065521)
	at l (/home/peter/.vscode-oss/extensions/eamodio.gitlens-14.4.1-universal/dist/gitlens.js:1:1070149)
	at ActionRunners._updateContextKeys (/home/peter/.vscode-oss/extensions/eamodio.gitlens-14.4.1-universal/dist/gitlens.js:1:38884)
	at s (/home/peter/.vscode-oss/extensions/eamodio.gitlens-14.4.1-universal/dist/gitlens.js:1:37303)
	at RegisteredActionRunner.unregister (/home/peter/.vscode-oss/extensions/eamodio.gitlens-14.4.1-universal/dist/gitlens.js:1:37447)
	at RegisteredActionRunner.dispose (/home/peter/.vscode-oss/extensions/eamodio.gitlens-14.4.1-universal/dist/gitlens.js:1:36110)
	at ActionRunners.dispose (/home/peter/.vscode-oss/extensions/eamodio.gitlens-14.4.1-universal/dist/gitlens.js:1:36889)
	at /home/peter/.vscode-oss/extensions/eamodio.gitlens-14.4.1-universal/dist/gitlens.js:1:764036
	at Array.forEach (<anonymous>)
	at Object.dispose (/home/peter/.vscode-oss/extensions/eamodio.gitlens-14.4.1-universal/dist/gitlens.js:1:764021)
	at o (/usr/lib/code/out/vs/workbench/api/node/extensionHostProcess.js:30:754)
	at s.cb (/usr/lib/code/out/vs/workbench/api/node/extensionHostProcess.js:136:9846)
	at /usr/lib/code/out/vs/workbench/api/node/extensionHostProcess.js:136:7796
	at Array.map (<anonymous>)
	at s.Y (/usr/lib/code/out/vs/workbench/api/node/extensionHostProcess.js:136:7784)
	at s.terminate (/usr/lib/code/out/vs/workbench/api/node/extensionHostProcess.js:136:8054)
	at o.terminate (/usr/lib/code/out/vs/workbench/api/node/extensionHostProcess.js:140:1513)
	at l (/usr/lib/code/out/vs/workbench/api/node/extensionHostProcess.js:153:9801)
	at MessagePortMain.<anonymous> (/usr/lib/code/out/vs/workbench/api/node/extensionHostProcess.js:153:6226)
	at MessagePortMain.emit (node:events:513:28)
	at MessagePortMain._internalPort.emit (node:electron/js2c/utility_init:2:367) setContext undefined
2023-10-31 17:08:07.321 [error] Canceled: Canceled
	at new g (/usr/lib/code/out/vs/workbench/api/node/extensionHostProcess.js:125:57216)
	at i.U (/usr/lib/code/out/vs/workbench/api/node/extensionHostProcess.js:134:10864)
	at M.<computed>.j.charCodeAt.M.<computed> (/usr/lib/code/out/vs/workbench/api/node/extensionHostProcess.js:134:8315)
	at n.g (/usr/lib/code/out/vs/workbench/api/node/extensionHostProcess.js:125:83747)
	at n.executeCommand (/usr/lib/code/out/vs/workbench/api/node/extensionHostProcess.js:125:83185)
	at b.registerCommand.description (/usr/lib/code/out/vs/workbench/api/node/extensionHostProcess.js:125:82506)
	at n.h (/usr/lib/code/out/vs/workbench/api/node/extensionHostProcess.js:125:84283)
	at n.g (/usr/lib/code/out/vs/workbench/api/node/extensionHostProcess.js:125:83278)
	at n.executeCommand (/usr/lib/code/out/vs/workbench/api/node/extensionHostProcess.js:125:83185)
	at Object.executeCommand (/usr/lib/code/out/vs/workbench/api/node/extensionHostProcess.js:140:21282)
	at w (/home/peter/.vscode-oss/extensions/eamodio.gitlens-14.4.1-universal/dist/gitlens.js:1:1065521)
	at l (/home/peter/.vscode-oss/extensions/eamodio.gitlens-14.4.1-universal/dist/gitlens.js:1:1070149)
	at ActionRunners._updateContextKeys (/home/peter/.vscode-oss/extensions/eamodio.gitlens-14.4.1-universal/dist/gitlens.js:1:38884)
	at s (/home/peter/.vscode-oss/extensions/eamodio.gitlens-14.4.1-universal/dist/gitlens.js:1:37303)
	at RegisteredActionRunner.unregister (/home/peter/.vscode-oss/extensions/eamodio.gitlens-14.4.1-universal/dist/gitlens.js:1:37447)
	at RegisteredActionRunner.dispose (/home/peter/.vscode-oss/extensions/eamodio.gitlens-14.4.1-universal/dist/gitlens.js:1:36110)
	at ActionRunners.dispose (/home/peter/.vscode-oss/extensions/eamodio.gitlens-14.4.1-universal/dist/gitlens.js:1:36889)
	at /home/peter/.vscode-oss/extensions/eamodio.gitlens-14.4.1-universal/dist/gitlens.js:1:764036
	at Array.forEach (<anonymous>)
	at Object.dispose (/home/peter/.vscode-oss/extensions/eamodio.gitlens-14.4.1-universal/dist/gitlens.js:1:764021)
	at o (/usr/lib/code/out/vs/workbench/api/node/extensionHostProcess.js:30:754)
	at s.cb (/usr/lib/code/out/vs/workbench/api/node/extensionHostProcess.js:136:9846)
	at /usr/lib/code/out/vs/workbench/api/node/extensionHostProcess.js:136:7796
	at Array.map (<anonymous>)
	at s.Y (/usr/lib/code/out/vs/workbench/api/node/extensionHostProcess.js:136:7784)
	at s.terminate (/usr/lib/code/out/vs/workbench/api/node/extensionHostProcess.js:136:8054)
	at o.terminate (/usr/lib/code/out/vs/workbench/api/node/extensionHostProcess.js:140:1513)
	at l (/usr/lib/code/out/vs/workbench/api/node/extensionHostProcess.js:153:9801)
	at MessagePortMain.<anonymous> (/usr/lib/code/out/vs/workbench/api/node/extensionHostProcess.js:153:6226)
	at MessagePortMain.emit (node:events:513:28)
	at MessagePortMain._internalPort.emit (node:electron/js2c/utility_init:2:367) setContext undefined
2023-10-31 17:08:07.321 [error] Canceled: Canceled
	at new g (/usr/lib/code/out/vs/workbench/api/node/extensionHostProcess.js:125:57216)
	at i.U (/usr/lib/code/out/vs/workbench/api/node/extensionHostProcess.js:134:10864)
	at M.<computed>.j.charCodeAt.M.<computed> (/usr/lib/code/out/vs/workbench/api/node/extensionHostProcess.js:134:8315)
	at n.g (/usr/lib/code/out/vs/workbench/api/node/extensionHostProcess.js:125:83747)
	at n.executeCommand (/usr/lib/code/out/vs/workbench/api/node/extensionHostProcess.js:125:83185)
	at b.registerCommand.description (/usr/lib/code/out/vs/workbench/api/node/extensionHostProcess.js:125:82506)
	at n.h (/usr/lib/code/out/vs/workbench/api/node/extensionHostProcess.js:125:84283)
	at n.g (/usr/lib/code/out/vs/workbench/api/node/extensionHostProcess.js:125:83278)
	at n.executeCommand (/usr/lib/code/out/vs/workbench/api/node/extensionHostProcess.js:125:83185)
	at Object.executeCommand (/usr/lib/code/out/vs/workbench/api/node/extensionHostProcess.js:140:21282)
	at w (/home/peter/.vscode-oss/extensions/eamodio.gitlens-14.4.1-universal/dist/gitlens.js:1:1065521)
	at l (/home/peter/.vscode-oss/extensions/eamodio.gitlens-14.4.1-universal/dist/gitlens.js:1:1070149)
	at ActionRunners._updateContextKeys (/home/peter/.vscode-oss/extensions/eamodio.gitlens-14.4.1-universal/dist/gitlens.js:1:38884)
	at s (/home/peter/.vscode-oss/extensions/eamodio.gitlens-14.4.1-universal/dist/gitlens.js:1:37303)
	at RegisteredActionRunner.unregister (/home/peter/.vscode-oss/extensions/eamodio.gitlens-14.4.1-universal/dist/gitlens.js:1:37447)
	at RegisteredActionRunner.dispose (/home/peter/.vscode-oss/extensions/eamodio.gitlens-14.4.1-universal/dist/gitlens.js:1:36110)
	at ActionRunners.dispose (/home/peter/.vscode-oss/extensions/eamodio.gitlens-14.4.1-universal/dist/gitlens.js:1:36889)
	at /home/peter/.vscode-oss/extensions/eamodio.gitlens-14.4.1-universal/dist/gitlens.js:1:764036
	at Array.forEach (<anonymous>)
	at Object.dispose (/home/peter/.vscode-oss/extensions/eamodio.gitlens-14.4.1-universal/dist/gitlens.js:1:764021)
	at o (/usr/lib/code/out/vs/workbench/api/node/extensionHostProcess.js:30:754)
	at s.cb (/usr/lib/code/out/vs/workbench/api/node/extensionHostProcess.js:136:9846)
	at /usr/lib/code/out/vs/workbench/api/node/extensionHostProcess.js:136:7796
	at Array.map (<anonymous>)
	at s.Y (/usr/lib/code/out/vs/workbench/api/node/extensionHostProcess.js:136:7784)
	at s.terminate (/usr/lib/code/out/vs/workbench/api/node/extensionHostProcess.js:136:8054)
	at o.terminate (/usr/lib/code/out/vs/workbench/api/node/extensionHostProcess.js:140:1513)
	at l (/usr/lib/code/out/vs/workbench/api/node/extensionHostProcess.js:153:9801)
	at MessagePortMain.<anonymous> (/usr/lib/code/out/vs/workbench/api/node/extensionHostProcess.js:153:6226)
	at MessagePortMain.emit (node:events:513:28)
	at MessagePortMain._internalPort.emit (node:electron/js2c/utility_init:2:367) setContext undefined
2023-10-31 17:08:07.321 [error] Canceled: Canceled
	at new g (/usr/lib/code/out/vs/workbench/api/node/extensionHostProcess.js:125:57216)
	at i.U (/usr/lib/code/out/vs/workbench/api/node/extensionHostProcess.js:134:10864)
	at M.<computed>.j.charCodeAt.M.<computed> (/usr/lib/code/out/vs/workbench/api/node/extensionHostProcess.js:134:8315)
	at n.g (/usr/lib/code/out/vs/workbench/api/node/extensionHostProcess.js:125:83747)
	at n.executeCommand (/usr/lib/code/out/vs/workbench/api/node/extensionHostProcess.js:125:83185)
	at b.registerCommand.description (/usr/lib/code/out/vs/workbench/api/node/extensionHostProcess.js:125:82506)
	at n.h (/usr/lib/code/out/vs/workbench/api/node/extensionHostProcess.js:125:84283)
	at n.g (/usr/lib/code/out/vs/workbench/api/node/extensionHostProcess.js:125:83278)
	at n.executeCommand (/usr/lib/code/out/vs/workbench/api/node/extensionHostProcess.js:125:83185)
	at Object.executeCommand (/usr/lib/code/out/vs/workbench/api/node/extensionHostProcess.js:140:21282)
	at w (/home/peter/.vscode-oss/extensions/eamodio.gitlens-14.4.1-universal/dist/gitlens.js:1:1065521)
	at l (/home/peter/.vscode-oss/extensions/eamodio.gitlens-14.4.1-universal/dist/gitlens.js:1:1070149)
	at ActionRunners._updateContextKeys (/home/peter/.vscode-oss/extensions/eamodio.gitlens-14.4.1-universal/dist/gitlens.js:1:38884)
	at s (/home/peter/.vscode-oss/extensions/eamodio.gitlens-14.4.1-universal/dist/gitlens.js:1:37303)
	at RegisteredActionRunner.unregister (/home/peter/.vscode-oss/extensions/eamodio.gitlens-14.4.1-universal/dist/gitlens.js:1:37447)
	at RegisteredActionRunner.dispose (/home/peter/.vscode-oss/extensions/eamodio.gitlens-14.4.1-universal/dist/gitlens.js:1:36110)
	at Object.dispose (/home/peter/.vscode-oss/extensions/eamodio.gitlens-14.4.1-universal/dist/gitlens.js:1:37544)
	at o (/usr/lib/code/out/vs/workbench/api/node/extensionHostProcess.js:30:754)
	at s.cb (/usr/lib/code/out/vs/workbench/api/node/extensionHostProcess.js:136:9846)
	at /usr/lib/code/out/vs/workbench/api/node/extensionHostProcess.js:136:7796
	at Array.map (<anonymous>)
	at s.Y (/usr/lib/code/out/vs/workbench/api/node/extensionHostProcess.js:136:7784)
	at s.terminate (/usr/lib/code/out/vs/workbench/api/node/extensionHostProcess.js:136:8054)
	at o.terminate (/usr/lib/code/out/vs/workbench/api/node/extensionHostProcess.js:140:1513)
	at l (/usr/lib/code/out/vs/workbench/api/node/extensionHostProcess.js:153:9801)
	at MessagePortMain.<anonymous> (/usr/lib/code/out/vs/workbench/api/node/extensionHostProcess.js:153:6226)
	at MessagePortMain.emit (node:events:513:28)
	at MessagePortMain._internalPort.emit (node:electron/js2c/utility_init:2:367) setContext undefined
2023-10-31 17:08:07.323 [error] Canceled: Canceled
	at new g (/usr/lib/code/out/vs/workbench/api/node/extensionHostProcess.js:125:57216)
	at i.U (/usr/lib/code/out/vs/workbench/api/node/extensionHostProcess.js:134:10864)
	at M.<computed>.j.charCodeAt.M.<computed> (/usr/lib/code/out/vs/workbench/api/node/extensionHostProcess.js:134:8315)
	at n.g (/usr/lib/code/out/vs/workbench/api/node/extensionHostProcess.js:125:83747)
	at n.executeCommand (/usr/lib/code/out/vs/workbench/api/node/extensionHostProcess.js:125:83185)
	at b.registerCommand.description (/usr/lib/code/out/vs/workbench/api/node/extensionHostProcess.js:125:82506)
	at n.h (/usr/lib/code/out/vs/workbench/api/node/extensionHostProcess.js:125:84283)
	at n.g (/usr/lib/code/out/vs/workbench/api/node/extensionHostProcess.js:125:83278)
	at n.executeCommand (/usr/lib/code/out/vs/workbench/api/node/extensionHostProcess.js:125:83185)
	at Object.executeCommand (/usr/lib/code/out/vs/workbench/api/node/extensionHostProcess.js:140:21282)
	at w (/home/peter/.vscode-oss/extensions/eamodio.gitlens-14.4.1-universal/dist/gitlens.js:1:1065521)
	at l (/home/peter/.vscode-oss/extensions/eamodio.gitlens-14.4.1-universal/dist/gitlens.js:1:1070149)
	at ActionRunners._updateContextKeys (/home/peter/.vscode-oss/extensions/eamodio.gitlens-14.4.1-universal/dist/gitlens.js:1:38884)
	at s (/home/peter/.vscode-oss/extensions/eamodio.gitlens-14.4.1-universal/dist/gitlens.js:1:37303)
	at RegisteredActionRunner.unregister (/home/peter/.vscode-oss/extensions/eamodio.gitlens-14.4.1-universal/dist/gitlens.js:1:37447)
	at RegisteredActionRunner.dispose (/home/peter/.vscode-oss/extensions/eamodio.gitlens-14.4.1-universal/dist/gitlens.js:1:36110)
	at Object.dispose (/home/peter/.vscode-oss/extensions/eamodio.gitlens-14.4.1-universal/dist/gitlens.js:1:37544)
	at o (/usr/lib/code/out/vs/workbench/api/node/extensionHostProcess.js:30:754)
	at s.cb (/usr/lib/code/out/vs/workbench/api/node/extensionHostProcess.js:136:9846)
	at /usr/lib/code/out/vs/workbench/api/node/extensionHostProcess.js:136:7796
	at Array.map (<anonymous>)
	at s.Y (/usr/lib/code/out/vs/workbench/api/node/extensionHostProcess.js:136:7784)
	at s.terminate (/usr/lib/code/out/vs/workbench/api/node/extensionHostProcess.js:136:8054)
	at o.terminate (/usr/lib/code/out/vs/workbench/api/node/extensionHostProcess.js:140:1513)
	at l (/usr/lib/code/out/vs/workbench/api/node/extensionHostProcess.js:153:9801)
	at MessagePortMain.<anonymous> (/usr/lib/code/out/vs/workbench/api/node/extensionHostProcess.js:153:6226)
	at MessagePortMain.emit (node:events:513:28)
	at MessagePortMain._internalPort.emit (node:electron/js2c/utility_init:2:367) setContext undefined
2023-10-31 17:08:07.323 [error] Canceled: Canceled
	at new g (/usr/lib/code/out/vs/workbench/api/node/extensionHostProcess.js:125:57216)
	at i.U (/usr/lib/code/out/vs/workbench/api/node/extensionHostProcess.js:134:10864)
	at M.<computed>.j.charCodeAt.M.<computed> (/usr/lib/code/out/vs/workbench/api/node/extensionHostProcess.js:134:8315)
	at n.g (/usr/lib/code/out/vs/workbench/api/node/extensionHostProcess.js:125:83747)
	at n.executeCommand (/usr/lib/code/out/vs/workbench/api/node/extensionHostProcess.js:125:83185)
	at b.registerCommand.description (/usr/lib/code/out/vs/workbench/api/node/extensionHostProcess.js:125:82506)
	at n.h (/usr/lib/code/out/vs/workbench/api/node/extensionHostProcess.js:125:84283)
	at n.g (/usr/lib/code/out/vs/workbench/api/node/extensionHostProcess.js:125:83278)
	at n.executeCommand (/usr/lib/code/out/vs/workbench/api/node/extensionHostProcess.js:125:83185)
	at Object.executeCommand (/usr/lib/code/out/vs/workbench/api/node/extensionHostProcess.js:140:21282)
	at w (/home/peter/.vscode-oss/extensions/eamodio.gitlens-14.4.1-universal/dist/gitlens.js:1:1065521)
	at l (/home/peter/.vscode-oss/extensions/eamodio.gitlens-14.4.1-universal/dist/gitlens.js:1:1070149)
	at ActionRunners._updateContextKeys (/home/peter/.vscode-oss/extensions/eamodio.gitlens-14.4.1-universal/dist/gitlens.js:1:38884)
	at s (/home/peter/.vscode-oss/extensions/eamodio.gitlens-14.4.1-universal/dist/gitlens.js:1:37303)
	at RegisteredActionRunner.unregister (/home/peter/.vscode-oss/extensions/eamodio.gitlens-14.4.1-universal/dist/gitlens.js:1:37447)
	at RegisteredActionRunner.dispose (/home/peter/.vscode-oss/extensions/eamodio.gitlens-14.4.1-universal/dist/gitlens.js:1:36110)
	at Object.dispose (/home/peter/.vscode-oss/extensions/eamodio.gitlens-14.4.1-universal/dist/gitlens.js:1:37544)
	at o (/usr/lib/code/out/vs/workbench/api/node/extensionHostProcess.js:30:754)
	at s.cb (/usr/lib/code/out/vs/workbench/api/node/extensionHostProcess.js:136:9846)
	at /usr/lib/code/out/vs/workbench/api/node/extensionHostProcess.js:136:7796
	at Array.map (<anonymous>)
	at s.Y (/usr/lib/code/out/vs/workbench/api/node/extensionHostProcess.js:136:7784)
	at s.terminate (/usr/lib/code/out/vs/workbench/api/node/extensionHostProcess.js:136:8054)
	at o.terminate (/usr/lib/code/out/vs/workbench/api/node/extensionHostProcess.js:140:1513)
	at l (/usr/lib/code/out/vs/workbench/api/node/extensionHostProcess.js:153:9801)
	at MessagePortMain.<anonymous> (/usr/lib/code/out/vs/workbench/api/node/extensionHostProcess.js:153:6226)
	at MessagePortMain.emit (node:events:513:28)
	at MessagePortMain._internalPort.emit (node:electron/js2c/utility_init:2:367) setContext undefined
2023-10-31 17:08:07.324 [error] Canceled: Canceled
	at new g (/usr/lib/code/out/vs/workbench/api/node/extensionHostProcess.js:125:57216)
	at i.U (/usr/lib/code/out/vs/workbench/api/node/extensionHostProcess.js:134:10864)
	at M.<computed>.j.charCodeAt.M.<computed> (/usr/lib/code/out/vs/workbench/api/node/extensionHostProcess.js:134:8315)
	at n.g (/usr/lib/code/out/vs/workbench/api/node/extensionHostProcess.js:125:83747)
	at n.executeCommand (/usr/lib/code/out/vs/workbench/api/node/extensionHostProcess.js:125:83185)
	at b.registerCommand.description (/usr/lib/code/out/vs/workbench/api/node/extensionHostProcess.js:125:82506)
	at n.h (/usr/lib/code/out/vs/workbench/api/node/extensionHostProcess.js:125:84283)
	at n.g (/usr/lib/code/out/vs/workbench/api/node/extensionHostProcess.js:125:83278)
	at n.executeCommand (/usr/lib/code/out/vs/workbench/api/node/extensionHostProcess.js:125:83185)
	at Object.executeCommand (/usr/lib/code/out/vs/workbench/api/node/extensionHostProcess.js:140:21282)
	at setContextValue (/home/peter/.vscode-oss/extensions/franneck94.c-cpp-runner-5.2.1-universal/dist/main.js:5343:28)
	at Object.deactivate (/home/peter/.vscode-oss/extensions/franneck94.c-cpp-runner-5.2.1-universal/dist/main.js:3482:39)
	at s.cb (/usr/lib/code/out/vs/workbench/api/node/extensionHostProcess.js:136:9651)
	at /usr/lib/code/out/vs/workbench/api/node/extensionHostProcess.js:136:7796
	at Array.map (<anonymous>)
	at s.Y (/usr/lib/code/out/vs/workbench/api/node/extensionHostProcess.js:136:7784)
	at s.terminate (/usr/lib/code/out/vs/workbench/api/node/extensionHostProcess.js:136:8054)
	at o.terminate (/usr/lib/code/out/vs/workbench/api/node/extensionHostProcess.js:140:1513)
	at l (/usr/lib/code/out/vs/workbench/api/node/extensionHostProcess.js:153:9801)
	at MessagePortMain.<anonymous> (/usr/lib/code/out/vs/workbench/api/node/extensionHostProcess.js:153:6226)
	at MessagePortMain.emit (node:events:513:28)
	at MessagePortMain._internalPort.emit (node:electron/js2c/utility_init:2:367) setContext undefined
2023-10-31 17:08:07.325 [error] Error: ENOENT: no such file or directory, open '/home/peter/.config/Code - OSS/User/globalStorage/vscodevim.vim/.registers'
2023-10-31 17:08:07.325 [info] Extension host with pid 1449 exiting with code 0
