2023-10-07 20:05:45.810 [info] Reading sessions from keychain...
2023-10-07 20:05:45.810 [info] Getting sessions for all scopes...
2023-10-07 20:05:45.810 [info] Got 0 sessions for ...
2023-10-07 20:05:45.810 [info] Getting sessions for read:user,repo,user:email,workflow...
2023-10-07 20:05:45.811 [info] Got 0 sessions for read:user,repo,user:email,workflow...
2023-10-07 20:05:45.816 [info] Getting sessions for all scopes...
2023-10-07 20:05:45.816 [info] Got 0 sessions for ...
2023-10-07 20:05:47.717 [info] Logging in for the following scopes: read:user repo user:email workflow
2023-10-07 20:05:47.753 [info] Trying device code flow... (read:user repo user:email workflow)
2023-10-07 20:05:56.128 [info] Getting user info...
2023-10-07 20:05:56.547 [info] Got account info!
2023-10-07 20:05:56.548 [info] Storing 1 sessions...
2023-10-07 20:06:00.035 [info] Reading sessions from keychain...
2023-10-07 20:06:00.050 [info] Stored 1 sessions!
2023-10-07 20:06:00.050 [info] Login success!
2023-10-07 20:06:00.054 [info] Got stored sessions!
2023-10-07 20:06:00.054 [info] Got 1 verified sessions.
2023-10-07 20:06:22.608 [info] Getting sessions for read:user,repo,user:email,workflow...
2023-10-07 20:06:22.609 [info] Got 1 sessions for read:user,repo,user:email,workflow...
2023-10-07 20:14:52.923 [info] Getting sessions for read:user,repo,user:email,workflow...
2023-10-07 20:14:52.923 [info] Got 1 sessions for read:user,repo,user:email,workflow...
