2023-10-07 18:34:05.734 [info] Extension host with pid 35855 started
2023-10-07 18:34:05.832 [info] ExtensionService#_doActivateExtension vscode.git-base, startup: true, activationEvent: '*', root cause: vscode.git
2023-10-07 18:34:05.891 [info] ExtensionService#_doActivateExtension vscode.git, startup: true, activationEvent: '*'
2023-10-07 18:34:06.117 [info] ExtensionService#_doActivateExtension vscode.github, startup: true, activationEvent: '*'
2023-10-07 18:34:06.317 [info] Eager extensions activated
2023-10-07 18:34:06.514 [info] ExtensionService#_doActivateExtension vscode.debug-auto-launch, startup: false, activationEvent: 'onStartupFinished'
2023-10-07 18:34:06.519 [info] ExtensionService#_doActivateExtension vscode.merge-conflict, startup: false, activationEvent: 'onStartupFinished'
2023-10-07 18:34:32.790 [info] Extension host terminating: renderer closed the MessagePort
2023-10-07 18:34:32.804 [info] Extension host with pid 35855 exiting with code 0
2023-10-07 18:34:35.595 [info] Extension host with pid 36114 started
2023-10-07 18:34:35.595 [info] Skipping acquiring lock for /home/peter/.config/Code - OSS/User/workspaceStorage/9bd86d69616a7abe756c563e5b16e895.
2023-10-07 18:34:35.733 [info] ExtensionService#_doActivateExtension vscode.git-base, startup: true, activationEvent: '*'
2023-10-07 18:34:35.749 [info] ExtensionService#_doActivateExtension vscode.github, startup: true, activationEvent: '*'
2023-10-07 18:34:35.769 [info] Eager extensions activated
2023-10-07 18:34:35.848 [info] ExtensionService#_doActivateExtension vscode.debug-auto-launch, startup: false, activationEvent: 'onStartupFinished'
2023-10-07 18:34:35.913 [info] ExtensionService#_doActivateExtension vscode.merge-conflict, startup: false, activationEvent: 'onStartupFinished'
2023-10-07 18:34:39.319 [info] ExtensionService#_doActivateExtension vscode.git, startup: false, activationEvent: 'api', root cause: vscode.github
2023-10-07 18:34:48.802 [info] ExtensionService#_doActivateExtension vscode.emmet, startup: false, activationEvent: 'onLanguage'
2023-10-07 18:35:02.984 [info] ExtensionService#_doActivateExtension vscode.json-language-features, startup: false, activationEvent: 'onLanguage:jsonc'
2023-10-07 18:35:03.174 [info] ExtensionService#_doActivateExtension vscode.typescript-language-features, startup: false, activationEvent: 'onLanguage:jsonc'
2023-10-07 18:36:51.574 [info] ExtensionService#_doActivateExtension RobbOwen.synthwave-vscode, startup: false, activationEvent: 'onCommand:synthwave84.enableNeon'
2023-10-07 18:37:10.581 [info] Extension host terminating: renderer closed the MessagePort
2023-10-07 18:37:10.601 [info] Extension host with pid 36114 exiting with code 0
