2023-12-29T20:56:30.053Z 0: 

----------------------------------------------
2023-12-29T20:56:30.092Z 1: Discord starting: {"releaseChannel":"stable","version":"0.0.39"}, modulepath: /home/peter/.config/discord/0.0.39/modules
2023-12-29T20:56:30.099Z 2: ✅ webContents.created web1 ""
2023-12-29T20:56:30.107Z 3: ✅ window.created win1 "discord"
2023-12-29T20:56:30.642Z 4: ✅ webContents.did-finish-load web1
2023-12-29T20:56:37.656Z 5: ✅ webContents.created web2 ""
2023-12-29T20:56:37.669Z 6: ✅ window.created win2 "Discord"
2023-12-29T20:56:42.063Z 7: ✅ webContents.did-finish-load web2
2023-12-29T20:56:42.164Z 8: window.close win1
2023-12-29T20:56:42.171Z 9: webContents.destroyed web1
2023-12-29T20:56:42.172Z 10: window.closed win1
2023-12-29T20:59:27.592Z 11: window.close win2
2023-12-29T20:59:31.169Z 0: 

----------------------------------------------
2023-12-29T20:59:31.212Z 1: Discord starting: {"releaseChannel":"stable","version":"0.0.39"}, modulepath: /home/peter/.config/discord/0.0.39/modules
2023-12-29T20:59:54.385Z 12: window.close win2
2023-12-29T21:00:49.035Z 13: before-quit
2023-12-29T21:00:49.043Z 14: window.close win2
2023-12-29T21:00:49.061Z 15: webContents.destroyed web2
2023-12-29T21:00:49.073Z 16: window.closed win2
2023-12-29T21:00:53.621Z 0: 

----------------------------------------------
2023-12-29T21:00:53.663Z 1: Discord starting: {"releaseChannel":"stable","version":"0.0.39"}, modulepath: /home/peter/.config/discord/0.0.39/modules
2023-12-29T21:00:53.675Z 2: ✅ webContents.created web1 ""
2023-12-29T21:00:53.677Z 3: ✅ window.created win1 "discord"
2023-12-29T21:00:54.072Z 4: ✅ webContents.did-finish-load web1
2023-12-29T21:00:54.538Z 5: ✅ webContents.created web2 ""
2023-12-29T21:00:54.553Z 6: ✅ window.created win2 "Discord"
2023-12-29T21:00:59.258Z 7: ✅ webContents.did-finish-load web2
2023-12-29T21:00:59.359Z 8: window.close win1
2023-12-29T21:00:59.370Z 9: webContents.destroyed web1
2023-12-29T21:00:59.372Z 10: window.closed win1
2023-12-29T21:11:35.534Z 11: window.close win2
2023-12-29T21:11:38.626Z 12: before-quit
2023-12-30T17:16:58.700Z 0: 

----------------------------------------------
2023-12-30T17:16:58.724Z 1: Discord starting: {"releaseChannel":"stable","version":"0.0.39"}, modulepath: /home/peter/.config/discord/0.0.39/modules
2023-12-30T17:16:58.749Z 2: ✅ webContents.created web1 ""
2023-12-30T17:16:58.755Z 3: ✅ window.created win1 "discord"
2023-12-30T17:16:59.261Z 4: ✅ webContents.did-finish-load web1
2023-12-30T17:16:59.664Z 5: ✅ webContents.created web2 ""
2023-12-30T17:16:59.684Z 6: ✅ window.created win2 "Discord"
2023-12-30T17:17:05.202Z 7: ✅ webContents.did-finish-load web2
2023-12-30T17:17:05.302Z 8: window.close win1
2023-12-30T17:17:05.312Z 9: webContents.destroyed web1
2023-12-30T17:17:05.318Z 10: window.closed win1
2023-12-30T20:34:43.222Z 11: window.close win2
2023-12-30T23:54:21.249Z 12: before-quit
2024-01-04T17:17:52.330Z 0: 

----------------------------------------------
2024-01-04T17:17:52.358Z 1: Discord starting: {"releaseChannel":"stable","version":"0.0.39"}, modulepath: /home/peter/.config/discord/0.0.39/modules
2024-01-04T17:17:52.388Z 2: ✅ webContents.created web1 ""
2024-01-04T17:17:52.394Z 3: ✅ window.created win1 "discord"
2024-01-04T17:17:52.903Z 4: ✅ webContents.did-finish-load web1
2024-01-04T17:17:54.056Z 5: ✅ webContents.created web2 ""
2024-01-04T17:17:54.072Z 6: ✅ window.created win2 "Discord"
2024-01-04T17:17:58.665Z 7: ✅ webContents.did-finish-load web2
2024-01-04T17:17:58.766Z 8: window.close win1
2024-01-04T17:17:58.793Z 9: webContents.destroyed web1
2024-01-04T17:17:58.796Z 10: window.closed win1
2024-01-04T17:30:37.498Z 11: before-quit
2024-01-05T16:37:15.263Z 0: 

----------------------------------------------
2024-01-05T16:37:15.298Z 1: Discord starting: {"releaseChannel":"stable","version":"0.0.39"}, modulepath: /home/peter/.config/discord/0.0.39/modules
2024-01-05T16:37:15.337Z 2: ✅ webContents.created web1 ""
2024-01-05T16:37:15.345Z 3: ✅ window.created win1 "discord"
2024-01-05T16:37:15.877Z 4: ✅ webContents.did-finish-load web1
2024-01-05T16:37:16.271Z 5: ✅ webContents.created web2 ""
2024-01-05T16:37:16.290Z 6: ✅ window.created win2 "Discord"
2024-01-05T16:37:20.808Z 7: ✅ webContents.did-finish-load web2
2024-01-05T16:37:20.907Z 8: window.close win1
2024-01-05T16:37:20.915Z 9: webContents.destroyed web1
2024-01-05T16:37:20.917Z 10: window.closed win1
2024-01-05T22:12:14.337Z 11: window.close win2
2024-01-07T00:40:06.806Z 0: 

----------------------------------------------
2024-01-07T00:40:06.843Z 1: Discord starting: {"releaseChannel":"stable","version":"0.0.39"}, modulepath: /home/peter/.config/discord/0.0.39/modules
2024-01-07T00:40:06.878Z 2: ✅ webContents.created web1 ""
2024-01-07T00:40:06.885Z 3: ✅ window.created win1 "discord"
2024-01-07T00:40:07.418Z 4: ✅ webContents.did-finish-load web1
2024-01-07T00:40:08.081Z 5: ✅ webContents.created web2 ""
2024-01-07T00:40:08.104Z 6: ✅ window.created win2 "Discord"
2024-01-07T00:40:12.183Z 7: ✅ webContents.did-finish-load web2
2024-01-07T00:40:12.283Z 8: window.close win1
2024-01-07T00:40:12.303Z 9: webContents.destroyed web1
2024-01-07T00:40:12.306Z 10: window.closed win1
2024-01-07T01:45:14.072Z 11: window.close win2
2024-01-07T15:32:17.176Z 0: 

----------------------------------------------
2024-01-07T15:32:17.206Z 1: Discord starting: {"releaseChannel":"stable","version":"0.0.39"}, modulepath: /home/peter/.config/discord/0.0.39/modules
2024-01-07T15:32:17.235Z 2: ✅ webContents.created web1 ""
2024-01-07T15:32:17.243Z 3: ✅ window.created win1 "discord"
2024-01-07T15:32:17.747Z 4: ✅ webContents.did-finish-load web1
2024-01-07T15:32:18.136Z 5: ✅ webContents.created web2 ""
2024-01-07T15:32:18.153Z 6: ✅ window.created win2 "Discord"
2024-01-07T15:32:20.711Z 7: ✅ webContents.did-finish-load web2
2024-01-07T15:32:20.811Z 8: window.close win1
2024-01-07T15:32:20.818Z 9: webContents.destroyed web1
2024-01-07T15:32:20.820Z 10: window.closed win1
2024-01-07T17:40:34.706Z 11: before-quit
2024-01-07T17:40:34.718Z 12: window.close win2
2024-01-07T17:40:34.759Z 13: webContents.destroyed web2
2024-01-07T19:41:31.446Z 0: 

----------------------------------------------
2024-01-07T19:41:31.470Z 1: Discord starting: {"releaseChannel":"stable","version":"0.0.39"}, modulepath: /home/peter/.config/discord/0.0.39/modules
2024-01-07T19:41:31.516Z 2: ✅ webContents.created web1 ""
2024-01-07T19:41:31.522Z 3: ✅ window.created win1 "discord"
2024-01-07T19:41:31.908Z 4: ✅ webContents.did-finish-load web1
2024-01-07T19:41:32.290Z 5: ✅ webContents.created web2 ""
2024-01-07T19:41:32.310Z 6: ✅ window.created win2 "Discord"
2024-01-07T19:41:34.569Z 7: ✅ webContents.did-finish-load web2
2024-01-07T19:41:34.670Z 8: window.close win1
2024-01-07T19:41:34.680Z 9: webContents.destroyed web1
2024-01-07T19:41:34.682Z 10: window.closed win1
2024-01-07T20:21:28.561Z 11: window.close win2
2024-01-07T20:22:23.518Z 12: before-quit
