2023-10-31 16:35:00.577 [info] Log level: Info
2023-10-31 16:35:00.577 [info] Validating found git in: "git"
2023-10-31 16:35:00.577 [info] Using git "2.42.0" from "git"
2023-10-31 16:35:00.577 [info] > git rev-parse --show-toplevel [12ms]
2023-10-31 16:35:00.577 [info] > git rev-parse --git-dir --git-common-dir [1ms]
2023-10-31 16:35:00.577 [info] Open repository: /mnt/USB_Drive/peterpen/ist/aed/proj-and-test/proj
2023-10-31 16:35:00.577 [info] > git config --get commit.template [9ms]
2023-10-31 16:35:00.577 [info] > git rev-parse --show-toplevel [4ms]
2023-10-31 16:35:00.577 [info] > git for-each-ref --format=%(refname)%00%(upstream:short)%00%(objectname)%00%(upstream:track)%00%(upstream:remotename)%00%(upstream:remoteref) refs/heads/fuck refs/remotes/fuck [14ms]
2023-10-31 16:35:00.577 [info] > git status -z -uall [21ms]
2023-10-31 16:35:00.577 [info] > git config --get commit.template [8ms]
2023-10-31 16:35:00.577 [info] > git for-each-ref --format=%(refname)%00%(upstream:short)%00%(objectname)%00%(upstream:track)%00%(upstream:remotename)%00%(upstream:remoteref) refs/heads/fuck refs/remotes/fuck [8ms]
2023-10-31 16:35:00.581 [info] > git status -z -uall [5ms]
2023-10-31 16:35:01.327 [info] > git check-ignore -v -z --stdin [3ms]
2023-10-31 16:35:01.738 [info] > git fetch [1332ms]
2023-10-31 16:35:01.738 [info] Missing or invalid credentials.
Skip silent fetch commands
git@github.com: Permission denied (publickey).
fatal: Could not read from remote repository.

Please make sure you have the correct access rights
and the repository exists.
2023-10-31 16:35:01.777 [info] > git config --get commit.template [29ms]
2023-10-31 16:35:01.793 [info] > git for-each-ref --format=%(refname)%00%(upstream:short)%00%(objectname)%00%(upstream:track)%00%(upstream:remotename)%00%(upstream:remoteref) refs/heads/fuck refs/remotes/fuck [7ms]
2023-10-31 16:35:01.806 [info] > git status -z -uall [4ms]
2023-10-31 16:35:45.363 [info] Log level: Info
2023-10-31 16:35:45.363 [info] Validating found git in: "git"
2023-10-31 16:35:45.363 [info] Using git "2.42.0" from "git"
2023-10-31 16:35:45.363 [info] > git rev-parse --show-toplevel [9ms]
2023-10-31 16:35:45.363 [info] fatal: not a git repository (or any parent up to mount point /)
Stopping at filesystem boundary (GIT_DISCOVERY_ACROSS_FILESYSTEM not set).
2023-10-31 16:35:52.648 [info] > git rev-parse --show-toplevel [2ms]
2023-10-31 16:35:52.648 [info] fatal: not a git repository (or any parent up to mount point /)
Stopping at filesystem boundary (GIT_DISCOVERY_ACROSS_FILESYSTEM not set).
2023-10-31 16:35:53.159 [info] > git rev-parse --show-toplevel [2ms]
2023-10-31 16:35:53.159 [info] fatal: not a git repository (or any parent up to mount point /)
Stopping at filesystem boundary (GIT_DISCOVERY_ACROSS_FILESYSTEM not set).
2023-10-31 16:35:53.476 [info] > git rev-parse --show-toplevel [7ms]
2023-10-31 16:35:53.476 [info] fatal: not a git repository (or any parent up to mount point /)
Stopping at filesystem boundary (GIT_DISCOVERY_ACROSS_FILESYSTEM not set).
2023-10-31 16:52:56.410 [info] > git rev-parse --show-toplevel [5ms]
2023-10-31 16:52:56.410 [info] fatal: not a git repository (or any parent up to mount point /)
Stopping at filesystem boundary (GIT_DISCOVERY_ACROSS_FILESYSTEM not set).
2023-10-31 16:53:00.443 [info] > git rev-parse --show-toplevel [5ms]
2023-10-31 16:53:00.443 [info] fatal: not a git repository (or any parent up to mount point /)
Stopping at filesystem boundary (GIT_DISCOVERY_ACROSS_FILESYSTEM not set).
